{"/Users/aronprice/Dev/pay-theory/pay-theory-ui/src/index.js": {"path":"/Users/aronprice/Dev/pay-theory/pay-theory-ui/src/index.js","statementMap":{},"fnMap":{},"branchMap":{},"s":{},"f":{},"b":{},"hash":"789ff832f91c6f979f3bc659c5d9f3283f2e7a04"}
,"/Users/aronprice/Dev/pay-theory/pay-theory-ui/src/admin/index.js": {"path":"/Users/aronprice/Dev/pay-theory/pay-theory-ui/src/admin/index.js","statementMap":{},"fnMap":{},"branchMap":{},"s":{},"f":{},"b":{},"hash":"b674d9479cf6e7ad644094abd3f2f7e610366d3f"}
,"/Users/aronprice/Dev/pay-theory/pay-theory-ui/src/admin/AccountCodeBar/index.js": {"path":"/Users/aronprice/Dev/pay-theory/pay-theory-ui/src/admin/AccountCodeBar/index.js","statementMap":{"0":{"start":{"line":8,"column":22},"end":{"line":15,"column":1}},"1":{"start":{"line":17,"column":23},"end":{"line":133,"column":1}},"2":{"start":{"line":18,"column":42},"end":{"line":18,"column":65}},"3":{"start":{"line":19,"column":21},"end":{"line":23,"column":5}},"4":{"start":{"line":20,"column":23},"end":{"line":20,"column":41}},"5":{"start":{"line":21,"column":8},"end":{"line":21,"column":54}},"6":{"start":{"line":22,"column":8},"end":{"line":22,"column":30}},"7":{"start":{"line":24,"column":4},"end":{"line":132,"column":5}},"8":{"start":{"line":109,"column":20},"end":{"line":109,"column":52}},"9":{"start":{"line":135,"column":0},"end":{"line":137,"column":1}}},"fnMap":{"0":{"name":"(anonymous_0)","decl":{"start":{"line":17,"column":23},"end":{"line":17,"column":24}},"loc":{"start":{"line":17,"column":34},"end":{"line":133,"column":1}},"line":17},"1":{"name":"(anonymous_1)","decl":{"start":{"line":19,"column":21},"end":{"line":19,"column":22}},"loc":{"start":{"line":19,"column":32},"end":{"line":23,"column":5}},"line":19},"2":{"name":"(anonymous_2)","decl":{"start":{"line":108,"column":25},"end":{"line":108,"column":26}},"loc":{"start":{"line":108,"column":32},"end":{"line":110,"column":17}},"line":108}},"branchMap":{},"s":{"0":1,"1":1,"2":2,"3":2,"4":1,"5":1,"6":1,"7":2,"8":1,"9":1},"f":{"0":2,"1":1,"2":1},"b":{},"_coverageSchema":"43e27e138ebf9cfc5966b082cf9a028302ed4184","hash":"e71b5c43704e8229ae837bbb93a7008256ca6c08"}
,"/Users/aronprice/Dev/pay-theory/pay-theory-ui/src/admin/AccountOverview/index.js": {"path":"/Users/aronprice/Dev/pay-theory/pay-theory-ui/src/admin/AccountOverview/index.js","statementMap":{"0":{"start":{"line":8,"column":24},"end":{"line":119,"column":1}},"1":{"start":{"line":9,"column":4},"end":{"line":118,"column":5}},"2":{"start":{"line":12,"column":16},"end":{"line":115,"column":17}},"3":{"start":{"line":68,"column":48},"end":{"line":68,"column":73}},"4":{"start":{"line":121,"column":0},"end":{"line":124,"column":1}}},"fnMap":{"0":{"name":"(anonymous_0)","decl":{"start":{"line":8,"column":24},"end":{"line":8,"column":25}},"loc":{"start":{"line":8,"column":35},"end":{"line":119,"column":1}},"line":8},"1":{"name":"(anonymous_1)","decl":{"start":{"line":11,"column":13},"end":{"line":11,"column":14}},"loc":{"start":{"line":11,"column":25},"end":{"line":116,"column":13}},"line":11},"2":{"name":"(anonymous_2)","decl":{"start":{"line":67,"column":53},"end":{"line":67,"column":54}},"loc":{"start":{"line":68,"column":48},"end":{"line":68,"column":73}},"line":68}},"branchMap":{},"s":{"0":1,"1":1,"2":1,"3":1,"4":1},"f":{"0":1,"1":1,"2":1},"b":{},"_coverageSchema":"43e27e138ebf9cfc5966b082cf9a028302ed4184","hash":"c5a304d5b6d10c620d84267a2b6f2d3b3f1df829"}
,"/Users/aronprice/Dev/pay-theory/pay-theory-ui/src/admin/AccountOverviewCard/index.jsx": {"path":"/Users/aronprice/Dev/pay-theory/pay-theory-ui/src/admin/AccountOverviewCard/index.jsx","statementMap":{"0":{"start":{"line":4,"column":28},"end":{"line":147,"column":1}},"1":{"start":{"line":5,"column":34},"end":{"line":11,"column":6}},"2":{"start":{"line":13,"column":4},"end":{"line":146,"column":5}},"3":{"start":{"line":16,"column":16},"end":{"line":18,"column":17}},"4":{"start":{"line":17,"column":20},"end":{"line":17,"column":38}},"5":{"start":{"line":19,"column":16},"end":{"line":143,"column":17}}},"fnMap":{"0":{"name":"(anonymous_0)","decl":{"start":{"line":4,"column":28},"end":{"line":4,"column":29}},"loc":{"start":{"line":4,"column":39},"end":{"line":147,"column":1}},"line":4},"1":{"name":"(anonymous_1)","decl":{"start":{"line":15,"column":13},"end":{"line":15,"column":14}},"loc":{"start":{"line":15,"column":25},"end":{"line":144,"column":13}},"line":15}},"branchMap":{"0":{"loc":{"start":{"line":16,"column":16},"end":{"line":18,"column":17}},"type":"if","locations":[{"start":{"line":16,"column":16},"end":{"line":18,"column":17}},{"start":{"line":16,"column":16},"end":{"line":18,"column":17}}],"line":16}},"s":{"0":1,"1":3,"2":3,"3":2,"4":2,"5":2},"f":{"0":3,"1":2},"b":{"0":[2,0]},"_coverageSchema":"43e27e138ebf9cfc5966b082cf9a028302ed4184","hash":"fb243a5b41d0f39afadf1fefe431a5d0139c549c"}
,"/Users/aronprice/Dev/pay-theory/pay-theory-ui/src/admin/AccountTable/index.jsx": {"path":"/Users/aronprice/Dev/pay-theory/pay-theory-ui/src/admin/AccountTable/index.jsx","statementMap":{"0":{"start":{"line":12,"column":21},"end":{"line":47,"column":1}},"1":{"start":{"line":13,"column":4},"end":{"line":46,"column":5}},"2":{"start":{"line":16,"column":16},"end":{"line":43,"column":17}},"3":{"start":{"line":49,"column":0},"end":{"line":52,"column":1}}},"fnMap":{"0":{"name":"(anonymous_0)","decl":{"start":{"line":12,"column":21},"end":{"line":12,"column":22}},"loc":{"start":{"line":12,"column":32},"end":{"line":47,"column":1}},"line":12},"1":{"name":"(anonymous_1)","decl":{"start":{"line":15,"column":13},"end":{"line":15,"column":14}},"loc":{"start":{"line":15,"column":27},"end":{"line":44,"column":13}},"line":15}},"branchMap":{},"s":{"0":1,"1":1,"2":1,"3":1},"f":{"0":1,"1":1},"b":{},"_coverageSchema":"43e27e138ebf9cfc5966b082cf9a028302ed4184","hash":"457238efa37060d7168000f82f5463c833b25ecd"}
,"/Users/aronprice/Dev/pay-theory/pay-theory-ui/src/admin/AccountsTab/index.jsx": {"path":"/Users/aronprice/Dev/pay-theory/pay-theory-ui/src/admin/AccountsTab/index.jsx","statementMap":{"0":{"start":{"line":13,"column":20},"end":{"line":58,"column":1}},"1":{"start":{"line":14,"column":4},"end":{"line":57,"column":43}},"2":{"start":{"line":16,"column":12},"end":{"line":55,"column":13}},"3":{"start":{"line":60,"column":0},"end":{"line":65,"column":1}}},"fnMap":{"0":{"name":"(anonymous_0)","decl":{"start":{"line":13,"column":20},"end":{"line":13,"column":21}},"loc":{"start":{"line":14,"column":4},"end":{"line":57,"column":43}},"line":14},"1":{"name":"(anonymous_1)","decl":{"start":{"line":15,"column":9},"end":{"line":15,"column":10}},"loc":{"start":{"line":15,"column":23},"end":{"line":56,"column":9}},"line":15}},"branchMap":{},"s":{"0":1,"1":1,"2":1,"3":1},"f":{"0":1,"1":1},"b":{},"_coverageSchema":"43e27e138ebf9cfc5966b082cf9a028302ed4184","hash":"c7d5f8e1c4071735b51cb7938636cf5c1c798939"}
,"/Users/aronprice/Dev/pay-theory/pay-theory-ui/src/admin/AdminPortal/index.js": {"path":"/Users/aronprice/Dev/pay-theory/pay-theory-ui/src/admin/AdminPortal/index.js","statementMap":{"0":{"start":{"line":11,"column":20},"end":{"line":55,"column":1}},"1":{"start":{"line":12,"column":40},"end":{"line":12,"column":50}},"2":{"start":{"line":14,"column":21},"end":{"line":14,"column":35}},"3":{"start":{"line":16,"column":32},"end":{"line":16,"column":47}},"4":{"start":{"line":17,"column":38},"end":{"line":17,"column":53}},"5":{"start":{"line":19,"column":4},"end":{"line":23,"column":10}},"6":{"start":{"line":20,"column":8},"end":{"line":22,"column":27}},"7":{"start":{"line":21,"column":12},"end":{"line":21,"column":27}},"8":{"start":{"line":25,"column":4},"end":{"line":29,"column":25}},"9":{"start":{"line":26,"column":8},"end":{"line":28,"column":9}},"10":{"start":{"line":27,"column":12},"end":{"line":27,"column":55}},"11":{"start":{"line":31,"column":4},"end":{"line":54,"column":5}},"12":{"start":{"line":39,"column":32},"end":{"line":39,"column":40}},"13":{"start":{"line":58,"column":0},"end":{"line":62,"column":1}},"14":{"start":{"line":64,"column":0},"end":{"line":66,"column":1}},"15":{"start":{"line":65,"column":29},"end":{"line":65,"column":67}}},"fnMap":{"0":{"name":"(anonymous_0)","decl":{"start":{"line":11,"column":20},"end":{"line":11,"column":21}},"loc":{"start":{"line":11,"column":78},"end":{"line":55,"column":1}},"line":11},"1":{"name":"(anonymous_1)","decl":{"start":{"line":19,"column":14},"end":{"line":19,"column":15}},"loc":{"start":{"line":19,"column":20},"end":{"line":23,"column":5}},"line":19},"2":{"name":"(anonymous_2)","decl":{"start":{"line":20,"column":19},"end":{"line":20,"column":20}},"loc":{"start":{"line":20,"column":25},"end":{"line":22,"column":9}},"line":20},"3":{"name":"(anonymous_3)","decl":{"start":{"line":25,"column":14},"end":{"line":25,"column":15}},"loc":{"start":{"line":25,"column":20},"end":{"line":29,"column":5}},"line":25},"4":{"name":"(anonymous_4)","decl":{"start":{"line":38,"column":36},"end":{"line":38,"column":37}},"loc":{"start":{"line":38,"column":42},"end":{"line":40,"column":29}},"line":38},"5":{"name":"(anonymous_5)","decl":{"start":{"line":65,"column":23},"end":{"line":65,"column":24}},"loc":{"start":{"line":65,"column":29},"end":{"line":65,"column":67}},"line":65}},"branchMap":{"0":{"loc":{"start":{"line":26,"column":8},"end":{"line":28,"column":9}},"type":"if","locations":[{"start":{"line":26,"column":8},"end":{"line":28,"column":9}},{"start":{"line":26,"column":8},"end":{"line":28,"column":9}}],"line":26}},"s":{"0":0,"1":0,"2":0,"3":0,"4":0,"5":0,"6":0,"7":0,"8":0,"9":0,"10":0,"11":0,"12":0,"13":0,"14":0,"15":0},"f":{"0":0,"1":0,"2":0,"3":0,"4":0,"5":0},"b":{"0":[0,0]},"hash":"94b7c4316c2e8a89010b0a59e2146f73660014cd"}
,"/Users/aronprice/Dev/pay-theory/pay-theory-ui/src/admin/ConnectionColumn/index.jsx": {"path":"/Users/aronprice/Dev/pay-theory/pay-theory-ui/src/admin/ConnectionColumn/index.jsx","statementMap":{"0":{"start":{"line":4,"column":25},"end":{"line":167,"column":1}},"1":{"start":{"line":5,"column":24},"end":{"line":5,"column":74}},"2":{"start":{"line":6,"column":23},"end":{"line":6,"column":62}},"3":{"start":{"line":7,"column":21},"end":{"line":13,"column":5}},"4":{"start":{"line":8,"column":8},"end":{"line":12,"column":9}},"5":{"start":{"line":9,"column":12},"end":{"line":9,"column":44}},"6":{"start":{"line":11,"column":12},"end":{"line":11,"column":69}},"7":{"start":{"line":14,"column":23},"end":{"line":18,"column":5}},"8":{"start":{"line":19,"column":4},"end":{"line":166,"column":5}},"9":{"start":{"line":169,"column":0},"end":{"line":177,"column":1}}},"fnMap":{"0":{"name":"(anonymous_0)","decl":{"start":{"line":4,"column":25},"end":{"line":4,"column":26}},"loc":{"start":{"line":4,"column":36},"end":{"line":167,"column":1}},"line":4},"1":{"name":"(anonymous_1)","decl":{"start":{"line":7,"column":21},"end":{"line":7,"column":22}},"loc":{"start":{"line":7,"column":27},"end":{"line":13,"column":5}},"line":7}},"branchMap":{"0":{"loc":{"start":{"line":5,"column":24},"end":{"line":5,"column":74}},"type":"cond-expr","locations":[{"start":{"line":5,"column":42},"end":{"line":5,"column":55}},{"start":{"line":5,"column":58},"end":{"line":5,"column":74}}],"line":5},"1":{"loc":{"start":{"line":6,"column":23},"end":{"line":6,"column":62}},"type":"cond-expr","locations":[{"start":{"line":6,"column":41},"end":{"line":6,"column":52}},{"start":{"line":6,"column":55},"end":{"line":6,"column":62}}],"line":6},"2":{"loc":{"start":{"line":8,"column":8},"end":{"line":12,"column":9}},"type":"if","locations":[{"start":{"line":8,"column":8},"end":{"line":12,"column":9}},{"start":{"line":8,"column":8},"end":{"line":12,"column":9}}],"line":8},"3":{"loc":{"start":{"line":14,"column":23},"end":{"line":18,"column":5}},"type":"cond-expr","locations":[{"start":{"line":15,"column":8},"end":{"line":15,"column":57}},{"start":{"line":17,"column":8},"end":{"line":17,"column":10}}],"line":14}},"s":{"0":1,"1":3,"2":3,"3":3,"4":2,"5":1,"6":1,"7":3,"8":3,"9":1},"f":{"0":3,"1":2},"b":{"0":[1,2],"1":[1,2],"2":[1,1],"3":[1,2]},"_coverageSchema":"43e27e138ebf9cfc5966b082cf9a028302ed4184","hash":"6ed5983b9a1515acfa9610b6dd71c674dc6397e2"}
,"/Users/aronprice/Dev/pay-theory/pay-theory-ui/src/admin/ConnectionEntry/index.js": {"path":"/Users/aronprice/Dev/pay-theory/pay-theory-ui/src/admin/ConnectionEntry/index.js","statementMap":{},"fnMap":{},"branchMap":{},"s":{},"f":{},"b":{},"_coverageSchema":"43e27e138ebf9cfc5966b082cf9a028302ed4184","hash":"6ed75bde8f626d4eed63595562b982823d10df61"}
,"/Users/aronprice/Dev/pay-theory/pay-theory-ui/src/admin/ConnectionEntry/children/Merchant.jsx": {"path":"/Users/aronprice/Dev/pay-theory/pay-theory-ui/src/admin/ConnectionEntry/children/Merchant.jsx","statementMap":{"0":{"start":{"line":8,"column":13},"end":{"line":53,"column":1}},"1":{"start":{"line":9,"column":4},"end":{"line":52,"column":11}},"2":{"start":{"line":55,"column":0},"end":{"line":60,"column":1}}},"fnMap":{"0":{"name":"(anonymous_0)","decl":{"start":{"line":8,"column":13},"end":{"line":8,"column":14}},"loc":{"start":{"line":9,"column":4},"end":{"line":52,"column":11}},"line":9}},"branchMap":{"0":{"loc":{"start":{"line":39,"column":9},"end":{"line":39,"column":55}},"type":"cond-expr","locations":[{"start":{"line":39,"column":31},"end":{"line":39,"column":50}},{"start":{"line":39,"column":53},"end":{"line":39,"column":55}}],"line":39}},"s":{"0":1,"1":2,"2":1},"f":{"0":2},"b":{"0":[1,1]},"_coverageSchema":"43e27e138ebf9cfc5966b082cf9a028302ed4184","hash":"782e96baf1c98054bfcb6a181a7fdb468a0b5a83"}
,"/Users/aronprice/Dev/pay-theory/pay-theory-ui/src/admin/ConnectionEntry/children/Usas.jsx": {"path":"/Users/aronprice/Dev/pay-theory/pay-theory-ui/src/admin/ConnectionEntry/children/Usas.jsx","statementMap":{"0":{"start":{"line":9,"column":13},"end":{"line":76,"column":1}},"1":{"start":{"line":10,"column":4},"end":{"line":75,"column":11}},"2":{"start":{"line":78,"column":0},"end":{"line":83,"column":1}}},"fnMap":{"0":{"name":"(anonymous_0)","decl":{"start":{"line":9,"column":13},"end":{"line":9,"column":14}},"loc":{"start":{"line":10,"column":4},"end":{"line":75,"column":11}},"line":10}},"branchMap":{"0":{"loc":{"start":{"line":53,"column":9},"end":{"line":53,"column":55}},"type":"cond-expr","locations":[{"start":{"line":53,"column":31},"end":{"line":53,"column":50}},{"start":{"line":53,"column":53},"end":{"line":53,"column":55}}],"line":53}},"s":{"0":1,"1":2,"2":1},"f":{"0":2},"b":{"0":[1,1]},"_coverageSchema":"43e27e138ebf9cfc5966b082cf9a028302ed4184","hash":"b7d5fac2158f4e930ef51587ffab44bb81accb7a"}
,"/Users/aronprice/Dev/pay-theory/pay-theory-ui/src/admin/DistrictInfoTab/index.jsx": {"path":"/Users/aronprice/Dev/pay-theory/pay-theory-ui/src/admin/DistrictInfoTab/index.jsx","statementMap":{"0":{"start":{"line":12,"column":22},"end":{"line":25,"column":1}},"1":{"start":{"line":27,"column":24},"end":{"line":241,"column":1}},"2":{"start":{"line":28,"column":30},"end":{"line":28,"column":53}},"3":{"start":{"line":29,"column":32},"end":{"line":29,"column":47}},"4":{"start":{"line":30,"column":21},"end":{"line":38,"column":5}},"5":{"start":{"line":31,"column":8},"end":{"line":31,"column":30}},"6":{"start":{"line":32,"column":24},"end":{"line":32,"column":36}},"7":{"start":{"line":33,"column":8},"end":{"line":36,"column":36}},"8":{"start":{"line":37,"column":8},"end":{"line":37,"column":25}},"9":{"start":{"line":40,"column":21},"end":{"line":47,"column":5}},"10":{"start":{"line":41,"column":8},"end":{"line":41,"column":22}},"11":{"start":{"line":42,"column":8},"end":{"line":46,"column":9}},"12":{"start":{"line":49,"column":4},"end":{"line":240,"column":5}},"13":{"start":{"line":52,"column":16},"end":{"line":55,"column":17}},"14":{"start":{"line":53,"column":20},"end":{"line":53,"column":35}},"15":{"start":{"line":54,"column":20},"end":{"line":54,"column":51}},"16":{"start":{"line":57,"column":16},"end":{"line":237,"column":17}},"17":{"start":{"line":219,"column":36},"end":{"line":230,"column":37}},"18":{"start":{"line":223,"column":40},"end":{"line":223,"column":65}},"19":{"start":{"line":224,"column":43},"end":{"line":230,"column":37}},"20":{"start":{"line":227,"column":40},"end":{"line":227,"column":70}},"21":{"start":{"line":229,"column":40},"end":{"line":229,"column":70}},"22":{"start":{"line":243,"column":0},"end":{"line":246,"column":1}}},"fnMap":{"0":{"name":"(anonymous_0)","decl":{"start":{"line":27,"column":24},"end":{"line":27,"column":25}},"loc":{"start":{"line":27,"column":35},"end":{"line":241,"column":1}},"line":27},"1":{"name":"(anonymous_1)","decl":{"start":{"line":30,"column":21},"end":{"line":30,"column":22}},"loc":{"start":{"line":30,"column":32},"end":{"line":38,"column":5}},"line":30},"2":{"name":"(anonymous_2)","decl":{"start":{"line":40,"column":21},"end":{"line":40,"column":22}},"loc":{"start":{"line":40,"column":34},"end":{"line":47,"column":5}},"line":40},"3":{"name":"(anonymous_3)","decl":{"start":{"line":43,"column":37},"end":{"line":43,"column":38}},"loc":{"start":{"line":43,"column":70},"end":{"line":45,"column":13}},"line":43},"4":{"name":"(anonymous_4)","decl":{"start":{"line":51,"column":13},"end":{"line":51,"column":14}},"loc":{"start":{"line":51,"column":27},"end":{"line":238,"column":13}},"line":51},"5":{"name":"(anonymous_5)","decl":{"start":{"line":218,"column":41},"end":{"line":218,"column":42}},"loc":{"start":{"line":218,"column":48},"end":{"line":231,"column":33}},"line":218}},"branchMap":{"0":{"loc":{"start":{"line":34,"column":12},"end":{"line":36,"column":36}},"type":"cond-expr","locations":[{"start":{"line":35,"column":18},"end":{"line":35,"column":49}},{"start":{"line":36,"column":18},"end":{"line":36,"column":36}}],"line":34},"1":{"loc":{"start":{"line":52,"column":16},"end":{"line":55,"column":17}},"type":"if","locations":[{"start":{"line":52,"column":16},"end":{"line":55,"column":17}},{"start":{"line":52,"column":16},"end":{"line":55,"column":17}}],"line":52},"2":{"loc":{"start":{"line":52,"column":20},"end":{"line":52,"column":52}},"type":"binary-expr","locations":[{"start":{"line":52,"column":20},"end":{"line":52,"column":27}},{"start":{"line":52,"column":31},"end":{"line":52,"column":52}}],"line":52},"3":{"loc":{"start":{"line":219,"column":36},"end":{"line":230,"column":37}},"type":"if","locations":[{"start":{"line":219,"column":36},"end":{"line":230,"column":37}},{"start":{"line":219,"column":36},"end":{"line":230,"column":37}}],"line":219},"4":{"loc":{"start":{"line":220,"column":40},"end":{"line":221,"column":72}},"type":"binary-expr","locations":[{"start":{"line":220,"column":40},"end":{"line":220,"column":72}},{"start":{"line":221,"column":40},"end":{"line":221,"column":72}}],"line":220},"5":{"loc":{"start":{"line":224,"column":43},"end":{"line":230,"column":37}},"type":"if","locations":[{"start":{"line":224,"column":43},"end":{"line":230,"column":37}},{"start":{"line":224,"column":43},"end":{"line":230,"column":37}}],"line":224}},"s":{"0":1,"1":1,"2":8,"3":8,"4":8,"5":2,"6":2,"7":2,"8":2,"9":8,"10":2,"11":2,"12":8,"13":8,"14":3,"15":3,"16":8,"17":3,"18":1,"19":2,"20":1,"21":1,"22":1},"f":{"0":8,"1":2,"2":2,"3":0,"4":8,"5":3},"b":{"0":[1,1],"1":[3,5],"2":[8,3],"3":[1,2],"4":[3,2],"5":[1,1]},"_coverageSchema":"43e27e138ebf9cfc5966b082cf9a028302ed4184","hash":"2b1c1777ce3a69e94b1c3198c77fd9b1728ff5da"}
,"/Users/aronprice/Dev/pay-theory/pay-theory-ui/src/admin/DistrictOverviewCard/index.jsx": {"path":"/Users/aronprice/Dev/pay-theory/pay-theory-ui/src/admin/DistrictOverviewCard/index.jsx","statementMap":{"0":{"start":{"line":5,"column":29},"end":{"line":117,"column":1}},"1":{"start":{"line":6,"column":4},"end":{"line":116,"column":43}},"2":{"start":{"line":8,"column":25},"end":{"line":8,"column":218}},"3":{"start":{"line":9,"column":12},"end":{"line":114,"column":13}}},"fnMap":{"0":{"name":"(anonymous_0)","decl":{"start":{"line":5,"column":29},"end":{"line":5,"column":30}},"loc":{"start":{"line":6,"column":4},"end":{"line":116,"column":43}},"line":6},"1":{"name":"(anonymous_1)","decl":{"start":{"line":7,"column":9},"end":{"line":7,"column":10}},"loc":{"start":{"line":7,"column":23},"end":{"line":115,"column":9}},"line":7}},"branchMap":{},"s":{"0":1,"1":1,"2":1,"3":1},"f":{"0":1,"1":1},"b":{},"_coverageSchema":"43e27e138ebf9cfc5966b082cf9a028302ed4184","hash":"c71f56488f66e65b1e7048844190d3cd031a6608"}
,"/Users/aronprice/Dev/pay-theory/pay-theory-ui/src/admin/DistrictTable/index.jsx": {"path":"/Users/aronprice/Dev/pay-theory/pay-theory-ui/src/admin/DistrictTable/index.jsx","statementMap":{"0":{"start":{"line":8,"column":22},"end":{"line":82,"column":1}},"1":{"start":{"line":9,"column":4},"end":{"line":81,"column":5}},"2":{"start":{"line":12,"column":45},"end":{"line":14,"column":17}},"3":{"start":{"line":13,"column":20},"end":{"line":13,"column":78}},"4":{"start":{"line":15,"column":42},"end":{"line":37,"column":17}},"5":{"start":{"line":16,"column":20},"end":{"line":36,"column":22}},"6":{"start":{"line":17,"column":24},"end":{"line":35,"column":25}},"7":{"start":{"line":26,"column":32},"end":{"line":29,"column":33}},"8":{"start":{"line":31,"column":32},"end":{"line":34,"column":33}},"9":{"start":{"line":38,"column":16},"end":{"line":78,"column":17}},"10":{"start":{"line":84,"column":0},"end":{"line":87,"column":1}}},"fnMap":{"0":{"name":"(anonymous_0)","decl":{"start":{"line":8,"column":22},"end":{"line":8,"column":23}},"loc":{"start":{"line":8,"column":33},"end":{"line":82,"column":1}},"line":8},"1":{"name":"(anonymous_1)","decl":{"start":{"line":11,"column":13},"end":{"line":11,"column":14}},"loc":{"start":{"line":11,"column":28},"end":{"line":79,"column":13}},"line":11},"2":{"name":"(anonymous_2)","decl":{"start":{"line":12,"column":45},"end":{"line":12,"column":46}},"loc":{"start":{"line":12,"column":51},"end":{"line":14,"column":17}},"line":12},"3":{"name":"(anonymous_3)","decl":{"start":{"line":15,"column":42},"end":{"line":15,"column":43}},"loc":{"start":{"line":15,"column":57},"end":{"line":37,"column":17}},"line":15},"4":{"name":"(anonymous_4)","decl":{"start":{"line":16,"column":41},"end":{"line":16,"column":42}},"loc":{"start":{"line":16,"column":54},"end":{"line":36,"column":21}},"line":16},"5":{"name":"(anonymous_5)","decl":{"start":{"line":25,"column":34},"end":{"line":25,"column":35}},"loc":{"start":{"line":26,"column":32},"end":{"line":29,"column":33}},"line":26},"6":{"name":"(anonymous_6)","decl":{"start":{"line":30,"column":36},"end":{"line":30,"column":37}},"loc":{"start":{"line":31,"column":32},"end":{"line":34,"column":33}},"line":31}},"branchMap":{"0":{"loc":{"start":{"line":40,"column":25},"end":{"line":49,"column":25}},"type":"cond-expr","locations":[{"start":{"line":41,"column":28},"end":{"line":46,"column":30}},{"start":{"line":48,"column":28},"end":{"line":48,"column":55}}],"line":40}},"s":{"0":1,"1":2,"2":2,"3":1,"4":2,"5":1,"6":2,"7":1,"8":1,"9":2,"10":1},"f":{"0":2,"1":2,"2":1,"3":1,"4":2,"5":1,"6":1},"b":{"0":[1,1]},"_coverageSchema":"43e27e138ebf9cfc5966b082cf9a028302ed4184","hash":"6edbf4ca44c09af484bfa0f568b87c5532885298"}
,"/Users/aronprice/Dev/pay-theory/pay-theory-ui/src/admin/DonationItemEntry/index.jsx": {"path":"/Users/aronprice/Dev/pay-theory/pay-theory-ui/src/admin/DonationItemEntry/index.jsx","statementMap":{"0":{"start":{"line":8,"column":26},"end":{"line":37,"column":1}},"1":{"start":{"line":9,"column":46},"end":{"line":9,"column":63}},"2":{"start":{"line":10,"column":23},"end":{"line":16,"column":5}},"3":{"start":{"line":11,"column":8},"end":{"line":15,"column":9}},"4":{"start":{"line":13,"column":16},"end":{"line":13,"column":77}},"5":{"start":{"line":17,"column":4},"end":{"line":36,"column":5}},"6":{"start":{"line":39,"column":0},"end":{"line":41,"column":1}}},"fnMap":{"0":{"name":"(anonymous_0)","decl":{"start":{"line":8,"column":26},"end":{"line":8,"column":27}},"loc":{"start":{"line":8,"column":37},"end":{"line":37,"column":1}},"line":8},"1":{"name":"(anonymous_1)","decl":{"start":{"line":10,"column":23},"end":{"line":10,"column":24}},"loc":{"start":{"line":10,"column":29},"end":{"line":16,"column":5}},"line":10},"2":{"name":"(anonymous_2)","decl":{"start":{"line":12,"column":54},"end":{"line":12,"column":55}},"loc":{"start":{"line":12,"column":60},"end":{"line":14,"column":13}},"line":12}},"branchMap":{},"s":{"0":1,"1":5,"2":5,"3":1,"4":0,"5":5,"6":1},"f":{"0":5,"1":1,"2":0},"b":{},"_coverageSchema":"43e27e138ebf9cfc5966b082cf9a028302ed4184","hash":"7fa0ecd57aeac472c32f64a8cecf4725b288b410"}
,"/Users/aronprice/Dev/pay-theory/pay-theory-ui/src/admin/DonationItemEntry/children/BasicInfo.jsx": {"path":"/Users/aronprice/Dev/pay-theory/pay-theory-ui/src/admin/DonationItemEntry/children/BasicInfo.jsx","statementMap":{"0":{"start":{"line":14,"column":18},"end":{"line":129,"column":1}},"1":{"start":{"line":15,"column":4},"end":{"line":128,"column":5}},"2":{"start":{"line":18,"column":16},"end":{"line":125,"column":17}},"3":{"start":{"line":21,"column":28},"end":{"line":122,"column":29}},"4":{"start":{"line":24,"column":60},"end":{"line":24,"column":147}},"5":{"start":{"line":26,"column":57},"end":{"line":38,"column":41}},"6":{"start":{"line":27,"column":64},"end":{"line":29,"column":45}},"7":{"start":{"line":30,"column":44},"end":{"line":36,"column":72}},"8":{"start":{"line":37,"column":44},"end":{"line":37,"column":76}},"9":{"start":{"line":39,"column":55},"end":{"line":52,"column":41}},"10":{"start":{"line":40,"column":64},"end":{"line":42,"column":45}},"11":{"start":{"line":43,"column":44},"end":{"line":50,"column":72}},"12":{"start":{"line":51,"column":44},"end":{"line":51,"column":76}},"13":{"start":{"line":53,"column":40},"end":{"line":119,"column":41}},"14":{"start":{"line":131,"column":0},"end":{"line":134,"column":1}}},"fnMap":{"0":{"name":"(anonymous_0)","decl":{"start":{"line":14,"column":18},"end":{"line":14,"column":19}},"loc":{"start":{"line":14,"column":29},"end":{"line":129,"column":1}},"line":14},"1":{"name":"(anonymous_1)","decl":{"start":{"line":17,"column":13},"end":{"line":17,"column":14}},"loc":{"start":{"line":17,"column":31},"end":{"line":126,"column":13}},"line":17},"2":{"name":"(anonymous_2)","decl":{"start":{"line":20,"column":25},"end":{"line":20,"column":26}},"loc":{"start":{"line":20,"column":43},"end":{"line":123,"column":25}},"line":20},"3":{"name":"(anonymous_3)","decl":{"start":{"line":23,"column":37},"end":{"line":23,"column":38}},"loc":{"start":{"line":23,"column":54},"end":{"line":120,"column":37}},"line":23},"4":{"name":"(anonymous_4)","decl":{"start":{"line":26,"column":57},"end":{"line":26,"column":58}},"loc":{"start":{"line":26,"column":68},"end":{"line":38,"column":41}},"line":26},"5":{"name":"(anonymous_5)","decl":{"start":{"line":39,"column":55},"end":{"line":39,"column":56}},"loc":{"start":{"line":39,"column":66},"end":{"line":52,"column":41}},"line":39}},"branchMap":{"0":{"loc":{"start":{"line":31,"column":48},"end":{"line":36,"column":72}},"type":"cond-expr","locations":[{"start":{"line":33,"column":54},"end":{"line":35,"column":55}},{"start":{"line":36,"column":54},"end":{"line":36,"column":72}}],"line":31}},"s":{"0":1,"1":5,"2":5,"3":5,"4":5,"5":5,"6":2,"7":2,"8":2,"9":5,"10":1,"11":1,"12":1,"13":5,"14":1},"f":{"0":5,"1":5,"2":5,"3":5,"4":2,"5":1},"b":{"0":[1,1]},"_coverageSchema":"43e27e138ebf9cfc5966b082cf9a028302ed4184","hash":"cfc3d352422ad36b2974104cbe99ee050adef29a"}
,"/Users/aronprice/Dev/pay-theory/pay-theory-ui/src/admin/DonationItemEntry/children/PaymentOptions.jsx": {"path":"/Users/aronprice/Dev/pay-theory/pay-theory-ui/src/admin/DonationItemEntry/children/PaymentOptions.jsx","statementMap":{"0":{"start":{"line":10,"column":18},"end":{"line":12,"column":1}},"1":{"start":{"line":11,"column":4},"end":{"line":11,"column":42}},"2":{"start":{"line":13,"column":20},"end":{"line":15,"column":1}},"3":{"start":{"line":14,"column":4},"end":{"line":14,"column":44}},"4":{"start":{"line":17,"column":23},"end":{"line":260,"column":1}},"5":{"start":{"line":18,"column":4},"end":{"line":259,"column":5}},"6":{"start":{"line":21,"column":38},"end":{"line":27,"column":17}},"7":{"start":{"line":22,"column":40},"end":{"line":22,"column":58}},"8":{"start":{"line":24,"column":20},"end":{"line":25,"column":42}},"9":{"start":{"line":26,"column":20},"end":{"line":26,"column":52}},"10":{"start":{"line":29,"column":42},"end":{"line":33,"column":17}},"11":{"start":{"line":30,"column":40},"end":{"line":30,"column":58}},"12":{"start":{"line":31,"column":20},"end":{"line":31,"column":70}},"13":{"start":{"line":32,"column":20},"end":{"line":32,"column":52}},"14":{"start":{"line":35,"column":37},"end":{"line":46,"column":17}},"15":{"start":{"line":36,"column":40},"end":{"line":36,"column":58}},"16":{"start":{"line":37,"column":20},"end":{"line":37,"column":73}},"17":{"start":{"line":39,"column":20},"end":{"line":43,"column":21}},"18":{"start":{"line":40,"column":24},"end":{"line":40,"column":63}},"19":{"start":{"line":45,"column":20},"end":{"line":45,"column":52}},"20":{"start":{"line":48,"column":45},"end":{"line":54,"column":17}},"21":{"start":{"line":49,"column":40},"end":{"line":49,"column":58}},"22":{"start":{"line":50,"column":20},"end":{"line":51,"column":54}},"23":{"start":{"line":53,"column":20},"end":{"line":53,"column":52}},"24":{"start":{"line":65,"column":16},"end":{"line":256,"column":17}},"25":{"start":{"line":81,"column":44},"end":{"line":81,"column":67}},"26":{"start":{"line":97,"column":44},"end":{"line":97,"column":68}},"27":{"start":{"line":114,"column":44},"end":{"line":114,"column":67}},"28":{"start":{"line":150,"column":44},"end":{"line":154,"column":45}},"29":{"start":{"line":163,"column":44},"end":{"line":167,"column":45}},"30":{"start":{"line":176,"column":44},"end":{"line":180,"column":45}},"31":{"start":{"line":262,"column":0},"end":{"line":267,"column":1}}},"fnMap":{"0":{"name":"(anonymous_0)","decl":{"start":{"line":10,"column":18},"end":{"line":10,"column":19}},"loc":{"start":{"line":10,"column":28},"end":{"line":12,"column":1}},"line":10},"1":{"name":"(anonymous_1)","decl":{"start":{"line":13,"column":20},"end":{"line":13,"column":21}},"loc":{"start":{"line":13,"column":30},"end":{"line":15,"column":1}},"line":13},"2":{"name":"(anonymous_2)","decl":{"start":{"line":17,"column":23},"end":{"line":17,"column":24}},"loc":{"start":{"line":17,"column":34},"end":{"line":260,"column":1}},"line":17},"3":{"name":"(anonymous_3)","decl":{"start":{"line":20,"column":13},"end":{"line":20,"column":14}},"loc":{"start":{"line":20,"column":30},"end":{"line":257,"column":13}},"line":20},"4":{"name":"(anonymous_4)","decl":{"start":{"line":21,"column":38},"end":{"line":21,"column":39}},"loc":{"start":{"line":21,"column":71},"end":{"line":27,"column":17}},"line":21},"5":{"name":"(anonymous_5)","decl":{"start":{"line":29,"column":42},"end":{"line":29,"column":43}},"loc":{"start":{"line":29,"column":53},"end":{"line":33,"column":17}},"line":29},"6":{"name":"(anonymous_6)","decl":{"start":{"line":35,"column":37},"end":{"line":35,"column":38}},"loc":{"start":{"line":35,"column":48},"end":{"line":46,"column":17}},"line":35},"7":{"name":"(anonymous_7)","decl":{"start":{"line":48,"column":45},"end":{"line":48,"column":46}},"loc":{"start":{"line":48,"column":56},"end":{"line":54,"column":17}},"line":48},"8":{"name":"(anonymous_8)","decl":{"start":{"line":80,"column":50},"end":{"line":80,"column":51}},"loc":{"start":{"line":81,"column":44},"end":{"line":81,"column":67}},"line":81},"9":{"name":"(anonymous_9)","decl":{"start":{"line":96,"column":50},"end":{"line":96,"column":51}},"loc":{"start":{"line":97,"column":44},"end":{"line":97,"column":68}},"line":97},"10":{"name":"(anonymous_10)","decl":{"start":{"line":113,"column":50},"end":{"line":113,"column":51}},"loc":{"start":{"line":114,"column":44},"end":{"line":114,"column":67}},"line":114},"11":{"name":"(anonymous_11)","decl":{"start":{"line":149,"column":50},"end":{"line":149,"column":51}},"loc":{"start":{"line":150,"column":44},"end":{"line":154,"column":45}},"line":150},"12":{"name":"(anonymous_12)","decl":{"start":{"line":162,"column":50},"end":{"line":162,"column":51}},"loc":{"start":{"line":163,"column":44},"end":{"line":167,"column":45}},"line":163},"13":{"name":"(anonymous_13)","decl":{"start":{"line":175,"column":50},"end":{"line":175,"column":51}},"loc":{"start":{"line":176,"column":44},"end":{"line":180,"column":45}},"line":176}},"branchMap":{"0":{"loc":{"start":{"line":11,"column":11},"end":{"line":11,"column":42}},"type":"cond-expr","locations":[{"start":{"line":11,"column":18},"end":{"line":11,"column":33}},{"start":{"line":11,"column":36},"end":{"line":11,"column":42}}],"line":11},"1":{"loc":{"start":{"line":14,"column":11},"end":{"line":14,"column":44}},"type":"cond-expr","locations":[{"start":{"line":14,"column":18},"end":{"line":14,"column":35}},{"start":{"line":14,"column":38},"end":{"line":14,"column":44}}],"line":14},"2":{"loc":{"start":{"line":39,"column":20},"end":{"line":43,"column":21}},"type":"if","locations":[{"start":{"line":39,"column":20},"end":{"line":43,"column":21}}],"line":39},"3":{"loc":{"start":{"line":140,"column":36},"end":{"line":141,"column":74}},"type":"binary-expr","locations":[{"start":{"line":140,"column":36},"end":{"line":140,"column":74}},{"start":{"line":141,"column":40},"end":{"line":141,"column":74}}],"line":140}},"s":{"0":1,"1":5,"2":1,"3":10,"4":1,"5":5,"6":5,"7":3,"8":3,"9":3,"10":5,"11":1,"12":1,"13":1,"14":5,"15":1,"16":1,"17":1,"18":1,"19":1,"20":5,"21":2,"22":2,"23":2,"24":5,"25":1,"26":1,"27":1,"28":1,"29":1,"30":1,"31":1},"f":{"0":5,"1":10,"2":5,"3":5,"4":3,"5":1,"6":1,"7":2,"8":1,"9":1,"10":1,"11":1,"12":1,"13":1},"b":{"0":[4,1],"1":[2,8],"2":[1],"3":[5,1]},"_coverageSchema":"43e27e138ebf9cfc5966b082cf9a028302ed4184","hash":"8fe4c80656b5fa1033e064ab5d1453a0bb55a788"}
,"/Users/aronprice/Dev/pay-theory/pay-theory-ui/src/admin/DonationItemEntry/children/PublicationOptions.jsx": {"path":"/Users/aronprice/Dev/pay-theory/pay-theory-ui/src/admin/DonationItemEntry/children/PublicationOptions.jsx","statementMap":{"0":{"start":{"line":11,"column":20},"end":{"line":13,"column":1}},"1":{"start":{"line":12,"column":4},"end":{"line":12,"column":52}},"2":{"start":{"line":15,"column":27},"end":{"line":239,"column":1}},"3":{"start":{"line":16,"column":4},"end":{"line":238,"column":5}},"4":{"start":{"line":19,"column":34},"end":{"line":21,"column":30}},"5":{"start":{"line":23,"column":32},"end":{"line":25,"column":30}},"6":{"start":{"line":27,"column":37},"end":{"line":38,"column":17}},"7":{"start":{"line":28,"column":40},"end":{"line":28,"column":58}},"8":{"start":{"line":29,"column":20},"end":{"line":29,"column":73}},"9":{"start":{"line":30,"column":20},"end":{"line":36,"column":21}},"10":{"start":{"line":34,"column":24},"end":{"line":34,"column":56}},"11":{"start":{"line":35,"column":24},"end":{"line":35,"column":54}},"12":{"start":{"line":37,"column":20},"end":{"line":37,"column":52}},"13":{"start":{"line":40,"column":36},"end":{"line":45,"column":17}},"14":{"start":{"line":41,"column":35},"end":{"line":41,"column":58}},"15":{"start":{"line":42,"column":40},"end":{"line":42,"column":58}},"16":{"start":{"line":43,"column":20},"end":{"line":43,"column":67}},"17":{"start":{"line":44,"column":20},"end":{"line":44,"column":52}},"18":{"start":{"line":97,"column":16},"end":{"line":235,"column":17}},"19":{"start":{"line":107,"column":53},"end":{"line":107,"column":68}},"20":{"start":{"line":118,"column":53},"end":{"line":118,"column":68}},"21":{"start":{"line":135,"column":53},"end":{"line":135,"column":68}},"22":{"start":{"line":241,"column":0},"end":{"line":246,"column":1}}},"fnMap":{"0":{"name":"(anonymous_0)","decl":{"start":{"line":11,"column":20},"end":{"line":11,"column":21}},"loc":{"start":{"line":11,"column":30},"end":{"line":13,"column":1}},"line":11},"1":{"name":"(anonymous_1)","decl":{"start":{"line":15,"column":27},"end":{"line":15,"column":28}},"loc":{"start":{"line":15,"column":38},"end":{"line":239,"column":1}},"line":15},"2":{"name":"(anonymous_2)","decl":{"start":{"line":18,"column":13},"end":{"line":18,"column":14}},"loc":{"start":{"line":18,"column":30},"end":{"line":236,"column":13}},"line":18},"3":{"name":"(anonymous_3)","decl":{"start":{"line":27,"column":37},"end":{"line":27,"column":38}},"loc":{"start":{"line":27,"column":48},"end":{"line":38,"column":17}},"line":27},"4":{"name":"(anonymous_4)","decl":{"start":{"line":40,"column":36},"end":{"line":40,"column":37}},"loc":{"start":{"line":40,"column":58},"end":{"line":45,"column":17}},"line":40},"5":{"name":"(anonymous_5)","decl":{"start":{"line":107,"column":46},"end":{"line":107,"column":47}},"loc":{"start":{"line":107,"column":53},"end":{"line":107,"column":68}},"line":107},"6":{"name":"(anonymous_6)","decl":{"start":{"line":118,"column":46},"end":{"line":118,"column":47}},"loc":{"start":{"line":118,"column":53},"end":{"line":118,"column":68}},"line":118},"7":{"name":"(anonymous_7)","decl":{"start":{"line":135,"column":46},"end":{"line":135,"column":47}},"loc":{"start":{"line":135,"column":53},"end":{"line":135,"column":68}},"line":135}},"branchMap":{"0":{"loc":{"start":{"line":12,"column":11},"end":{"line":12,"column":52}},"type":"cond-expr","locations":[{"start":{"line":12,"column":18},"end":{"line":12,"column":35}},{"start":{"line":12,"column":38},"end":{"line":12,"column":52}}],"line":12},"1":{"loc":{"start":{"line":19,"column":34},"end":{"line":21,"column":30}},"type":"cond-expr","locations":[{"start":{"line":20,"column":22},"end":{"line":20,"column":57}},{"start":{"line":21,"column":22},"end":{"line":21,"column":30}}],"line":19},"2":{"loc":{"start":{"line":23,"column":32},"end":{"line":25,"column":30}},"type":"cond-expr","locations":[{"start":{"line":24,"column":22},"end":{"line":24,"column":55}},{"start":{"line":25,"column":22},"end":{"line":25,"column":30}}],"line":23},"3":{"loc":{"start":{"line":30,"column":20},"end":{"line":36,"column":21}},"type":"if","locations":[{"start":{"line":30,"column":20},"end":{"line":36,"column":21}},{"start":{"line":30,"column":20},"end":{"line":36,"column":21}}],"line":30},"4":{"loc":{"start":{"line":31,"column":24},"end":{"line":32,"column":44}},"type":"binary-expr","locations":[{"start":{"line":31,"column":24},"end":{"line":31,"column":66}},{"start":{"line":32,"column":24},"end":{"line":32,"column":44}}],"line":31}},"s":{"0":1,"1":10,"2":1,"3":5,"4":5,"5":5,"6":5,"7":1,"8":1,"9":1,"10":1,"11":1,"12":1,"13":5,"14":0,"15":0,"16":0,"17":0,"18":5,"19":0,"20":0,"21":1,"22":1},"f":{"0":10,"1":5,"2":5,"3":1,"4":0,"5":0,"6":0,"7":1},"b":{"0":[1,9],"1":[1,4],"2":[1,4],"3":[1,0],"4":[1,1]},"_coverageSchema":"43e27e138ebf9cfc5966b082cf9a028302ed4184","hash":"22a077f2c5e54b86db91048e92d0a28dcc09d0f8"}
,"/Users/aronprice/Dev/pay-theory/pay-theory-ui/src/admin/DonationItemEntry/children/index.js": {"path":"/Users/aronprice/Dev/pay-theory/pay-theory-ui/src/admin/DonationItemEntry/children/index.js","statementMap":{},"fnMap":{},"branchMap":{},"s":{},"f":{},"b":{},"_coverageSchema":"43e27e138ebf9cfc5966b082cf9a028302ed4184","hash":"84267722b70a1995de349f4d163762c319a41fda"}
,"/Users/aronprice/Dev/pay-theory/pay-theory-ui/src/admin/ModalCreateAccount/index.jsx": {"path":"/Users/aronprice/Dev/pay-theory/pay-theory-ui/src/admin/ModalCreateAccount/index.jsx","statementMap":{"0":{"start":{"line":16,"column":22},"end":{"line":20,"column":1}},"1":{"start":{"line":22,"column":27},"end":{"line":111,"column":1}},"2":{"start":{"line":23,"column":30},"end":{"line":25,"column":6}},"3":{"start":{"line":27,"column":21},"end":{"line":31,"column":5}},"4":{"start":{"line":28,"column":24},"end":{"line":28,"column":36}},"5":{"start":{"line":29,"column":8},"end":{"line":29,"column":55}},"6":{"start":{"line":30,"column":8},"end":{"line":30,"column":25}},"7":{"start":{"line":33,"column":21},"end":{"line":40,"column":5}},"8":{"start":{"line":34,"column":8},"end":{"line":34,"column":22}},"9":{"start":{"line":35,"column":8},"end":{"line":39,"column":9}},"10":{"start":{"line":42,"column":4},"end":{"line":110,"column":5}},"11":{"start":{"line":50,"column":20},"end":{"line":50,"column":42}},"12":{"start":{"line":51,"column":20},"end":{"line":51,"column":33}},"13":{"start":{"line":52,"column":36},"end":{"line":52,"column":48}},"14":{"start":{"line":54,"column":20},"end":{"line":54,"column":45}},"15":{"start":{"line":56,"column":20},"end":{"line":58,"column":21}},"16":{"start":{"line":57,"column":24},"end":{"line":57,"column":57}},"17":{"start":{"line":60,"column":20},"end":{"line":60,"column":61}},"18":{"start":{"line":61,"column":20},"end":{"line":72,"column":21}},"19":{"start":{"line":62,"column":24},"end":{"line":66,"column":26}},"20":{"start":{"line":63,"column":28},"end":{"line":65,"column":30}},"21":{"start":{"line":69,"column":24},"end":{"line":71,"column":25}},"22":{"start":{"line":70,"column":28},"end":{"line":70,"column":63}},"23":{"start":{"line":113,"column":0},"end":{"line":119,"column":1}}},"fnMap":{"0":{"name":"(anonymous_0)","decl":{"start":{"line":22,"column":27},"end":{"line":22,"column":28}},"loc":{"start":{"line":22,"column":38},"end":{"line":111,"column":1}},"line":22},"1":{"name":"(anonymous_1)","decl":{"start":{"line":27,"column":21},"end":{"line":27,"column":22}},"loc":{"start":{"line":27,"column":32},"end":{"line":31,"column":5}},"line":27},"2":{"name":"(anonymous_2)","decl":{"start":{"line":33,"column":21},"end":{"line":33,"column":22}},"loc":{"start":{"line":33,"column":34},"end":{"line":40,"column":5}},"line":33},"3":{"name":"(anonymous_3)","decl":{"start":{"line":36,"column":37},"end":{"line":36,"column":38}},"loc":{"start":{"line":36,"column":70},"end":{"line":38,"column":13}},"line":36},"4":{"name":"(anonymous_4)","decl":{"start":{"line":49,"column":26},"end":{"line":49,"column":27}},"loc":{"start":{"line":49,"column":37},"end":{"line":73,"column":17}},"line":49},"5":{"name":"(anonymous_5)","decl":{"start":{"line":62,"column":67},"end":{"line":62,"column":68}},"loc":{"start":{"line":62,"column":73},"end":{"line":66,"column":25}},"line":62}},"branchMap":{"0":{"loc":{"start":{"line":56,"column":20},"end":{"line":58,"column":21}},"type":"if","locations":[{"start":{"line":56,"column":20},"end":{"line":58,"column":21}},{"start":{"line":56,"column":20},"end":{"line":58,"column":21}}],"line":56},"1":{"loc":{"start":{"line":61,"column":20},"end":{"line":72,"column":21}},"type":"if","locations":[{"start":{"line":61,"column":20},"end":{"line":72,"column":21}},{"start":{"line":61,"column":20},"end":{"line":72,"column":21}}],"line":61},"2":{"loc":{"start":{"line":69,"column":24},"end":{"line":71,"column":25}},"type":"if","locations":[{"start":{"line":69,"column":24},"end":{"line":71,"column":25}}],"line":69}},"s":{"0":1,"1":1,"2":7,"3":7,"4":3,"5":3,"6":3,"7":7,"8":2,"9":2,"10":7,"11":3,"12":3,"13":3,"14":3,"15":3,"16":1,"17":3,"18":3,"19":1,"20":1,"21":2,"22":2,"23":1},"f":{"0":7,"1":3,"2":2,"3":0,"4":3,"5":1},"b":{"0":[1,2],"1":[1,2],"2":[2]},"_coverageSchema":"43e27e138ebf9cfc5966b082cf9a028302ed4184","hash":"9121d9f74676c6975acd467e0503230928edc8da"}
,"/Users/aronprice/Dev/pay-theory/pay-theory-ui/src/admin/ModalCreateDistrict/index.jsx": {"path":"/Users/aronprice/Dev/pay-theory/pay-theory-ui/src/admin/ModalCreateDistrict/index.jsx","statementMap":{"0":{"start":{"line":9,"column":22},"end":{"line":11,"column":1}},"1":{"start":{"line":13,"column":28},"end":{"line":63,"column":1}},"2":{"start":{"line":14,"column":30},"end":{"line":16,"column":6}},"3":{"start":{"line":18,"column":4},"end":{"line":62,"column":5}},"4":{"start":{"line":23,"column":20},"end":{"line":23,"column":42}},"5":{"start":{"line":24,"column":40},"end":{"line":24,"column":52}},"6":{"start":{"line":26,"column":20},"end":{"line":26,"column":77}},"7":{"start":{"line":27,"column":20},"end":{"line":29,"column":44}},"8":{"start":{"line":31,"column":20},"end":{"line":35,"column":22}},"9":{"start":{"line":32,"column":24},"end":{"line":34,"column":26}},"10":{"start":{"line":44,"column":40},"end":{"line":44,"column":52}},"11":{"start":{"line":45,"column":24},"end":{"line":45,"column":71}},"12":{"start":{"line":46,"column":24},"end":{"line":46,"column":41}},"13":{"start":{"line":65,"column":0},"end":{"line":67,"column":1}}},"fnMap":{"0":{"name":"(anonymous_0)","decl":{"start":{"line":13,"column":28},"end":{"line":13,"column":29}},"loc":{"start":{"line":13,"column":39},"end":{"line":63,"column":1}},"line":13},"1":{"name":"(anonymous_1)","decl":{"start":{"line":22,"column":26},"end":{"line":22,"column":27}},"loc":{"start":{"line":22,"column":37},"end":{"line":36,"column":17}},"line":22},"2":{"name":"(anonymous_2)","decl":{"start":{"line":31,"column":62},"end":{"line":31,"column":63}},"loc":{"start":{"line":31,"column":68},"end":{"line":35,"column":21}},"line":31},"3":{"name":"(anonymous_3)","decl":{"start":{"line":43,"column":30},"end":{"line":43,"column":31}},"loc":{"start":{"line":43,"column":41},"end":{"line":47,"column":21}},"line":43}},"branchMap":{},"s":{"0":1,"1":1,"2":3,"3":3,"4":1,"5":1,"6":1,"7":1,"8":1,"9":1,"10":1,"11":1,"12":1,"13":1},"f":{"0":3,"1":1,"2":1,"3":1},"b":{},"_coverageSchema":"43e27e138ebf9cfc5966b082cf9a028302ed4184","hash":"8657a3df1e233a4b33ba1981a93e1e727637d9fd"}
,"/Users/aronprice/Dev/pay-theory/pay-theory-ui/src/admin/ModalCreatePartner/index.jsx": {"path":"/Users/aronprice/Dev/pay-theory/pay-theory-ui/src/admin/ModalCreatePartner/index.jsx","statementMap":{"0":{"start":{"line":9,"column":22},"end":{"line":11,"column":1}},"1":{"start":{"line":13,"column":27},"end":{"line":60,"column":1}},"2":{"start":{"line":14,"column":30},"end":{"line":16,"column":6}},"3":{"start":{"line":18,"column":21},"end":{"line":22,"column":5}},"4":{"start":{"line":19,"column":24},"end":{"line":19,"column":36}},"5":{"start":{"line":20,"column":8},"end":{"line":20,"column":55}},"6":{"start":{"line":21,"column":8},"end":{"line":21,"column":25}},"7":{"start":{"line":24,"column":4},"end":{"line":59,"column":5}},"8":{"start":{"line":29,"column":20},"end":{"line":29,"column":42}},"9":{"start":{"line":30,"column":20},"end":{"line":30,"column":33}},"10":{"start":{"line":31,"column":39},"end":{"line":31,"column":51}},"11":{"start":{"line":32,"column":20},"end":{"line":36,"column":22}},"12":{"start":{"line":33,"column":24},"end":{"line":35,"column":26}},"13":{"start":{"line":62,"column":0},"end":{"line":64,"column":1}}},"fnMap":{"0":{"name":"(anonymous_0)","decl":{"start":{"line":13,"column":27},"end":{"line":13,"column":28}},"loc":{"start":{"line":13,"column":38},"end":{"line":60,"column":1}},"line":13},"1":{"name":"(anonymous_1)","decl":{"start":{"line":18,"column":21},"end":{"line":18,"column":22}},"loc":{"start":{"line":18,"column":32},"end":{"line":22,"column":5}},"line":18},"2":{"name":"(anonymous_2)","decl":{"start":{"line":28,"column":26},"end":{"line":28,"column":27}},"loc":{"start":{"line":28,"column":37},"end":{"line":37,"column":17}},"line":28},"3":{"name":"(anonymous_3)","decl":{"start":{"line":32,"column":60},"end":{"line":32,"column":61}},"loc":{"start":{"line":32,"column":66},"end":{"line":36,"column":21}},"line":32}},"branchMap":{},"s":{"0":1,"1":1,"2":3,"3":3,"4":1,"5":1,"6":1,"7":3,"8":1,"9":1,"10":1,"11":1,"12":1,"13":1},"f":{"0":3,"1":1,"2":1,"3":1},"b":{},"_coverageSchema":"43e27e138ebf9cfc5966b082cf9a028302ed4184","hash":"35d3d169c61e2be3e320ced70ac1d218167289a5"}
,"/Users/aronprice/Dev/pay-theory/pay-theory-ui/src/admin/ModalCreatePaymentItem/index.jsx": {"path":"/Users/aronprice/Dev/pay-theory/pay-theory-ui/src/admin/ModalCreatePaymentItem/index.jsx","statementMap":{"0":{"start":{"line":14,"column":22},"end":{"line":18,"column":1}},"1":{"start":{"line":20,"column":31},"end":{"line":89,"column":1}},"2":{"start":{"line":21,"column":30},"end":{"line":24,"column":6}},"3":{"start":{"line":26,"column":21},"end":{"line":33,"column":5}},"4":{"start":{"line":27,"column":24},"end":{"line":27,"column":36}},"5":{"start":{"line":28,"column":8},"end":{"line":31,"column":36}},"6":{"start":{"line":32,"column":8},"end":{"line":32,"column":25}},"7":{"start":{"line":35,"column":19},"end":{"line":43,"column":5}},"8":{"start":{"line":36,"column":24},"end":{"line":36,"column":36}},"9":{"start":{"line":37,"column":8},"end":{"line":41,"column":36}},"10":{"start":{"line":42,"column":8},"end":{"line":42,"column":25}},"11":{"start":{"line":44,"column":4},"end":{"line":88,"column":5}},"12":{"start":{"line":52,"column":20},"end":{"line":52,"column":42}},"13":{"start":{"line":53,"column":20},"end":{"line":53,"column":50}},"14":{"start":{"line":54,"column":20},"end":{"line":57,"column":22}},"15":{"start":{"line":91,"column":0},"end":{"line":94,"column":1}}},"fnMap":{"0":{"name":"(anonymous_0)","decl":{"start":{"line":20,"column":31},"end":{"line":20,"column":32}},"loc":{"start":{"line":20,"column":42},"end":{"line":89,"column":1}},"line":20},"1":{"name":"(anonymous_1)","decl":{"start":{"line":26,"column":21},"end":{"line":26,"column":22}},"loc":{"start":{"line":26,"column":32},"end":{"line":33,"column":5}},"line":26},"2":{"name":"(anonymous_2)","decl":{"start":{"line":35,"column":19},"end":{"line":35,"column":20}},"loc":{"start":{"line":35,"column":30},"end":{"line":43,"column":5}},"line":35},"3":{"name":"(anonymous_3)","decl":{"start":{"line":51,"column":26},"end":{"line":51,"column":27}},"loc":{"start":{"line":51,"column":37},"end":{"line":58,"column":17}},"line":51}},"branchMap":{"0":{"loc":{"start":{"line":29,"column":12},"end":{"line":31,"column":36}},"type":"cond-expr","locations":[{"start":{"line":30,"column":18},"end":{"line":30,"column":55}},{"start":{"line":31,"column":18},"end":{"line":31,"column":36}}],"line":29}},"s":{"0":1,"1":1,"2":5,"3":5,"4":2,"5":2,"6":2,"7":5,"8":1,"9":1,"10":1,"11":5,"12":1,"13":1,"14":1,"15":1},"f":{"0":5,"1":2,"2":1,"3":1},"b":{"0":[1,1]},"_coverageSchema":"43e27e138ebf9cfc5966b082cf9a028302ed4184","hash":"67199855fd3f36574a50c6a9c22589656700adfd"}
,"/Users/aronprice/Dev/pay-theory/pay-theory-ui/src/admin/ModalCreateRole/index.jsx": {"path":"/Users/aronprice/Dev/pay-theory/pay-theory-ui/src/admin/ModalCreateRole/index.jsx","statementMap":{"0":{"start":{"line":12,"column":24},"end":{"line":79,"column":1}},"1":{"start":{"line":13,"column":30},"end":{"line":16,"column":6}},"2":{"start":{"line":18,"column":21},"end":{"line":22,"column":5}},"3":{"start":{"line":19,"column":24},"end":{"line":19,"column":36}},"4":{"start":{"line":20,"column":8},"end":{"line":20,"column":55}},"5":{"start":{"line":21,"column":8},"end":{"line":21,"column":25}},"6":{"start":{"line":24,"column":4},"end":{"line":78,"column":5}},"7":{"start":{"line":29,"column":20},"end":{"line":29,"column":42}},"8":{"start":{"line":30,"column":20},"end":{"line":30,"column":33}},"9":{"start":{"line":31,"column":20},"end":{"line":38,"column":26}},"10":{"start":{"line":34,"column":28},"end":{"line":37,"column":30}},"11":{"start":{"line":81,"column":0},"end":{"line":84,"column":1}}},"fnMap":{"0":{"name":"(anonymous_0)","decl":{"start":{"line":12,"column":24},"end":{"line":12,"column":25}},"loc":{"start":{"line":12,"column":35},"end":{"line":79,"column":1}},"line":12},"1":{"name":"(anonymous_1)","decl":{"start":{"line":18,"column":21},"end":{"line":18,"column":22}},"loc":{"start":{"line":18,"column":32},"end":{"line":22,"column":5}},"line":18},"2":{"name":"(anonymous_2)","decl":{"start":{"line":28,"column":26},"end":{"line":28,"column":27}},"loc":{"start":{"line":28,"column":37},"end":{"line":39,"column":17}},"line":28},"3":{"name":"(anonymous_3)","decl":{"start":{"line":33,"column":30},"end":{"line":33,"column":31}},"loc":{"start":{"line":33,"column":36},"end":{"line":38,"column":25}},"line":33}},"branchMap":{},"s":{"0":1,"1":3,"2":3,"3":1,"4":1,"5":1,"6":3,"7":1,"8":1,"9":1,"10":1,"11":1},"f":{"0":3,"1":1,"2":1,"3":1},"b":{},"_coverageSchema":"43e27e138ebf9cfc5966b082cf9a028302ed4184","hash":"baee5b7f25f4bb4a83396febd0ac9871f26d414c"}
,"/Users/aronprice/Dev/pay-theory/pay-theory-ui/src/admin/ModalReceiptTransactions/index.jsx": {"path":"/Users/aronprice/Dev/pay-theory/pay-theory-ui/src/admin/ModalReceiptTransactions/index.jsx","statementMap":{"0":{"start":{"line":7,"column":29},"end":{"line":17,"column":1}},"1":{"start":{"line":8,"column":4},"end":{"line":16,"column":5}},"2":{"start":{"line":19,"column":26},"end":{"line":52,"column":1}},"3":{"start":{"line":20,"column":4},"end":{"line":51,"column":6}},"4":{"start":{"line":21,"column":8},"end":{"line":50,"column":9}},"5":{"start":{"line":54,"column":33},"end":{"line":66,"column":1}},"6":{"start":{"line":55,"column":4},"end":{"line":65,"column":5}},"7":{"start":{"line":68,"column":0},"end":{"line":72,"column":1}}},"fnMap":{"0":{"name":"(anonymous_0)","decl":{"start":{"line":7,"column":29},"end":{"line":7,"column":30}},"loc":{"start":{"line":7,"column":35},"end":{"line":17,"column":1}},"line":7},"1":{"name":"(anonymous_1)","decl":{"start":{"line":19,"column":26},"end":{"line":19,"column":27}},"loc":{"start":{"line":19,"column":44},"end":{"line":52,"column":1}},"line":19},"2":{"name":"(anonymous_2)","decl":{"start":{"line":20,"column":28},"end":{"line":20,"column":29}},"loc":{"start":{"line":20,"column":45},"end":{"line":51,"column":5}},"line":20},"3":{"name":"(anonymous_3)","decl":{"start":{"line":54,"column":33},"end":{"line":54,"column":34}},"loc":{"start":{"line":54,"column":44},"end":{"line":66,"column":1}},"line":54}},"branchMap":{},"s":{"0":1,"1":1,"2":1,"3":1,"4":1,"5":1,"6":1,"7":1},"f":{"0":1,"1":1,"2":1,"3":1},"b":{},"_coverageSchema":"43e27e138ebf9cfc5966b082cf9a028302ed4184","hash":"2857f7c6c0c898a792d11d3a73a77e7740c54f9e"}
,"/Users/aronprice/Dev/pay-theory/pay-theory-ui/src/admin/PartnerInfoTab/index.jsx": {"path":"/Users/aronprice/Dev/pay-theory/pay-theory-ui/src/admin/PartnerInfoTab/index.jsx","statementMap":{"0":{"start":{"line":11,"column":22},"end":{"line":11,"column":24}},"1":{"start":{"line":13,"column":23},"end":{"line":105,"column":1}},"2":{"start":{"line":14,"column":30},"end":{"line":16,"column":6}},"3":{"start":{"line":18,"column":24},"end":{"line":22,"column":5}},"4":{"start":{"line":19,"column":8},"end":{"line":21,"column":9}},"5":{"start":{"line":20,"column":12},"end":{"line":20,"column":31}},"6":{"start":{"line":24,"column":4},"end":{"line":104,"column":5}},"7":{"start":{"line":27,"column":16},"end":{"line":27,"column":38}},"8":{"start":{"line":28,"column":16},"end":{"line":101,"column":17}},"9":{"start":{"line":46,"column":48},"end":{"line":46,"column":72}},"10":{"start":{"line":107,"column":0},"end":{"line":112,"column":1}}},"fnMap":{"0":{"name":"(anonymous_0)","decl":{"start":{"line":13,"column":23},"end":{"line":13,"column":24}},"loc":{"start":{"line":13,"column":34},"end":{"line":105,"column":1}},"line":13},"1":{"name":"(anonymous_1)","decl":{"start":{"line":18,"column":24},"end":{"line":18,"column":25}},"loc":{"start":{"line":18,"column":39},"end":{"line":22,"column":5}},"line":18},"2":{"name":"(anonymous_2)","decl":{"start":{"line":26,"column":13},"end":{"line":26,"column":14}},"loc":{"start":{"line":26,"column":28},"end":{"line":102,"column":13}},"line":26},"3":{"name":"(anonymous_3)","decl":{"start":{"line":45,"column":53},"end":{"line":45,"column":54}},"loc":{"start":{"line":46,"column":48},"end":{"line":46,"column":72}},"line":46}},"branchMap":{"0":{"loc":{"start":{"line":19,"column":8},"end":{"line":21,"column":9}},"type":"if","locations":[{"start":{"line":19,"column":8},"end":{"line":21,"column":9}},{"start":{"line":19,"column":8},"end":{"line":21,"column":9}}],"line":19}},"s":{"0":1,"1":1,"2":1,"3":1,"4":1,"5":0,"6":1,"7":1,"8":1,"9":0,"10":1},"f":{"0":1,"1":1,"2":1,"3":0},"b":{"0":[0,1]},"_coverageSchema":"43e27e138ebf9cfc5966b082cf9a028302ed4184","hash":"0f0a4797524e17495255bb1c5b7a352fa6b1a634"}
,"/Users/aronprice/Dev/pay-theory/pay-theory-ui/src/admin/PartnerOverviewCard/index.jsx": {"path":"/Users/aronprice/Dev/pay-theory/pay-theory-ui/src/admin/PartnerOverviewCard/index.jsx","statementMap":{"0":{"start":{"line":4,"column":28},"end":{"line":54,"column":1}},"1":{"start":{"line":5,"column":4},"end":{"line":53,"column":42}},"2":{"start":{"line":7,"column":12},"end":{"line":51,"column":13}}},"fnMap":{"0":{"name":"(anonymous_0)","decl":{"start":{"line":4,"column":28},"end":{"line":4,"column":29}},"loc":{"start":{"line":5,"column":4},"end":{"line":53,"column":42}},"line":5},"1":{"name":"(anonymous_1)","decl":{"start":{"line":6,"column":9},"end":{"line":6,"column":10}},"loc":{"start":{"line":6,"column":22},"end":{"line":52,"column":9}},"line":6}},"branchMap":{},"s":{"0":1,"1":1,"2":1},"f":{"0":1,"1":1},"b":{},"_coverageSchema":"43e27e138ebf9cfc5966b082cf9a028302ed4184","hash":"c9db18ee6db5598f317494081072a38c06c99da1"}
,"/Users/aronprice/Dev/pay-theory/pay-theory-ui/src/admin/PartnerTable/index.jsx": {"path":"/Users/aronprice/Dev/pay-theory/pay-theory-ui/src/admin/PartnerTable/index.jsx","statementMap":{"0":{"start":{"line":7,"column":21},"end":{"line":56,"column":1}},"1":{"start":{"line":8,"column":4},"end":{"line":55,"column":5}},"2":{"start":{"line":11,"column":45},"end":{"line":13,"column":17}},"3":{"start":{"line":12,"column":20},"end":{"line":12,"column":76}},"4":{"start":{"line":14,"column":42},"end":{"line":36,"column":17}},"5":{"start":{"line":15,"column":20},"end":{"line":35,"column":22}},"6":{"start":{"line":16,"column":24},"end":{"line":34,"column":25}},"7":{"start":{"line":25,"column":32},"end":{"line":28,"column":33}},"8":{"start":{"line":30,"column":32},"end":{"line":33,"column":33}},"9":{"start":{"line":37,"column":16},"end":{"line":52,"column":17}},"10":{"start":{"line":58,"column":0},"end":{"line":61,"column":1}}},"fnMap":{"0":{"name":"(anonymous_0)","decl":{"start":{"line":7,"column":21},"end":{"line":7,"column":22}},"loc":{"start":{"line":7,"column":32},"end":{"line":56,"column":1}},"line":7},"1":{"name":"(anonymous_1)","decl":{"start":{"line":10,"column":13},"end":{"line":10,"column":14}},"loc":{"start":{"line":10,"column":27},"end":{"line":53,"column":13}},"line":10},"2":{"name":"(anonymous_2)","decl":{"start":{"line":11,"column":45},"end":{"line":11,"column":46}},"loc":{"start":{"line":11,"column":51},"end":{"line":13,"column":17}},"line":11},"3":{"name":"(anonymous_3)","decl":{"start":{"line":14,"column":42},"end":{"line":14,"column":43}},"loc":{"start":{"line":14,"column":56},"end":{"line":36,"column":17}},"line":14},"4":{"name":"(anonymous_4)","decl":{"start":{"line":15,"column":40},"end":{"line":15,"column":41}},"loc":{"start":{"line":15,"column":53},"end":{"line":35,"column":21}},"line":15},"5":{"name":"(anonymous_5)","decl":{"start":{"line":24,"column":34},"end":{"line":24,"column":35}},"loc":{"start":{"line":25,"column":32},"end":{"line":28,"column":33}},"line":25},"6":{"name":"(anonymous_6)","decl":{"start":{"line":29,"column":36},"end":{"line":29,"column":37}},"loc":{"start":{"line":30,"column":32},"end":{"line":33,"column":33}},"line":30}},"branchMap":{},"s":{"0":1,"1":1,"2":1,"3":1,"4":1,"5":1,"6":2,"7":1,"8":1,"9":1,"10":1},"f":{"0":1,"1":1,"2":1,"3":1,"4":2,"5":1,"6":1},"b":{},"_coverageSchema":"43e27e138ebf9cfc5966b082cf9a028302ed4184","hash":"d16e52ebfc5b0d8b9cb34b5e222055827650bfae"}
,"/Users/aronprice/Dev/pay-theory/pay-theory-ui/src/admin/PaymentItemDiscontinueCard/index.jsx": {"path":"/Users/aronprice/Dev/pay-theory/pay-theory-ui/src/admin/PaymentItemDiscontinueCard/index.jsx","statementMap":{"0":{"start":{"line":9,"column":19},"end":{"line":11,"column":1}},"1":{"start":{"line":10,"column":4},"end":{"line":10,"column":33}},"2":{"start":{"line":13,"column":35},"end":{"line":99,"column":1}},"3":{"start":{"line":14,"column":4},"end":{"line":98,"column":5}},"4":{"start":{"line":17,"column":16},"end":{"line":95,"column":17}},"5":{"start":{"line":18,"column":20},"end":{"line":92,"column":21}},"6":{"start":{"line":94,"column":20},"end":{"line":94,"column":34}},"7":{"start":{"line":101,"column":0},"end":{"line":104,"column":1}}},"fnMap":{"0":{"name":"(anonymous_0)","decl":{"start":{"line":9,"column":19},"end":{"line":9,"column":20}},"loc":{"start":{"line":9,"column":30},"end":{"line":11,"column":1}},"line":9},"1":{"name":"(anonymous_1)","decl":{"start":{"line":13,"column":35},"end":{"line":13,"column":36}},"loc":{"start":{"line":13,"column":46},"end":{"line":99,"column":1}},"line":13},"2":{"name":"(anonymous_2)","decl":{"start":{"line":16,"column":13},"end":{"line":16,"column":14}},"loc":{"start":{"line":16,"column":30},"end":{"line":96,"column":13}},"line":16}},"branchMap":{"0":{"loc":{"start":{"line":17,"column":16},"end":{"line":95,"column":17}},"type":"if","locations":[{"start":{"line":17,"column":16},"end":{"line":95,"column":17}},{"start":{"line":17,"column":16},"end":{"line":95,"column":17}}],"line":17}},"s":{"0":1,"1":1,"2":1,"3":2,"4":2,"5":1,"6":1,"7":1},"f":{"0":1,"1":2,"2":2},"b":{"0":[1,1]},"_coverageSchema":"43e27e138ebf9cfc5966b082cf9a028302ed4184","hash":"ea231f428757e4ca4d5d43d83ed64e99189daed4"}
,"/Users/aronprice/Dev/pay-theory/pay-theory-ui/src/admin/PaymentItemPublishCard/index.jsx": {"path":"/Users/aronprice/Dev/pay-theory/pay-theory-ui/src/admin/PaymentItemPublishCard/index.jsx","statementMap":{"0":{"start":{"line":8,"column":31},"end":{"line":91,"column":1}},"1":{"start":{"line":9,"column":4},"end":{"line":90,"column":5}},"2":{"start":{"line":12,"column":16},"end":{"line":87,"column":17}},"3":{"start":{"line":93,"column":0},"end":{"line":97,"column":1}}},"fnMap":{"0":{"name":"(anonymous_0)","decl":{"start":{"line":8,"column":31},"end":{"line":8,"column":32}},"loc":{"start":{"line":8,"column":42},"end":{"line":91,"column":1}},"line":8},"1":{"name":"(anonymous_1)","decl":{"start":{"line":11,"column":13},"end":{"line":11,"column":14}},"loc":{"start":{"line":11,"column":30},"end":{"line":88,"column":13}},"line":11}},"branchMap":{},"s":{"0":1,"1":2,"2":2,"3":1},"f":{"0":2,"1":2},"b":{},"_coverageSchema":"43e27e138ebf9cfc5966b082cf9a028302ed4184","hash":"8d9d93c93f7308f6924efe733172431e68a3c31c"}
,"/Users/aronprice/Dev/pay-theory/pay-theory-ui/src/admin/PaymentItemTable/index.jsx": {"path":"/Users/aronprice/Dev/pay-theory/pay-theory-ui/src/admin/PaymentItemTable/index.jsx","statementMap":{"0":{"start":{"line":7,"column":25},"end":{"line":120,"column":1}},"1":{"start":{"line":8,"column":4},"end":{"line":119,"column":5}},"2":{"start":{"line":11,"column":45},"end":{"line":20,"column":17}},"3":{"start":{"line":12,"column":20},"end":{"line":19,"column":21}},"4":{"start":{"line":21,"column":42},"end":{"line":51,"column":17}},"5":{"start":{"line":22,"column":20},"end":{"line":50,"column":22}},"6":{"start":{"line":23,"column":24},"end":{"line":49,"column":25}},"7":{"start":{"line":40,"column":32},"end":{"line":43,"column":33}},"8":{"start":{"line":45,"column":32},"end":{"line":48,"column":33}},"9":{"start":{"line":52,"column":16},"end":{"line":116,"column":17}},"10":{"start":{"line":122,"column":0},"end":{"line":125,"column":1}}},"fnMap":{"0":{"name":"(anonymous_0)","decl":{"start":{"line":7,"column":25},"end":{"line":7,"column":26}},"loc":{"start":{"line":7,"column":36},"end":{"line":120,"column":1}},"line":7},"1":{"name":"(anonymous_1)","decl":{"start":{"line":10,"column":13},"end":{"line":10,"column":14}},"loc":{"start":{"line":10,"column":31},"end":{"line":117,"column":13}},"line":10},"2":{"name":"(anonymous_2)","decl":{"start":{"line":11,"column":45},"end":{"line":11,"column":46}},"loc":{"start":{"line":11,"column":51},"end":{"line":20,"column":17}},"line":11},"3":{"name":"(anonymous_3)","decl":{"start":{"line":21,"column":42},"end":{"line":21,"column":43}},"loc":{"start":{"line":21,"column":60},"end":{"line":51,"column":17}},"line":21},"4":{"name":"(anonymous_4)","decl":{"start":{"line":22,"column":44},"end":{"line":22,"column":45}},"loc":{"start":{"line":22,"column":57},"end":{"line":50,"column":21}},"line":22},"5":{"name":"(anonymous_5)","decl":{"start":{"line":39,"column":34},"end":{"line":39,"column":35}},"loc":{"start":{"line":40,"column":32},"end":{"line":43,"column":33}},"line":40},"6":{"name":"(anonymous_6)","decl":{"start":{"line":44,"column":36},"end":{"line":44,"column":37}},"loc":{"start":{"line":45,"column":32},"end":{"line":48,"column":33}},"line":45}},"branchMap":{},"s":{"0":1,"1":1,"2":1,"3":1,"4":1,"5":1,"6":2,"7":1,"8":1,"9":1,"10":1},"f":{"0":1,"1":1,"2":1,"3":1,"4":2,"5":1,"6":1},"b":{},"_coverageSchema":"43e27e138ebf9cfc5966b082cf9a028302ed4184","hash":"88461a5458bd83054a7a37518225bce54cad3b7c"}
,"/Users/aronprice/Dev/pay-theory/pay-theory-ui/src/admin/PaymentsOverview/index.jsx": {"path":"/Users/aronprice/Dev/pay-theory/pay-theory-ui/src/admin/PaymentsOverview/index.jsx","statementMap":{"0":{"start":{"line":8,"column":19},"end":{"line":29,"column":1}},"1":{"start":{"line":31,"column":22},"end":{"line":48,"column":1}},"2":{"start":{"line":33,"column":4},"end":{"line":46,"column":5}},"3":{"start":{"line":35,"column":12},"end":{"line":35,"column":50}},"4":{"start":{"line":36,"column":12},"end":{"line":36,"column":17}},"5":{"start":{"line":38,"column":12},"end":{"line":38,"column":46}},"6":{"start":{"line":39,"column":12},"end":{"line":39,"column":17}},"7":{"start":{"line":41,"column":12},"end":{"line":41,"column":50}},"8":{"start":{"line":42,"column":12},"end":{"line":42,"column":17}},"9":{"start":{"line":44,"column":12},"end":{"line":44,"column":51}},"10":{"start":{"line":45,"column":12},"end":{"line":45,"column":17}},"11":{"start":{"line":47,"column":4},"end":{"line":47,"column":75}},"12":{"start":{"line":49,"column":24},"end":{"line":55,"column":1}},"13":{"start":{"line":50,"column":17},"end":{"line":50,"column":18}},"14":{"start":{"line":51,"column":4},"end":{"line":53,"column":6}},"15":{"start":{"line":52,"column":8},"end":{"line":52,"column":53}},"16":{"start":{"line":54,"column":4},"end":{"line":54,"column":28}},"17":{"start":{"line":57,"column":29},"end":{"line":66,"column":1}},"18":{"start":{"line":58,"column":4},"end":{"line":65,"column":5}},"19":{"start":{"line":68,"column":18},"end":{"line":74,"column":1}},"20":{"start":{"line":69,"column":17},"end":{"line":69,"column":55}},"21":{"start":{"line":70,"column":16},"end":{"line":70,"column":53}},"22":{"start":{"line":71,"column":4},"end":{"line":71,"column":32}},"23":{"start":{"line":72,"column":4},"end":{"line":72,"column":36}},"24":{"start":{"line":73,"column":4},"end":{"line":73,"column":36}},"25":{"start":{"line":75,"column":24},"end":{"line":83,"column":1}},"26":{"start":{"line":76,"column":4},"end":{"line":82,"column":6}},"27":{"start":{"line":77,"column":21},"end":{"line":77,"column":55}},"28":{"start":{"line":78,"column":20},"end":{"line":78,"column":53}},"29":{"start":{"line":79,"column":8},"end":{"line":79,"column":43}},"30":{"start":{"line":80,"column":8},"end":{"line":80,"column":33}},"31":{"start":{"line":81,"column":8},"end":{"line":81,"column":43}},"32":{"start":{"line":85,"column":18},"end":{"line":105,"column":1}},"33":{"start":{"line":88,"column":4},"end":{"line":101,"column":5}},"34":{"start":{"line":90,"column":12},"end":{"line":90,"column":32}},"35":{"start":{"line":91,"column":12},"end":{"line":91,"column":17}},"36":{"start":{"line":93,"column":12},"end":{"line":93,"column":39}},"37":{"start":{"line":94,"column":12},"end":{"line":94,"column":17}},"38":{"start":{"line":96,"column":12},"end":{"line":96,"column":37}},"39":{"start":{"line":97,"column":12},"end":{"line":97,"column":17}},"40":{"start":{"line":99,"column":12},"end":{"line":99,"column":38}},"41":{"start":{"line":100,"column":12},"end":{"line":100,"column":17}},"42":{"start":{"line":102,"column":4},"end":{"line":102,"column":26}},"43":{"start":{"line":103,"column":4},"end":{"line":103,"column":50}},"44":{"start":{"line":104,"column":4},"end":{"line":104,"column":23}},"45":{"start":{"line":107,"column":18},"end":{"line":132,"column":1}},"46":{"start":{"line":112,"column":22},"end":{"line":112,"column":53}},"47":{"start":{"line":118,"column":22},"end":{"line":118,"column":52}},"48":{"start":{"line":124,"column":22},"end":{"line":124,"column":54}},"49":{"start":{"line":130,"column":22},"end":{"line":130,"column":47}},"50":{"start":{"line":134,"column":25},"end":{"line":296,"column":1}},"51":{"start":{"line":135,"column":25},"end":{"line":170,"column":5}},"52":{"start":{"line":136,"column":8},"end":{"line":169,"column":10}},"53":{"start":{"line":137,"column":25},"end":{"line":139,"column":93}},"54":{"start":{"line":140,"column":12},"end":{"line":168,"column":13}},"55":{"start":{"line":167,"column":28},"end":{"line":167,"column":72}},"56":{"start":{"line":171,"column":4},"end":{"line":295,"column":5}},"57":{"start":{"line":298,"column":0},"end":{"line":304,"column":1}}},"fnMap":{"0":{"name":"(anonymous_0)","decl":{"start":{"line":31,"column":22},"end":{"line":31,"column":23}},"loc":{"start":{"line":31,"column":32},"end":{"line":48,"column":1}},"line":31},"1":{"name":"(anonymous_1)","decl":{"start":{"line":49,"column":24},"end":{"line":49,"column":25}},"loc":{"start":{"line":49,"column":34},"end":{"line":55,"column":1}},"line":49},"2":{"name":"(anonymous_2)","decl":{"start":{"line":51,"column":23},"end":{"line":51,"column":24}},"loc":{"start":{"line":51,"column":37},"end":{"line":53,"column":5}},"line":51},"3":{"name":"(anonymous_3)","decl":{"start":{"line":57,"column":29},"end":{"line":57,"column":30}},"loc":{"start":{"line":57,"column":35},"end":{"line":66,"column":1}},"line":57},"4":{"name":"(anonymous_4)","decl":{"start":{"line":68,"column":18},"end":{"line":68,"column":19}},"loc":{"start":{"line":68,"column":32},"end":{"line":74,"column":1}},"line":68},"5":{"name":"(anonymous_5)","decl":{"start":{"line":75,"column":24},"end":{"line":75,"column":25}},"loc":{"start":{"line":75,"column":40},"end":{"line":83,"column":1}},"line":75},"6":{"name":"(anonymous_6)","decl":{"start":{"line":76,"column":23},"end":{"line":76,"column":24}},"loc":{"start":{"line":76,"column":33},"end":{"line":82,"column":5}},"line":76},"7":{"name":"(anonymous_7)","decl":{"start":{"line":85,"column":18},"end":{"line":85,"column":19}},"loc":{"start":{"line":85,"column":32},"end":{"line":105,"column":1}},"line":85},"8":{"name":"(anonymous_8)","decl":{"start":{"line":112,"column":16},"end":{"line":112,"column":17}},"loc":{"start":{"line":112,"column":22},"end":{"line":112,"column":53}},"line":112},"9":{"name":"(anonymous_9)","decl":{"start":{"line":118,"column":16},"end":{"line":118,"column":17}},"loc":{"start":{"line":118,"column":22},"end":{"line":118,"column":52}},"line":118},"10":{"name":"(anonymous_10)","decl":{"start":{"line":124,"column":16},"end":{"line":124,"column":17}},"loc":{"start":{"line":124,"column":22},"end":{"line":124,"column":54}},"line":124},"11":{"name":"(anonymous_11)","decl":{"start":{"line":130,"column":16},"end":{"line":130,"column":17}},"loc":{"start":{"line":130,"column":22},"end":{"line":130,"column":47}},"line":130},"12":{"name":"(anonymous_12)","decl":{"start":{"line":134,"column":25},"end":{"line":134,"column":26}},"loc":{"start":{"line":134,"column":36},"end":{"line":296,"column":1}},"line":134},"13":{"name":"(anonymous_13)","decl":{"start":{"line":135,"column":25},"end":{"line":135,"column":26}},"loc":{"start":{"line":135,"column":39},"end":{"line":170,"column":5}},"line":135},"14":{"name":"(anonymous_14)","decl":{"start":{"line":136,"column":28},"end":{"line":136,"column":29}},"loc":{"start":{"line":136,"column":41},"end":{"line":169,"column":9}},"line":136},"15":{"name":"(anonymous_15)","decl":{"start":{"line":167,"column":22},"end":{"line":167,"column":23}},"loc":{"start":{"line":167,"column":28},"end":{"line":167,"column":72}},"line":167}},"branchMap":{"0":{"loc":{"start":{"line":33,"column":4},"end":{"line":46,"column":5}},"type":"switch","locations":[{"start":{"line":34,"column":8},"end":{"line":36,"column":17}},{"start":{"line":37,"column":8},"end":{"line":39,"column":17}},{"start":{"line":40,"column":8},"end":{"line":42,"column":17}},{"start":{"line":43,"column":8},"end":{"line":45,"column":17}}],"line":33},"1":{"loc":{"start":{"line":88,"column":4},"end":{"line":101,"column":5}},"type":"switch","locations":[{"start":{"line":89,"column":8},"end":{"line":91,"column":17}},{"start":{"line":92,"column":8},"end":{"line":94,"column":17}},{"start":{"line":95,"column":8},"end":{"line":97,"column":17}},{"start":{"line":98,"column":8},"end":{"line":100,"column":17}}],"line":88},"2":{"loc":{"start":{"line":137,"column":25},"end":{"line":139,"column":93}},"type":"cond-expr","locations":[{"start":{"line":138,"column":18},"end":{"line":138,"column":29}},{"start":{"line":139,"column":18},"end":{"line":139,"column":93}}],"line":137}},"s":{"0":1,"1":1,"2":9,"3":4,"4":4,"5":1,"6":1,"7":0,"8":0,"9":4,"10":4,"11":9,"12":1,"13":9,"14":9,"15":9,"16":9,"17":1,"18":8,"19":1,"20":3,"21":3,"22":3,"23":3,"24":3,"25":1,"26":3,"27":9,"28":9,"29":9,"30":9,"31":9,"32":1,"33":3,"34":1,"35":1,"36":1,"37":1,"38":1,"39":1,"40":0,"41":0,"42":3,"43":3,"44":3,"45":1,"46":0,"47":1,"48":1,"49":1,"50":1,"51":2,"52":8,"53":9,"54":9,"55":1,"56":2,"57":1},"f":{"0":9,"1":9,"2":9,"3":8,"4":3,"5":3,"6":9,"7":3,"8":0,"9":1,"10":1,"11":1,"12":2,"13":8,"14":9,"15":1},"b":{"0":[4,1,0,4],"1":[1,1,1,0],"2":[7,2]},"_coverageSchema":"43e27e138ebf9cfc5966b082cf9a028302ed4184","hash":"1c054db9c96ff2283111fb5d6be0265e30f53c65"}
,"/Users/aronprice/Dev/pay-theory/pay-theory-ui/src/admin/ReceiptReviewTable/excelUtils.js": {"path":"/Users/aronprice/Dev/pay-theory/pay-theory-ui/src/admin/ReceiptReviewTable/excelUtils.js","statementMap":{"0":{"start":{"line":4,"column":16},"end":{"line":16,"column":1}},"1":{"start":{"line":18,"column":15},"end":{"line":40,"column":1}},"2":{"start":{"line":19,"column":18},"end":{"line":19,"column":34}},"3":{"start":{"line":20,"column":18},"end":{"line":20,"column":40}},"4":{"start":{"line":21,"column":16},"end":{"line":21,"column":34}},"5":{"start":{"line":23,"column":28},"end":{"line":23,"column":47}},"6":{"start":{"line":24,"column":17},"end":{"line":24,"column":35}},"7":{"start":{"line":26,"column":23},"end":{"line":26,"column":52}},"8":{"start":{"line":28,"column":19},"end":{"line":28,"column":58}},"9":{"start":{"line":29,"column":17},"end":{"line":29,"column":46}},"10":{"start":{"line":30,"column":15},"end":{"line":30,"column":38}},"11":{"start":{"line":32,"column":4},"end":{"line":37,"column":18}},"12":{"start":{"line":39,"column":4},"end":{"line":39,"column":54}},"13":{"start":{"line":42,"column":27},"end":{"line":51,"column":1}},"14":{"start":{"line":44,"column":18},"end":{"line":44,"column":34}},"15":{"start":{"line":45,"column":22},"end":{"line":45,"column":47}},"16":{"start":{"line":46,"column":20},"end":{"line":46,"column":45}},"17":{"start":{"line":47,"column":4},"end":{"line":50,"column":5}},"18":{"start":{"line":53,"column":20},"end":{"line":67,"column":1}},"19":{"start":{"line":55,"column":4},"end":{"line":66,"column":5}},"20":{"start":{"line":69,"column":16},"end":{"line":83,"column":1}},"21":{"start":{"line":71,"column":4},"end":{"line":82,"column":5}},"22":{"start":{"line":84,"column":18},"end":{"line":90,"column":1}},"23":{"start":{"line":85,"column":4},"end":{"line":89,"column":5}},"24":{"start":{"line":86,"column":8},"end":{"line":86,"column":27}},"25":{"start":{"line":88,"column":8},"end":{"line":88,"column":18}},"26":{"start":{"line":91,"column":17},"end":{"line":91,"column":65}},"27":{"start":{"line":91,"column":55},"end":{"line":91,"column":65}},"28":{"start":{"line":92,"column":23},"end":{"line":110,"column":1}},"29":{"start":{"line":94,"column":20},"end":{"line":94,"column":23}},"30":{"start":{"line":95,"column":18},"end":{"line":95,"column":31}},"31":{"start":{"line":96,"column":25},"end":{"line":96,"column":42}},"32":{"start":{"line":97,"column":19},"end":{"line":97,"column":52}},"33":{"start":{"line":99,"column":16},"end":{"line":99,"column":33}},"34":{"start":{"line":100,"column":23},"end":{"line":100,"column":38}},"35":{"start":{"line":102,"column":4},"end":{"line":102,"column":29}},"36":{"start":{"line":103,"column":19},"end":{"line":103,"column":34}},"37":{"start":{"line":105,"column":20},"end":{"line":105,"column":23}},"38":{"start":{"line":106,"column":4},"end":{"line":108,"column":5}},"39":{"start":{"line":107,"column":8},"end":{"line":107,"column":35}},"40":{"start":{"line":109,"column":4},"end":{"line":109,"column":48}},"41":{"start":{"line":112,"column":18},"end":{"line":127,"column":1}},"42":{"start":{"line":113,"column":25},"end":{"line":113,"column":44}},"43":{"start":{"line":116,"column":18},"end":{"line":116,"column":41}},"44":{"start":{"line":119,"column":20},"end":{"line":119,"column":38}},"45":{"start":{"line":121,"column":4},"end":{"line":125,"column":5}},"46":{"start":{"line":126,"column":4},"end":{"line":126,"column":20}},"47":{"start":{"line":128,"column":14},"end":{"line":270,"column":1}},"48":{"start":{"line":130,"column":21},"end":{"line":132,"column":6}},"49":{"start":{"line":134,"column":29},"end":{"line":134,"column":51}},"50":{"start":{"line":135,"column":22},"end":{"line":135,"column":66}},"51":{"start":{"line":136,"column":17},"end":{"line":138,"column":6}},"52":{"start":{"line":140,"column":4},"end":{"line":140,"column":37}},"53":{"start":{"line":140,"column":25},"end":{"line":140,"column":37}},"54":{"start":{"line":142,"column":23},"end":{"line":142,"column":45}},"55":{"start":{"line":143,"column":23},"end":{"line":143,"column":53}},"56":{"start":{"line":144,"column":19},"end":{"line":144,"column":41}},"57":{"start":{"line":145,"column":24},"end":{"line":145,"column":50}},"58":{"start":{"line":146,"column":24},"end":{"line":146,"column":32}},"59":{"start":{"line":148,"column":19},"end":{"line":155,"column":5}},"60":{"start":{"line":157,"column":21},"end":{"line":157,"column":23}},"61":{"start":{"line":158,"column":29},"end":{"line":158,"column":31}},"62":{"start":{"line":159,"column":17},"end":{"line":159,"column":22}},"63":{"start":{"line":160,"column":25},"end":{"line":160,"column":27}},"64":{"start":{"line":161,"column":24},"end":{"line":161,"column":26}},"65":{"start":{"line":162,"column":28},"end":{"line":162,"column":30}},"66":{"start":{"line":163,"column":21},"end":{"line":163,"column":26}},"67":{"start":{"line":164,"column":25},"end":{"line":164,"column":26}},"68":{"start":{"line":165,"column":28},"end":{"line":165,"column":29}},"69":{"start":{"line":167,"column":25},"end":{"line":167,"column":37}},"70":{"start":{"line":168,"column":31},"end":{"line":168,"column":36}},"71":{"start":{"line":170,"column":4},"end":{"line":172,"column":5}},"72":{"start":{"line":171,"column":8},"end":{"line":171,"column":35}},"73":{"start":{"line":173,"column":4},"end":{"line":247,"column":5}},"74":{"start":{"line":174,"column":20},"end":{"line":174,"column":32}},"75":{"start":{"line":175,"column":8},"end":{"line":246,"column":9}},"76":{"start":{"line":176,"column":29},"end":{"line":176,"column":45}},"77":{"start":{"line":177,"column":24},"end":{"line":177,"column":36}},"78":{"start":{"line":179,"column":33},"end":{"line":179,"column":48}},"79":{"start":{"line":181,"column":30},"end":{"line":181,"column":57}},"80":{"start":{"line":183,"column":12},"end":{"line":187,"column":27}},"81":{"start":{"line":189,"column":32},"end":{"line":191,"column":37}},"82":{"start":{"line":194,"column":16},"end":{"line":195,"column":29}},"83":{"start":{"line":196,"column":12},"end":{"line":207,"column":14}},"84":{"start":{"line":210,"column":16},"end":{"line":213,"column":23}},"85":{"start":{"line":215,"column":12},"end":{"line":218,"column":13}},"86":{"start":{"line":216,"column":16},"end":{"line":216,"column":52}},"87":{"start":{"line":217,"column":16},"end":{"line":217,"column":54}},"88":{"start":{"line":220,"column":12},"end":{"line":221,"column":52}},"89":{"start":{"line":223,"column":12},"end":{"line":223,"column":69}},"90":{"start":{"line":225,"column":12},"end":{"line":226,"column":54}},"91":{"start":{"line":228,"column":12},"end":{"line":228,"column":47}},"92":{"start":{"line":230,"column":12},"end":{"line":234,"column":13}},"93":{"start":{"line":235,"column":15},"end":{"line":246,"column":9}},"94":{"start":{"line":236,"column":12},"end":{"line":240,"column":13}},"95":{"start":{"line":237,"column":16},"end":{"line":239,"column":75}},"96":{"start":{"line":242,"column":12},"end":{"line":242,"column":34}},"97":{"start":{"line":243,"column":12},"end":{"line":243,"column":37}},"98":
[...]
,"/Users/aronprice/Dev/pay-theory/pay-theory-ui/src/hooks/context/menu.js": {"path":"/Users/aronprice/Dev/pay-theory/pay-theory-ui/src/hooks/context/menu.js","statementMap":{"0":{"start":{"line":3,"column":20},"end":{"line":3,"column":43}},"1":{"start":{"line":5,"column":28},"end":{"line":5,"column":48}},"2":{"start":{"line":6,"column":28},"end":{"line":6,"column":48}}},"fnMap":{},"branchMap":{},"s":{"0":31,"1":31,"2":31},"f":{},"b":{},"_coverageSchema":"43e27e138ebf9cfc5966b082cf9a028302ed4184","hash":"69736c94467697a2e779a96deed484b831913073"}
,"/Users/aronprice/Dev/pay-theory/pay-theory-ui/src/hooks/context/page.js": {"path":"/Users/aronprice/Dev/pay-theory/pay-theory-ui/src/hooks/context/page.js","statementMap":{"0":{"start":{"line":3,"column":20},"end":{"line":3,"column":68}},"1":{"start":{"line":5,"column":28},"end":{"line":5,"column":48}},"2":{"start":{"line":6,"column":28},"end":{"line":6,"column":48}}},"fnMap":{},"branchMap":{},"s":{"0":31,"1":31,"2":31},"f":{},"b":{},"_coverageSchema":"43e27e138ebf9cfc5966b082cf9a028302ed4184","hash":"384416cef2a167eaa691d3d8aa6041cb1774d5b4"}
,"/Users/aronprice/Dev/pay-theory/pay-theory-ui/src/hooks/context/parent.js": {"path":"/Users/aronprice/Dev/pay-theory/pay-theory-ui/src/hooks/context/parent.js","statementMap":{"0":{"start":{"line":3,"column":22},"end":{"line":3,"column":57}},"1":{"start":{"line":5,"column":30},"end":{"line":5,"column":52}},"2":{"start":{"line":6,"column":30},"end":{"line":6,"column":52}}},"fnMap":{},"branchMap":{},"s":{"0":31,"1":31,"2":31},"f":{},"b":{},"_coverageSchema":"43e27e138ebf9cfc5966b082cf9a028302ed4184","hash":"90a996b7f43473d6a7b8a2d61ab3ec9d28e9740d"}
,"/Users/aronprice/Dev/pay-theory/pay-theory-ui/src/hooks/context/partner.js": {"path":"/Users/aronprice/Dev/pay-theory/pay-theory-ui/src/hooks/context/partner.js","statementMap":{"0":{"start":{"line":3,"column":23},"end":{"line":3,"column":46}},"1":{"start":{"line":5,"column":31},"end":{"line":5,"column":54}},"2":{"start":{"line":6,"column":31},"end":{"line":6,"column":54}}},"fnMap":{},"branchMap":{},"s":{"0":31,"1":31,"2":31},"f":{},"b":{},"_coverageSchema":"43e27e138ebf9cfc5966b082cf9a028302ed4184","hash":"2238d1f8c689c5827e778cdb0c43e9b764a444dd"}
,"/Users/aronprice/Dev/pay-theory/pay-theory-ui/src/hooks/context/partners.js": {"path":"/Users/aronprice/Dev/pay-theory/pay-theory-ui/src/hooks/context/partners.js","statementMap":{"0":{"start":{"line":3,"column":24},"end":{"line":3,"column":47}},"1":{"start":{"line":5,"column":32},"end":{"line":5,"column":56}},"2":{"start":{"line":6,"column":32},"end":{"line":6,"column":56}}},"fnMap":{},"branchMap":{},"s":{"0":31,"1":31,"2":31},"f":{},"b":{},"_coverageSchema":"43e27e138ebf9cfc5966b082cf9a028302ed4184","hash":"3d586c46df6daf7268eb277ad307a44f71598735"}
,"/Users/aronprice/Dev/pay-theory/pay-theory-ui/src/hooks/context/payment-item.js": {"path":"/Users/aronprice/Dev/pay-theory/pay-theory-ui/src/hooks/context/payment-item.js","statementMap":{"0":{"start":{"line":3,"column":27},"end":{"line":3,"column":50}},"1":{"start":{"line":5,"column":35},"end":{"line":5,"column":62}},"2":{"start":{"line":6,"column":35},"end":{"line":6,"column":62}}},"fnMap":{},"branchMap":{},"s":{"0":31,"1":31,"2":31},"f":{},"b":{},"_coverageSchema":"43e27e138ebf9cfc5966b082cf9a028302ed4184","hash":"d1e02306cd908094c2e6d4546c3fc79ab044d3fa"}
,"/Users/aronprice/Dev/pay-theory/pay-theory-ui/src/hooks/context/payment-items.js": {"path":"/Users/aronprice/Dev/pay-theory/pay-theory-ui/src/hooks/context/payment-items.js","statementMap":{"0":{"start":{"line":3,"column":28},"end":{"line":3,"column":51}},"1":{"start":{"line":5,"column":36},"end":{"line":5,"column":64}},"2":{"start":{"line":6,"column":36},"end":{"line":6,"column":64}}},"fnMap":{},"branchMap":{},"s":{"0":31,"1":31,"2":31},"f":{},"b":{},"_coverageSchema":"43e27e138ebf9cfc5966b082cf9a028302ed4184","hash":"10772f763bd2d9b6ab1094a4f9d2f8351c93dda7"}
,"/Users/aronprice/Dev/pay-theory/pay-theory-ui/src/hooks/context/payment.js": {"path":"/Users/aronprice/Dev/pay-theory/pay-theory-ui/src/hooks/context/payment.js","statementMap":{"0":{"start":{"line":3,"column":23},"end":{"line":3,"column":46}},"1":{"start":{"line":5,"column":31},"end":{"line":5,"column":54}},"2":{"start":{"line":6,"column":31},"end":{"line":6,"column":54}}},"fnMap":{},"branchMap":{},"s":{"0":31,"1":31,"2":31},"f":{},"b":{},"_coverageSchema":"43e27e138ebf9cfc5966b082cf9a028302ed4184","hash":"70b84e614711d4a0911deb42cfde0d30c0b96f42"}
,"/Users/aronprice/Dev/pay-theory/pay-theory-ui/src/hooks/context/receipt-review.js": {"path":"/Users/aronprice/Dev/pay-theory/pay-theory-ui/src/hooks/context/receipt-review.js","statementMap":{"0":{"start":{"line":3,"column":29},"end":{"line":3,"column":52}},"1":{"start":{"line":5,"column":37},"end":{"line":5,"column":66}},"2":{"start":{"line":6,"column":37},"end":{"line":6,"column":66}}},"fnMap":{},"branchMap":{},"s":{"0":31,"1":31,"2":31},"f":{},"b":{},"_coverageSchema":"43e27e138ebf9cfc5966b082cf9a028302ed4184","hash":"f0a06ffcdb7651f67acda65a3b5c7bd57be4777f"}
,"/Users/aronprice/Dev/pay-theory/pay-theory-ui/src/hooks/context/receipts.js": {"path":"/Users/aronprice/Dev/pay-theory/pay-theory-ui/src/hooks/context/receipts.js","statementMap":{"0":{"start":{"line":3,"column":24},"end":{"line":3,"column":47}},"1":{"start":{"line":5,"column":32},"end":{"line":5,"column":56}},"2":{"start":{"line":6,"column":32},"end":{"line":6,"column":56}}},"fnMap":{},"branchMap":{},"s":{"0":31,"1":31,"2":31},"f":{},"b":{},"_coverageSchema":"43e27e138ebf9cfc5966b082cf9a028302ed4184","hash":"ed11ed244f315997fd7b2176ff7d7c2fad33c18f"}
,"/Users/aronprice/Dev/pay-theory/pay-theory-ui/src/hooks/context/role.js": {"path":"/Users/aronprice/Dev/pay-theory/pay-theory-ui/src/hooks/context/role.js","statementMap":{"0":{"start":{"line":3,"column":20},"end":{"line":3,"column":53}},"1":{"start":{"line":5,"column":28},"end":{"line":5,"column":48}},"2":{"start":{"line":6,"column":28},"end":{"line":6,"column":48}}},"fnMap":{},"branchMap":{},"s":{"0":31,"1":31,"2":31},"f":{},"b":{},"_coverageSchema":"43e27e138ebf9cfc5966b082cf9a028302ed4184","hash":"aeb32ffab63c1ae463b93e47b4a78ffe39a75146"}
,"/Users/aronprice/Dev/pay-theory/pay-theory-ui/src/hooks/context/roles.js": {"path":"/Users/aronprice/Dev/pay-theory/pay-theory-ui/src/hooks/context/roles.js","statementMap":{"0":{"start":{"line":3,"column":21},"end":{"line":3,"column":55}},"1":{"start":{"line":5,"column":29},"end":{"line":5,"column":50}},"2":{"start":{"line":6,"column":29},"end":{"line":6,"column":50}}},"fnMap":{},"branchMap":{},"s":{"0":31,"1":31,"2":31},"f":{},"b":{},"_coverageSchema":"43e27e138ebf9cfc5966b082cf9a028302ed4184","hash":"017505af1dc8e4859fd1be5d29a16d7d85a57958"}
,"/Users/aronprice/Dev/pay-theory/pay-theory-ui/src/hooks/external/auth0.js": {"path":"/Users/aronprice/Dev/pay-theory/pay-theory-ui/src/hooks/external/auth0.js","statementMap":{"0":{"start":{"line":6,"column":34},"end":{"line":7,"column":77}},"1":{"start":{"line":7,"column":4},"end":{"line":7,"column":77}},"2":{"start":{"line":9,"column":21},"end":{"line":9,"column":42}},"3":{"start":{"line":10,"column":17},"end":{"line":10,"column":47}},"4":{"start":{"line":10,"column":23},"end":{"line":10,"column":47}},"5":{"start":{"line":14,"column":21},"end":{"line":33,"column":1}},"6":{"start":{"line":15,"column":60},"end":{"line":15,"column":70}},"7":{"start":{"line":17,"column":4},"end":{"line":27,"column":59}},"8":{"start":{"line":18,"column":8},"end":{"line":20,"column":9}},"9":{"start":{"line":19,"column":12},"end":{"line":19,"column":18}},"10":{"start":{"line":21,"column":19},"end":{"line":25,"column":9}},"11":{"start":{"line":22,"column":12},"end":{"line":24,"column":14}},"12":{"start":{"line":26,"column":8},"end":{"line":26,"column":12}},"13":{"start":{"line":29,"column":19},"end":{"line":30,"column":66}},"14":{"start":{"line":30,"column":8},"end":{"line":30,"column":66}},"15":{"start":{"line":32,"column":4},"end":{"line":32,"column":58}},"16":{"start":{"line":35,"column":0},"end":{"line":38,"column":1}},"17":{"start":{"line":40,"column":22},"end":{"line":124,"column":1}},"18":{"start":{"line":45,"column":50},"end":{"line":45,"column":60}},"19":{"start":{"line":46,"column":28},"end":{"line":46,"column":38}},"20":{"start":{"line":47,"column":36},"end":{"line":47,"column":46}},"21":{"start":{"line":48,"column":34},"end":{"line":48,"column":48}},"22":{"start":{"line":49,"column":38},"end":{"line":49,"column":53}},"23":{"start":{"line":51,"column":4},"end":{"line":79,"column":10}},"24":{"start":{"line":52,"column":26},"end":{"line":76,"column":9}},"25":{"start":{"line":53,"column":34},"end":{"line":53,"column":70}},"26":{"start":{"line":54,"column":12},"end":{"line":54,"column":35}},"27":{"start":{"line":56,"column":12},"end":{"line":64,"column":13}},"28":{"start":{"line":62,"column":20},"end":{"line":62,"column":64}},"29":{"start":{"line":63,"column":16},"end":{"line":63,"column":44}},"30":{"start":{"line":66,"column":36},"end":{"line":66,"column":73}},"31":{"start":{"line":68,"column":12},"end":{"line":68,"column":47}},"32":{"start":{"line":70,"column":12},"end":{"line":73,"column":13}},"33":{"start":{"line":71,"column":29},"end":{"line":71,"column":58}},"34":{"start":{"line":72,"column":16},"end":{"line":72,"column":29}},"35":{"start":{"line":75,"column":12},"end":{"line":75,"column":29}},"36":{"start":{"line":77,"column":8},"end":{"line":77,"column":19}},"37":{"start":{"line":81,"column":27},"end":{"line":93,"column":5}},"38":{"start":{"line":82,"column":8},"end":{"line":82,"column":26}},"39":{"start":{"line":83,"column":8},"end":{"line":89,"column":9}},"40":{"start":{"line":84,"column":12},"end":{"line":84,"column":52}},"41":{"start":{"line":86,"column":12},"end":{"line":86,"column":32}},"42":{"start":{"line":88,"column":12},"end":{"line":88,"column":31}},"43":{"start":{"line":90,"column":21},"end":{"line":90,"column":48}},"44":{"start":{"line":91,"column":8},"end":{"line":91,"column":21}},"45":{"start":{"line":92,"column":8},"end":{"line":92,"column":32}},"46":{"start":{"line":95,"column":35},"end":{"line":102,"column":5}},"47":{"start":{"line":96,"column":8},"end":{"line":96,"column":24}},"48":{"start":{"line":97,"column":8},"end":{"line":97,"column":50}},"49":{"start":{"line":98,"column":21},"end":{"line":98,"column":48}},"50":{"start":{"line":99,"column":8},"end":{"line":99,"column":25}},"51":{"start":{"line":100,"column":8},"end":{"line":100,"column":32}},"52":{"start":{"line":101,"column":8},"end":{"line":101,"column":21}},"53":{"start":{"line":103,"column":4},"end":{"line":123,"column":5}},"54":{"start":{"line":112,"column":44},"end":{"line":112,"column":78}},"55":{"start":{"line":114,"column":20},"end":{"line":114,"column":55}},"56":{"start":{"line":115,"column":44},"end":{"line":115,"column":78}},"57":{"start":{"line":117,"column":20},"end":{"line":117,"column":55}},"58":{"start":{"line":118,"column":34},"end":{"line":118,"column":58}},"59":{"start":{"line":126,"column":0},"end":{"line":128,"column":1}}},"fnMap":{"0":{"name":"(anonymous_0)","decl":{"start":{"line":6,"column":34},"end":{"line":6,"column":35}},"loc":{"start":{"line":7,"column":4},"end":{"line":7,"column":77}},"line":7},"1":{"name":"(anonymous_1)","decl":{"start":{"line":10,"column":17},"end":{"line":10,"column":18}},"loc":{"start":{"line":10,"column":23},"end":{"line":10,"column":47}},"line":10},"2":{"name":"(anonymous_2)","decl":{"start":{"line":14,"column":21},"end":{"line":14,"column":22}},"loc":{"start":{"line":14,"column":66},"end":{"line":33,"column":1}},"line":14},"3":{"name":"(anonymous_3)","decl":{"start":{"line":17,"column":14},"end":{"line":17,"column":15}},"loc":{"start":{"line":17,"column":20},"end":{"line":27,"column":5}},"line":17},"4":{"name":"(anonymous_4)","decl":{"start":{"line":21,"column":19},"end":{"line":21,"column":20}},"loc":{"start":{"line":21,"column":31},"end":{"line":25,"column":9}},"line":21},"5":{"name":"(anonymous_5)","decl":{"start":{"line":29,"column":19},"end":{"line":29,"column":20}},"loc":{"start":{"line":30,"column":8},"end":{"line":30,"column":66}},"line":30},"6":{"name":"(anonymous_6)","decl":{"start":{"line":40,"column":22},"end":{"line":40,"column":23}},"loc":{"start":{"line":44,"column":6},"end":{"line":124,"column":1}},"line":44},"7":{"name":"(anonymous_7)","decl":{"start":{"line":51,"column":14},"end":{"line":51,"column":15}},"loc":{"start":{"line":51,"column":20},"end":{"line":79,"column":5}},"line":51},"8":{"name":"(anonymous_8)","decl":{"start":{"line":52,"column":26},"end":{"line":52,"column":27}},"loc":{"start":{"line":52,"column":38},"end":{"line":76,"column":9}},"line":52},"9":{"name":"(anonymous_9)","decl":{"start":{"line":81,"column":27},"end":{"line":81,"column":28}},"loc":{"start":{"line":81,"column":50},"end":{"line":93,"column":5}},"line":81},"10":{"name":"(anonymous_10)","decl":{"start":{"line":95,"column":35},"end":{"line":95,"column":36}},"loc":{"start":{"line":95,"column":47},"end":{"line":102,"column":5}},"line":95},"11":{"name":"(anonymous_11)","decl":{"start":{"line":112,"column":34},"end":{"line":112,"column":35}},"loc":{"start":{"line":112,"column":44},"end":{"line":112,"column":78}},"line":112},"12":{"name":"(anonymous_12)","decl":{"start":{"line":113,"column":35},"end":{"line":113,"column":36}},"loc":{"start":{"line":114,"column":20},"end":{"line":114,"column":55}},"line":114},"13":{"name":"(anonymous_13)","decl":{"start":{"line":115,"column":34},"end":{"line":115,"column":35}},"loc":{"start":{"line":115,"column":44},"end":{"line":115,"column":78}},"line":115},"14":{"name":"(anonymous_14)","decl":{"start":{"line":116,"column":35},"end":{"line":116,"column":36}},"loc":{"start":{"line":117,"column":20},"end":{"line":117,"column":55}},"line":117},"15":{"name":"(anonymous_15)","decl":{"start":{"line":118,"column":24},"end":{"line":118,"column":25}},"loc":{"start":{"line":118,"column":34},"end":{"line":118,"column":58}},"line":118}},"branchMap":{"0":{"loc":{"start":{"line":18,"column":8},"end":{"line":20,"column":9}},"type":"if","locations":[{"start":{"line":18,"column":8},"end":{"line":20,"column":9}},{"start":{"line":18,"column":8},"end":{"line":20,"column":9}}],"line":18},"1":{"loc":{"start":{"line":18,"column":12},"end":{"line":18,"column":38}},"type":"binary-expr","locations":[{"start":{"line":18,"column":12},"end":{"line":18,"column":19}},{"start":{"line":18,"column":23},"end":{"line":18,"column":38}}],"line":18},"2":{"loc":{"start":{"line":30,"column":8},"end":{"line":30,"column":66}},"type":"cond-expr","locations":[{"start":{"line":30,"column":35},"end":{"line":30,"column":59}},{"start":{"line":30,"column":62},"end":{"line":30,"column":66}}],"line":30},"3":{"loc":{"start":{"line":42,"column":4},"end":{"line":42,"column":50}},"type":"default-arg","locations":[{"start":{"line":42,"column":25},"end":{"line":42,"column":50}}],"line":42},"4":{"loc":{"start":{"line":56,"column":12},"end":{"line":64,"column":13}},"type":"if","locations":[{"start":{"line":56,"column":12},"end":{"line":64,"column":13}},{"start":{"line":56,"column":12},"end":{"line":64,"column":13}}],"line":56},"5":{"loc":{"start":{"line":57,"column":16},"end":{"line":58,"column":57}},"type":"binary-expr","locations":[{"start":{"line":57,"column":16},"end":{"line":57,"column":56}},{"start":{"line":58,"column":16},"end":{"line":58,"column":57}}],"line":57},"6":{"loc":{"start":{"line":70,"column":12},"end":{"line":73,"column":13}},"type":"if","locations":[{"start":{"line":70,"column":12},"end":{"line":73,"column":13}},{"start":{"line":70,"column":12},"end":{"line":73,"column":13}}],"line":70},"7":{"loc":{"start":{"line":81,"column":34},"end":{"line":81,"column":45}},"type":"default-arg","locations":[{"start":{"line":81,"column":43},"end":{"line":81,"column":45}}],"line":81}},"s":{"0":0,"1":0,"2":0,"3":0,"4":0,"5":0,"6":0,"7":0,"8":0,"9":0,"10":0,"11":0,"12":0,"13":0,"14":0,"15":0,"16":0,"17":0,"18":0,"19":0,"20":0,"21":0,"22":0,"23":0,"24":0,"25":0,"26":0,"27":0,"28":0,"29":0,"30":0,"31":0,"32":0,"33":0,"34":0,"35":0,"36":0,"37":0,"38":0,"39":0,"40":0,"41":0,"42":0,"43":0,"44":0,"45":0,"46":0,"47":0,"48":0,"49":0,"50":0,"51":0,"52":0,"53":0,"54":0,"55":0,"56":0,"57":0,"58":0,"59":0},"f":{"0":0,"1":0,"2":0,"3":0,"4":0,"5":0,"6":0,"7":0,"8":0,"9":0,"10":0,"11":0,"12":0,"13":0,"14":0,"15":0},"b":{"0":[0,0],"1":[0,0],"2":[0,0],"3":[0],"4":[0,0],"5":[0,0],"6":[0,0],"7":[0]},"hash":"51010f2545b5f132339509001f81032d15d7bb8d"}
,"/Users/aronprice/Dev/pay-theory/pay-theory-ui/src/test-data/index.js": {"path":"/Users/aronprice/Dev/pay-theory/pay-theory-ui/src/test-data/index.js","statementMap":{"0":{"start":{"line":2,"column":24},"end":{"line":22,"column":1}},"1":{"start":{"line":26,"column":25},"end":{"line":46,"column":1}},"2":{"start":{"line":50,"column":17},"end":{"line":147,"column":1}},"3":{"start":{"line":151,"column":16},"end":{"line":154,"column":1}},"4":{"start":{"line":156,"column":15},"end":{"line":187,"column":1}},"5":{"start":{"line":191,"column":13},"end":{"line":194,"column":1}},"6":{"start":{"line":198,"column":23},"end":{"line":204,"column":1}},"7":{"start":{"line":206,"column":27},"end":{"line":211,"column":1}},"8":{"start":{"line":215,"column":20},"end":{"line":240,"column":1}},"9":{"start":{"line":243,"column":21},"end":{"line":293,"column":1}},"10":{"start":{"line":297,"column":21},"end":{"line":307,"column":1}},"11":{"start":{"line":310,"column":14},"end":{"line":1331,"column":1}},"12":{"start":{"line":1335,"column":16},"end":{"line":1458,"column":1}},"13":{"start":{"line":1462,"column":21},"end":{"line":1488,"column":1}},"14":{"start":{"line":1492,"column":13},"end":{"line":1517,"column":1}},"15":{"start":{"line":1521,"column":16},"end":{"line":1527,"column":1}},"16":{"start":{"line":1531,"column":17},"end":{"line":1552,"column":1}},"17":{"start":{"line":1557,"column":4},"end":{"line":1557,"column":3618}},"18":{"start":{"line":1559,"column":4},"end":{"line":1559,"column":12734}},"19":{"start":{"line":1561,"column":17},"end":{"line":1600,"column":1}},"20":{"start":{"line":1604,"column":17},"end":{"line":1604,"column":52}},"21":{"start":{"line":1608,"column":15},"end":{"line":1608,"column":52}},"22":{"start":{"line":1612,"column":31},"end":{"line":1672,"column":1}},"23":{"start":{"line":1674,"column":33},"end":{"line":1735,"column":1}},"24":{"start":{"line":1737,"column":32},"end":{"line":1737,"column":34}},"25":{"start":{"line":1739,"column":20},"end":{"line":1746,"column":1}},"26":{"start":{"line":1747,"column":22},"end":{"line":1754,"column":1}},"27":{"start":{"line":1755,"column":22},"end":{"line":1762,"column":1}},"28":{"start":{"line":1763,"column":24},"end":{"line":1770,"column":1}},"29":{"start":{"line":1771,"column":21},"end":{"line":1778,"column":1}},"30":{"start":{"line":1779,"column":23},"end":{"line":1786,"column":1}},"31":{"start":{"line":1788,"column":20},"end":{"line":1788,"column":48}},"32":{"start":{"line":1789,"column":22},"end":{"line":1789,"column":54}},"33":{"start":{"line":1790,"column":21},"end":{"line":1790,"column":51}},"34":{"start":{"line":1792,"column":14},"end":{"line":1796,"column":1}}},"fnMap":{},"branchMap":{},"s":{"0":28,"1":28,"2":28,"3":28,"4":28,"5":28,"6":28,"7":28,"8":28,"9":28,"10":28,"11":28,"12":28,"13":28,"14":28,"15":28,"16":28,"17":28,"18":28,"19":28,"20":28,"21":28,"22":28,"23":28,"24":28,"25":28,"26":28,"27":28,"28":28,"29":28,"30":28,"31":28,"32":28,"33":28,"34":28},"f":{},"b":{},"_coverageSchema":"43e27e138ebf9cfc5966b082cf9a028302ed4184","hash":"1fb9bfbd1db07cdfb8b16292796589c0a55b3a56"}
}
