TN:
SF:/Users/aronprice/Dev/pay-theory/pay-theory-ui/src/index.js
FNF:0
FNH:0
LF:0
LH:0
BRF:0
BRH:0
end_of_record
TN:
SF:/Users/aronprice/Dev/pay-theory/pay-theory-ui/src/admin/index.js
FNF:0
FNH:0
LF:0
LH:0
BRF:0
BRH:0
end_of_record
TN:
SF:/Users/aronprice/Dev/pay-theory/pay-theory-ui/src/admin/AccountCodeBar/index.js
FN:17,(anonymous_0)
FN:19,(anonymous_1)
FN:108,(anonymous_2)
FNF:3
FNH:3
FNDA:2,(anonymous_0)
FNDA:1,(anonymous_1)
FNDA:1,(anonymous_2)
DA:8,1
DA:17,1
DA:18,2
DA:19,2
DA:20,1
DA:21,1
DA:22,1
DA:24,2
DA:109,1
DA:135,1
LF:10
LH:10
BRF:0
BRH:0
end_of_record
TN:
SF:/Users/aronprice/Dev/pay-theory/pay-theory-ui/src/admin/AccountOverview/index.js
FN:8,(anonymous_0)
FN:11,(anonymous_1)
FN:67,(anonymous_2)
FNF:3
FNH:3
FNDA:1,(anonymous_0)
FNDA:1,(anonymous_1)
FNDA:1,(anonymous_2)
DA:8,1
DA:9,1
DA:12,1
DA:68,1
DA:121,1
LF:5
LH:5
BRF:0
BRH:0
end_of_record
TN:
SF:/Users/aronprice/Dev/pay-theory/pay-theory-ui/src/admin/AccountOverviewCard/index.jsx
FN:4,(anonymous_0)
FN:15,(anonymous_1)
FNF:2
FNH:2
FNDA:3,(anonymous_0)
FNDA:2,(anonymous_1)
DA:4,1
DA:5,3
DA:13,3
DA:16,2
DA:17,2
DA:19,2
LF:6
LH:6
BRDA:16,0,0,2
BRDA:16,0,1,0
BRF:2
BRH:1
end_of_record
TN:
SF:/Users/aronprice/Dev/pay-theory/pay-theory-ui/src/admin/AccountTable/index.jsx
FN:12,(anonymous_0)
FN:15,(anonymous_1)
FNF:2
FNH:2
FNDA:1,(anonymous_0)
FNDA:1,(anonymous_1)
DA:12,1
DA:13,1
DA:16,1
DA:49,1
LF:4
LH:4
BRF:0
BRH:0
end_of_record
TN:
SF:/Users/aronprice/Dev/pay-theory/pay-theory-ui/src/admin/AccountsTab/index.jsx
FN:13,(anonymous_0)
FN:15,(anonymous_1)
FNF:2
FNH:2
FNDA:1,(anonymous_0)
FNDA:1,(anonymous_1)
DA:13,1
DA:14,1
DA:16,1
DA:60,1
LF:4
LH:4
BRF:0
BRH:0
end_of_record
TN:
SF:/Users/aronprice/Dev/pay-theory/pay-theory-ui/src/admin/AdminPortal/index.js
FN:11,(anonymous_0)
FN:19,(anonymous_1)
FN:20,(anonymous_2)
FN:25,(anonymous_3)
FN:38,(anonymous_4)
FN:65,(anonymous_5)
FNF:6
FNH:0
FNDA:0,(anonymous_0)
FNDA:0,(anonymous_1)
FNDA:0,(anonymous_2)
FNDA:0,(anonymous_3)
FNDA:0,(anonymous_4)
FNDA:0,(anonymous_5)
DA:11,0
DA:12,0
DA:14,0
DA:16,0
DA:17,0
DA:19,0
DA:20,0
DA:21,0
DA:25,0
DA:26,0
DA:27,0
DA:31,0
DA:39,0
DA:58,0
DA:64,0
DA:65,0
LF:16
LH:0
BRDA:26,0,0,0
BRDA:26,0,1,0
BRF:2
BRH:0
end_of_record
TN:
SF:/Users/aronprice/Dev/pay-theory/pay-theory-ui/src/admin/ConnectionColumn/index.jsx
FN:4,(anonymous_0)
FN:7,(anonymous_1)
FNF:2
FNH:2
FNDA:3,(anonymous_0)
FNDA:2,(anonymous_1)
DA:4,1
DA:5,3
DA:6,3
DA:7,3
DA:8,2
DA:9,1
DA:11,1
DA:14,3
DA:19,3
DA:169,1
LF:10
LH:10
BRDA:5,0,0,1
BRDA:5,0,1,2
BRDA:6,1,0,1
BRDA:6,1,1,2
BRDA:8,2,0,1
BRDA:8,2,1,1
BRDA:14,3,0,1
BRDA:14,3,1,2
BRF:8
BRH:8
end_of_record
TN:
SF:/Users/aronprice/Dev/pay-theory/pay-theory-ui/src/admin/ConnectionEntry/index.js
FNF:0
FNH:0
LF:0
LH:0
BRF:0
BRH:0
end_of_record
TN:
SF:/Users/aronprice/Dev/pay-theory/pay-theory-ui/src/admin/ConnectionEntry/children/Merchant.jsx
FN:8,(anonymous_0)
FNF:1
FNH:1
FNDA:2,(anonymous_0)
DA:8,1
DA:9,2
DA:55,1
LF:3
LH:3
BRDA:39,0,0,1
BRDA:39,0,1,1
BRF:2
BRH:2
end_of_record
TN:
SF:/Users/aronprice/Dev/pay-theory/pay-theory-ui/src/admin/ConnectionEntry/children/Usas.jsx
FN:9,(anonymous_0)
FNF:1
FNH:1
FNDA:2,(anonymous_0)
DA:9,1
DA:10,2
DA:78,1
LF:3
LH:3
BRDA:53,0,0,1
BRDA:53,0,1,1
BRF:2
BRH:2
end_of_record
TN:
SF:/Users/aronprice/Dev/pay-theory/pay-theory-ui/src/admin/DistrictInfoTab/index.jsx
FN:27,(anonymous_0)
FN:30,(anonymous_1)
FN:40,(anonymous_2)
FN:43,(anonymous_3)
FN:51,(anonymous_4)
FN:218,(anonymous_5)
FNF:6
FNH:5
FNDA:8,(anonymous_0)
FNDA:2,(anonymous_1)
FNDA:2,(anonymous_2)
FNDA:0,(anonymous_3)
FNDA:8,(anonymous_4)
FNDA:3,(anonymous_5)
DA:12,1
DA:27,1
DA:28,8
DA:29,8
DA:30,8
DA:31,2
DA:32,2
DA:33,2
DA:37,2
DA:40,8
DA:41,2
DA:42,2
DA:49,8
DA:52,8
DA:53,3
DA:54,3
DA:57,8
DA:219,3
DA:223,1
DA:224,2
DA:227,1
DA:229,1
DA:243,1
LF:23
LH:23
BRDA:34,0,0,1
BRDA:34,0,1,1
BRDA:52,1,0,3
BRDA:52,1,1,5
BRDA:52,2,0,8
BRDA:52,2,1,3
BRDA:219,3,0,1
BRDA:219,3,1,2
BRDA:220,4,0,3
BRDA:220,4,1,2
BRDA:224,5,0,1
BRDA:224,5,1,1
BRF:12
BRH:12
end_of_record
TN:
SF:/Users/aronprice/Dev/pay-theory/pay-theory-ui/src/admin/DistrictOverviewCard/index.jsx
FN:5,(anonymous_0)
FN:7,(anonymous_1)
FNF:2
FNH:2
FNDA:1,(anonymous_0)
FNDA:1,(anonymous_1)
DA:5,1
DA:6,1
DA:8,1
DA:9,1
LF:4
LH:4
BRF:0
BRH:0
end_of_record
TN:
SF:/Users/aronprice/Dev/pay-theory/pay-theory-ui/src/admin/DistrictTable/index.jsx
FN:8,(anonymous_0)
FN:11,(anonymous_1)
FN:12,(anonymous_2)
FN:15,(anonymous_3)
FN:16,(anonymous_4)
FN:25,(anonymous_5)
FN:30,(anonymous_6)
FNF:7
FNH:7
FNDA:2,(anonymous_0)
FNDA:2,(anonymous_1)
FNDA:1,(anonymous_2)
FNDA:1,(anonymous_3)
FNDA:2,(anonymous_4)
FNDA:1,(anonymous_5)
FNDA:1,(anonymous_6)
DA:8,1
DA:9,2
DA:12,2
DA:13,1
DA:15,2
DA:16,1
DA:17,2
DA:26,1
DA:31,1
DA:38,2
DA:84,1
LF:11
LH:11
BRDA:40,0,0,1
BRDA:40,0,1,1
BRF:2
BRH:2
end_of_record
TN:
SF:/Users/aronprice/Dev/pay-theory/pay-theory-ui/src/admin/DonationItemEntry/index.jsx
FN:8,(anonymous_0)
FN:10,(anonymous_1)
FN:12,(anonymous_2)
FNF:3
FNH:2
FNDA:5,(anonymous_0)
FNDA:1,(anonymous_1)
FNDA:0,(anonymous_2)
DA:8,1
DA:9,5
DA:10,5
DA:11,1
DA:13,0
DA:17,5
DA:39,1
LF:7
LH:6
BRF:0
BRH:0
end_of_record
TN:
SF:/Users/aronprice/Dev/pay-theory/pay-theory-ui/src/admin/DonationItemEntry/children/BasicInfo.jsx
FN:14,(anonymous_0)
FN:17,(anonymous_1)
FN:20,(anonymous_2)
FN:23,(anonymous_3)
FN:26,(anonymous_4)
FN:39,(anonymous_5)
FNF:6
FNH:6
FNDA:5,(anonymous_0)
FNDA:5,(anonymous_1)
FNDA:5,(anonymous_2)
FNDA:5,(anonymous_3)
FNDA:2,(anonymous_4)
FNDA:1,(anonymous_5)
DA:14,1
DA:15,5
DA:18,5
DA:21,5
DA:24,5
DA:26,5
DA:27,2
DA:30,2
DA:37,2
DA:39,5
DA:40,1
DA:43,1
DA:51,1
DA:53,5
DA:131,1
LF:15
LH:15
BRDA:31,0,0,1
BRDA:31,0,1,1
BRF:2
BRH:2
end_of_record
TN:
SF:/Users/aronprice/Dev/pay-theory/pay-theory-ui/src/admin/DonationItemEntry/children/PaymentOptions.jsx
FN:10,(anonymous_0)
FN:13,(anonymous_1)
FN:17,(anonymous_2)
FN:20,(anonymous_3)
FN:21,(anonymous_4)
FN:29,(anonymous_5)
FN:35,(anonymous_6)
FN:48,(anonymous_7)
FN:80,(anonymous_8)
FN:96,(anonymous_9)
FN:113,(anonymous_10)
FN:149,(anonymous_11)
FN:162,(anonymous_12)
FN:175,(anonymous_13)
FNF:14
FNH:14
FNDA:5,(anonymous_0)
FNDA:10,(anonymous_1)
FNDA:5,(anonymous_2)
FNDA:5,(anonymous_3)
FNDA:3,(anonymous_4)
FNDA:1,(anonymous_5)
FNDA:1,(anonymous_6)
FNDA:2,(anonymous_7)
FNDA:1,(anonymous_8)
FNDA:1,(anonymous_9)
FNDA:1,(anonymous_10)
FNDA:1,(anonymous_11)
FNDA:1,(anonymous_12)
FNDA:1,(anonymous_13)
DA:10,1
DA:11,5
DA:13,1
DA:14,10
DA:17,1
DA:18,5
DA:21,5
DA:22,3
DA:24,3
DA:26,3
DA:29,5
DA:30,1
DA:31,1
DA:32,1
DA:35,5
DA:36,1
DA:37,1
DA:39,1
DA:40,1
DA:45,1
DA:48,5
DA:49,2
DA:50,2
DA:53,2
DA:65,5
DA:81,1
DA:97,1
DA:114,1
DA:150,1
DA:163,1
DA:176,1
DA:262,1
LF:32
LH:32
BRDA:11,0,0,4
BRDA:11,0,1,1
BRDA:14,1,0,2
BRDA:14,1,1,8
BRDA:39,2,0,1
BRDA:140,3,0,5
BRDA:140,3,1,1
BRF:7
BRH:7
end_of_record
TN:
SF:/Users/aronprice/Dev/pay-theory/pay-theory-ui/src/admin/DonationItemEntry/children/PublicationOptions.jsx
FN:11,(anonymous_0)
FN:15,(anonymous_1)
FN:18,(anonymous_2)
FN:27,(anonymous_3)
FN:40,(anonymous_4)
FN:107,(anonymous_5)
FN:118,(anonymous_6)
FN:135,(anonymous_7)
FNF:8
FNH:5
FNDA:10,(anonymous_0)
FNDA:5,(anonymous_1)
FNDA:5,(anonymous_2)
FNDA:1,(anonymous_3)
FNDA:0,(anonymous_4)
FNDA:0,(anonymous_5)
FNDA:0,(anonymous_6)
FNDA:1,(anonymous_7)
DA:11,1
DA:12,10
DA:15,1
DA:16,5
DA:19,5
DA:23,5
DA:27,5
DA:28,1
DA:29,1
DA:30,1
DA:34,1
DA:35,1
DA:37,1
DA:40,5
DA:41,0
DA:42,0
DA:43,0
DA:44,0
DA:97,5
DA:107,0
DA:118,0
DA:135,1
DA:241,1
LF:23
LH:17
BRDA:12,0,0,1
BRDA:12,0,1,9
BRDA:19,1,0,1
BRDA:19,1,1,4
BRDA:23,2,0,1
BRDA:23,2,1,4
BRDA:30,3,0,1
BRDA:30,3,1,0
BRDA:31,4,0,1
BRDA:31,4,1,1
BRF:10
BRH:9
end_of_record
TN:
SF:/Users/aronprice/Dev/pay-theory/pay-theory-ui/src/admin/DonationItemEntry/children/index.js
FNF:0
FNH:0
LF:0
LH:0
BRF:0
BRH:0
end_of_record
TN:
SF:/Users/aronprice/Dev/pay-theory/pay-theory-ui/src/admin/ModalCreateAccount/index.jsx
FN:22,(anonymous_0)
FN:27,(anonymous_1)
FN:33,(anonymous_2)
FN:36,(anonymous_3)
FN:49,(anonymous_4)
FN:62,(anonymous_5)
FNF:6
FNH:5
FNDA:7,(anonymous_0)
FNDA:3,(anonymous_1)
FNDA:2,(anonymous_2)
FNDA:0,(anonymous_3)
FNDA:3,(anonymous_4)
FNDA:1,(anonymous_5)
DA:16,1
DA:22,1
DA:23,7
DA:27,7
DA:28,3
DA:29,3
DA:30,3
DA:33,7
DA:34,2
DA:35,2
DA:42,7
DA:50,3
DA:51,3
DA:52,3
DA:54,3
DA:56,3
DA:57,1
DA:60,3
DA:61,3
DA:62,1
DA:63,1
DA:69,2
DA:70,2
DA:113,1
LF:24
LH:24
BRDA:56,0,0,1
BRDA:56,0,1,2
BRDA:61,1,0,1
BRDA:61,1,1,2
BRDA:69,2,0,2
BRF:5
BRH:5
end_of_record
TN:
SF:/Users/aronprice/Dev/pay-theory/pay-theory-ui/src/admin/ModalCreateDistrict/index.jsx
FN:13,(anonymous_0)
FN:22,(anonymous_1)
FN:31,(anonymous_2)
FN:43,(anonymous_3)
FNF:4
FNH:4
FNDA:3,(anonymous_0)
FNDA:1,(anonymous_1)
FNDA:1,(anonymous_2)
FNDA:1,(anonymous_3)
DA:9,1
DA:13,1
DA:14,3
DA:18,3
DA:23,1
DA:24,1
DA:26,1
DA:27,1
DA:31,1
DA:32,1
DA:44,1
DA:45,1
DA:46,1
DA:65,1
LF:14
LH:14
BRF:0
BRH:0
end_of_record
TN:
SF:/Users/aronprice/Dev/pay-theory/pay-theory-ui/src/admin/ModalCreatePartner/index.jsx
FN:13,(anonymous_0)
FN:18,(anonymous_1)
FN:28,(anonymous_2)
FN:32,(anonymous_3)
FNF:4
FNH:4
FNDA:3,(anonymous_0)
FNDA:1,(anonymous_1)
FNDA:1,(anonymous_2)
FNDA:1,(anonymous_3)
DA:9,1
DA:13,1
DA:14,3
DA:18,3
DA:19,1
DA:20,1
DA:21,1
DA:24,3
DA:29,1
DA:30,1
DA:31,1
DA:32,1
DA:33,1
DA:62,1
LF:14
LH:14
BRF:0
BRH:0
end_of_record
TN:
SF:/Users/aronprice/Dev/pay-theory/pay-theory-ui/src/admin/ModalCreatePaymentItem/index.jsx
FN:20,(anonymous_0)
FN:26,(anonymous_1)
FN:35,(anonymous_2)
FN:51,(anonymous_3)
FNF:4
FNH:4
FNDA:5,(anonymous_0)
FNDA:2,(anonymous_1)
FNDA:1,(anonymous_2)
FNDA:1,(anonymous_3)
DA:14,1
DA:20,1
DA:21,5
DA:26,5
DA:27,2
DA:28,2
DA:32,2
DA:35,5
DA:36,1
DA:37,1
DA:42,1
DA:44,5
DA:52,1
DA:53,1
DA:54,1
DA:91,1
LF:16
LH:16
BRDA:29,0,0,1
BRDA:29,0,1,1
BRF:2
BRH:2
end_of_record
TN:
SF:/Users/aronprice/Dev/pay-theory/pay-theory-ui/src/admin/ModalCreateRole/index.jsx
FN:12,(anonymous_0)
FN:18,(anonymous_1)
FN:28,(anonymous_2)
FN:33,(anonymous_3)
FNF:4
FNH:4
FNDA:3,(anonymous_0)
FNDA:1,(anonymous_1)
FNDA:1,(anonymous_2)
FNDA:1,(anonymous_3)
DA:12,1
DA:13,3
DA:18,3
DA:19,1
DA:20,1
DA:21,1
DA:24,3
DA:29,1
DA:30,1
DA:31,1
DA:34,1
DA:81,1
LF:12
LH:12
BRF:0
BRH:0
end_of_record
TN:
SF:/Users/aronprice/Dev/pay-theory/pay-theory-ui/src/admin/ModalReceiptTransactions/index.jsx
FN:7,(anonymous_0)
FN:19,(anonymous_1)
FN:20,(anonymous_2)
FN:54,(anonymous_3)
FNF:4
FNH:4
FNDA:1,(anonymous_0)
FNDA:1,(anonymous_1)
FNDA:1,(anonymous_2)
FNDA:1,(anonymous_3)
DA:7,1
DA:8,1
DA:19,1
DA:20,1
DA:21,1
DA:54,1
DA:55,1
DA:68,1
LF:8
LH:8
BRF:0
BRH:0
end_of_record
TN:
SF:/Users/aronprice/Dev/pay-theory/pay-theory-ui/src/admin/PartnerInfoTab/index.jsx
FN:13,(anonymous_0)
FN:18,(anonymous_1)
FN:26,(anonymous_2)
FN:45,(anonymous_3)
FNF:4
FNH:3
FNDA:1,(anonymous_0)
FNDA:1,(anonymous_1)
FNDA:1,(anonymous_2)
FNDA:0,(anonymous_3)
DA:11,1
DA:13,1
DA:14,1
DA:18,1
DA:19,1
DA:20,0
DA:24,1
DA:27,1
DA:28,1
DA:46,0
DA:107,1
LF:11
LH:9
BRDA:19,0,0,0
BRDA:19,0,1,1
BRF:2
BRH:1
end_of_record
TN:
SF:/Users/aronprice/Dev/pay-theory/pay-theory-ui/src/admin/PartnerOverviewCard/index.jsx
FN:4,(anonymous_0)
FN:6,(anonymous_1)
FNF:2
FNH:2
FNDA:1,(anonymous_0)
FNDA:1,(anonymous_1)
DA:4,1
DA:5,1
DA:7,1
LF:3
LH:3
BRF:0
BRH:0
end_of_record
TN:
SF:/Users/aronprice/Dev/pay-theory/pay-theory-ui/src/admin/PartnerTable/index.jsx
FN:7,(anonymous_0)
FN:10,(anonymous_1)
FN:11,(anonymous_2)
FN:14,(anonymous_3)
FN:15,(anonymous_4)
FN:24,(anonymous_5)
FN:29,(anonymous_6)
FNF:7
FNH:7
FNDA:1,(anonymous_0)
FNDA:1,(anonymous_1)
FNDA:1,(anonymous_2)
FNDA:1,(anonymous_3)
FNDA:2,(anonymous_4)
FNDA:1,(anonymous_5)
FNDA:1,(anonymous_6)
DA:7,1
DA:8,1
DA:11,1
DA:12,1
DA:14,1
DA:15,1
DA:16,2
DA:25,1
DA:30,1
DA:37,1
DA:58,1
LF:11
LH:11
BRF:0
BRH:0
end_of_record
TN:
SF:/Users/aronprice/Dev/pay-theory/pay-theory-ui/src/admin/PaymentItemDiscontinueCard/index.jsx
FN:9,(anonymous_0)
FN:13,(anonymous_1)
FN:16,(anonymous_2)
FNF:3
FNH:3
FNDA:1,(anonymous_0)
FNDA:2,(anonymous_1)
FNDA:2,(anonymous_2)
DA:9,1
DA:10,1
DA:13,1
DA:14,2
DA:17,2
DA:18,1
DA:94,1
DA:101,1
LF:8
LH:8
BRDA:17,0,0,1
BRDA:17,0,1,1
BRF:2
BRH:2
end_of_record
TN:
SF:/Users/aronprice/Dev/pay-theory/pay-theory-ui/src/admin/PaymentItemPublishCard/index.jsx
FN:8,(anonymous_0)
FN:11,(anonymous_1)
FNF:2
FNH:2
FNDA:2,(anonymous_0)
FNDA:2,(anonymous_1)
DA:8,1
DA:9,2
DA:12,2
DA:93,1
LF:4
LH:4
BRF:0
BRH:0
end_of_record
TN:
SF:/Users/aronprice/Dev/pay-theory/pay-theory-ui/src/admin/PaymentItemTable/index.jsx
FN:7,(anonymous_0)
FN:10,(anonymous_1)
FN:11,(anonymous_2)
FN:21,(anonymous_3)
FN:22,(anonymous_4)
FN:39,(anonymous_5)
FN:44,(anonymous_6)
FNF:7
FNH:7
FNDA:1,(anonymous_0)
FNDA:1,(anonymous_1)
FNDA:1,(anonymous_2)
FNDA:1,(anonymous_3)
FNDA:2,(anonymous_4)
FNDA:1,(anonymous_5)
FNDA:1,(anonymous_6)
DA:7,1
DA:8,1
DA:11,1
DA:12,1
DA:21,1
DA:22,1
DA:23,2
DA:40,1
DA:45,1
DA:52,1
DA:122,1
LF:11
LH:11
BRF:0
BRH:0
end_of_record
TN:
SF:/Users/aronprice/Dev/pay-theory/pay-theory-ui/src/admin/PaymentsOverview/index.jsx
FN:31,(anonymous_0)
FN:49,(anonymous_1)
FN:51,(anonymous_2)
FN:57,(anonymous_3)
FN:68,(anonymous_4)
FN:75,(anonymous_5)
FN:76,(anonymous_6)
FN:85,(anonymous_7)
FN:112,(anonymous_8)
FN:118,(anonymous_9)
FN:124,(anonymous_10)
FN:130,(anonymous_11)
FN:134,(anonymous_12)
FN:135,(anonymous_13)
FN:136,(anonymous_14)
FN:167,(anonymous_15)
FNF:16
FNH:15
FNDA:9,(anonymous_0)
FNDA:9,(anonymous_1)
FNDA:9,(anonymous_2)
FNDA:8,(anonymous_3)
FNDA:3,(anonymous_4)
FNDA:3,(anonymous_5)
FNDA:9,(anonymous_6)
FNDA:3,(anonymous_7)
FNDA:0,(anonymous_8)
FNDA:1,(anonymous_9)
FNDA:1,(anonymous_10)
FNDA:1,(anonymous_11)
FNDA:2,(anonymous_12)
FNDA:8,(anonymous_13)
FNDA:9,(anonymous_14)
FNDA:1,(anonymous_15)
DA:8,1
DA:31,1
DA:33,9
DA:35,4
DA:36,4
DA:38,1
DA:39,1
DA:41,0
DA:42,0
DA:44,4
DA:45,4
DA:47,9
DA:49,1
DA:50,9
DA:51,9
DA:52,9
DA:54,9
DA:57,1
DA:58,8
DA:68,1
DA:69,3
DA:70,3
DA:71,3
DA:72,3
DA:73,3
DA:75,1
DA:76,3
DA:77,9
DA:78,9
DA:79,9
DA:80,9
DA:81,9
DA:85,1
DA:88,3
DA:90,1
DA:91,1
DA:93,1
DA:94,1
DA:96,1
DA:97,1
DA:99,0
DA:100,0
DA:102,3
DA:103,3
DA:104,3
DA:107,1
DA:112,0
DA:118,1
DA:124,1
DA:130,1
DA:134,1
DA:135,2
DA:136,8
DA:137,9
DA:140,9
DA:167,1
DA:171,2
DA:298,1
LF:58
LH:53
BRDA:33,0,0,4
BRDA:33,0,1,1
BRDA:33,0,2,0
BRDA:33,0,3,4
BRDA:88,1,0,1
BRDA:88,1,1,1
BRDA:88,1,2,1
BRDA:88,1,3,0
BRDA:137,2,0,7
BRDA:137,2,1,2
BRF:10
BRH:8
end_of_record
TN:
SF:/Users/aronprice/Dev/pay-theory/pay-theory-ui/src/admin/ReceiptReviewTable/excelUtils.js
FN:18,(anonymous_0)
FN:42,(anonymous_1)
FN:53,(anonymous_2)
FN:69,(anonymous_3)
FN:84,(anonymous_4)
FN:91,(anonymous_5)
FN:92,(anonymous_6)
FN:112,(anonymous_7)
FN:128,(anonymous_8)
FN:248,(anonymous_9)
FNF:10
FNH:10
FNDA:9,(anonymous_0)
FNDA:3,(anonymous_1)
FNDA:31,(anonymous_2)
FNDA:31,(anonymous_3)
FNDA:252,(anonymous_4)
FNDA:252,(anonymous_5)
FNDA:126,(anonymous_6)
FNDA:64,(anonymous_7)
FNDA:4,(anonymous_8)
FNDA:10,(anonymous_9)
DA:4,1
DA:18,1
DA:19,9
DA:20,9
DA:21,9
DA:23,9
DA:24,9
DA:26,9
DA:28,9
DA:29,9
DA:30,9
DA:32,9
DA:39,9
DA:42,1
DA:44,3
DA:45,3
DA:46,3
DA:47,3
DA:53,1
DA:55,31
DA:69,1
DA:71,31
DA:84,1
DA:85,252
DA:86,243
DA:88,9
DA:91,252
DA:92,1
DA:94,126
DA:95,126
DA:96,126
DA:97,126
DA:99,126
DA:100,126
DA:102,126
DA:103,126
DA:105,126
DA:106,126
DA:107,117
DA:109,126
DA:112,1
DA:113,64
DA:116,64
DA:119,64
DA:121,64
DA:126,64
DA:128,1
DA:130,4
DA:134,4
DA:135,4
DA:136,4
DA:140,4
DA:142,3
DA:143,3
DA:144,3
DA:145,3
DA:146,3
DA:148,3
DA:157,3
DA:158,3
DA:159,3
DA:160,3
DA:161,3
DA:162,3
DA:163,3
DA:164,3
DA:165,3
DA:167,3
DA:168,3
DA:170,3
DA:171,1
DA:173,3
DA:174,51
DA:175,51
DA:176,31
DA:177,31
DA:179,31
DA:181,31
DA:183,31
DA:189,31
DA:194,31
DA:196,31
DA:210,31
DA:215,31
DA:216,10
DA:217,10
DA:220,31
DA:223,31
DA:225,31
DA:228,31
DA:230,31
DA:235,20
DA:236,10
DA:237,7
DA:242,10
DA:243,10
DA:244,10
DA:245,10
DA:248,3
DA:249,10
DA:257,3
DA:258,3
DA:259,3
DA:260,3
DA:262,3
DA:269,3
LF:106
LH:106
BRDA:55,0,0,31
BRDA:71,1,0,31
BRDA:85,2,0,243
BRDA:85,2,1,9
BRDA:85,3,0,252
BRDA:85,3,1,252
BRDA:106,4,0,117
BRDA:106,4,1,9
BRDA:121,5,0,64
BRDA:140,6,0,1
BRDA:140,6,1,3
BRDA:170,7,0,1
BRDA:170,7,1,2
BRDA:175,8,0,31
BRDA:175,8,1,20
BRDA:175,9,0,51
BRDA:175,9,1,31
BRDA:175,9,2,31
BRDA:185,10,0,20
BRDA:185,10,1,11
BRDA:189,11,0,23
BRDA:189,11,1,8
BRDA:215,12,0,10
BRDA:215,12,1,21
BRDA:235,13,0,10
BRDA:235,13,1,10
BRDA:235,14,0,20
BRDA:235,14,1,10
BRDA:236,15,0,7
BRDA:236,15,1,3
BRF:30
BRH:30
end_of_record
TN:
SF:/Users/aronprice/Dev/pay-theory/pay-theory-ui/src/admin/ReceiptReviewTable/index.jsx
FN:11,(anonymous_0)
FN:20,(anonymous_1)
FN:36,(anonymous_2)
FN:37,(anonymous_3)
FN:57,(anonymous_4)
FN:67,(anonymous_5)
FN:82,(anonymous_6)
FN:123,(anonymous_7)
FN:125,(anonymous_8)
FN:131,(anonymous_9)
FN:133,(anonymous_10)
FN:141,(anonymous_11)
FN:145,(anonymous_12)
FN:172,(anonymous_13)
FNF:14
FNH:12
FNDA:16,(anonymous_0)
FNDA:10,(anonymous_1)
FNDA:10,(anonymous_2)
FNDA:11,(anonymous_3)
FNDA:1,(anonymous_4)
FNDA:12,(anonymous_5)
FNDA:10,(anonymous_6)
FNDA:1,(anonymous_7)
FNDA:0,(anonymous_8)
FNDA:3,(anonymous_9)
FNDA:0,(anonymous_10)
FNDA:12,(anonymous_11)
FNDA:12,(anonymous_12)
FNDA:1,(anonymous_13)
DA:11,1
DA:12,16
DA:13,16
DA:14,16
DA:15,16
DA:16,16
DA:17,16
DA:18,16
DA:20,16
DA:21,10
DA:36,16
DA:37,10
DA:38,11
DA:39,11
DA:40,11
DA:41,11
DA:58,1
DA:67,16
DA:68,12
DA:69,4
DA:70,4
DA:72,4
DA:73,1
DA:74,1
DA:78,3
DA:79,3
DA:81,3
DA:83,10
DA:118,3
DA:123,16
DA:124,1
DA:126,0
DA:131,16
DA:132,3
DA:134,0
DA:139,16
DA:142,12
DA:143,12
DA:146,12
DA:148,12
DA:172,1
DA:256,1
DA:258,1
LF:43
LH:41
BRDA:68,0,0,4
BRDA:68,0,1,8
BRDA:68,1,0,12
BRDA:68,1,1,8
BRDA:68,1,2,4
BRDA:72,2,0,1
BRDA:72,2,1,3
BRDA:167,3,0,6
BRDA:167,3,1,6
BRF:9
BRH:9
end_of_record
TN:
SF:/Users/aronprice/Dev/pay-theory/pay-theory-ui/src/admin/ReceiptUploader/index.jsx
FN:7,(anonymous_0)
FN:9,(anonymous_1)
FN:20,(anonymous_2)
FN:29,(anonymous_3)
FNF:4
FNH:4
FNDA:3,(anonymous_0)
FNDA:1,(anonymous_1)
FNDA:1,(anonymous_2)
FNDA:5,(anonymous_3)
DA:7,1
DA:8,3
DA:9,3
DA:10,1
DA:11,1
DA:13,3
DA:21,1
DA:30,5
DA:94,1
LF:9
LH:9
BRDA:17,0,0,2
BRDA:17,0,1,1
BRDA:34,1,0,0
BRDA:34,1,1,5
BRF:4
BRH:3
end_of_record
TN:
SF:/Users/aronprice/Dev/pay-theory/pay-theory-ui/src/admin/ReceiptsTable/index.jsx
FN:7,(anonymous_0)
FN:29,(anonymous_1)
FN:34,(anonymous_2)
FN:37,(anonymous_3)
FN:38,(anonymous_4)
FN:60,(anonymous_5)
FN:61,(anonymous_6)
FN:90,(anonymous_7)
FNF:8
FNH:8
FNDA:2,(anonymous_0)
FNDA:4,(anonymous_1)
FNDA:2,(anonymous_2)
FNDA:2,(anonymous_3)
FNDA:2,(anonymous_4)
FNDA:2,(anonymous_5)
FNDA:2,(anonymous_6)
FNDA:1,(anonymous_7)
DA:7,1
DA:9,2
DA:10,2
DA:11,2
DA:12,2
DA:15,2
DA:18,2
DA:26,2
DA:29,1
DA:30,4
DA:31,4
DA:34,1
DA:35,2
DA:38,2
DA:39,2
DA:60,2
DA:61,2
DA:62,2
DA:90,1
DA:95,2
DA:132,1
LF:21
LH:21
BRF:0
BRH:0
end_of_record
TN:
SF:/Users/aronprice/Dev/pay-theory/pay-theory-ui/src/admin/RoleInfoTab/const.js
FNF:0
FNH:0
DA:1,2
LF:1
LH:1
BRF:0
BRH:0
end_of_record
TN:
SF:/Users/aronprice/Dev/pay-theory/pay-theory-ui/src/admin/RoleInfoTab/index.jsx
FN:30,(anonymous_0)
FN:33,(anonymous_1)
FN:39,(anonymous_2)
FN:46,(anonymous_3)
FN:51,(anonymous_4)
FN:57,(anonymous_5)
FN:71,(anonymous_6)
FN:81,(anonymous_7)
FN:144,(anonymous_8)
FNF:9
FNH:8
FNDA:7,(anonymous_0)
FNDA:1,(anonymous_1)
FNDA:2,(anonymous_2)
FNDA:3,(anonymous_3)
FNDA:9,(anonymous_4)
FNDA:0,(anonymous_5)
FNDA:7,(anonymous_6)
FNDA:14,(anonymous_7)
FNDA:1,(anonymous_8)
DA:12,1
DA:30,1
DA:31,7
DA:32,7
DA:33,7
DA:34,1
DA:35,1
DA:36,1
DA:37,1
DA:39,7
DA:40,2
DA:41,2
DA:42,2
DA:43,2
DA:46,7
DA:47,3
DA:48,3
DA:49,3
DA:51,9
DA:54,3
DA:62,3
DA:64,0
DA:65,0
DA:69,7
DA:72,7
DA:73,2
DA:74,2
DA:77,7
DA:81,7
DA:82,14
DA:94,7
DA:97,7
DA:145,1
DA:187,1
LF:34
LH:32
BRDA:49,0,0,3
BRDA:49,0,1,0
BRDA:72,1,0,2
BRDA:72,1,1,5
BRDA:72,2,0,7
BRDA:72,2,1,2
BRDA:77,3,0,2
BRDA:77,3,1,5
BRDA:94,4,0,1
BRDA:94,4,1,6
BRF:10
BRH:9
end_of_record
TN:
SF:/Users/aronprice/Dev/pay-theory/pay-theory-ui/src/admin/RoleInfoTab/children/AccessOptions.jsx
FN:7,(anonymous_0)
FN:22,(anonymous_1)
FN:38,(anonymous_2)
FNF:3
FNH:3
FNDA:7,(anonymous_0)
FNDA:1,(anonymous_1)
FNDA:1,(anonymous_2)
DA:7,1
DA:8,7
DA:22,1
DA:38,1
DA:67,1
LF:5
LH:5
BRF:0
BRH:0
end_of_record
TN:
SF:/Users/aronprice/Dev/pay-theory/pay-theory-ui/src/admin/RoleInfoTab/children/AccessPageAccordion.jsx
FN:6,(anonymous_0)
FN:9,(anonymous_1)
FN:13,(anonymous_2)
FN:38,(anonymous_3)
FN:46,(anonymous_4)
FNF:5
FNH:5
FNDA:17,(anonymous_0)
FNDA:8,(anonymous_1)
FNDA:5,(anonymous_2)
FNDA:1,(anonymous_3)
FNDA:35,(anonymous_4)
DA:6,1
DA:7,17
DA:8,17
DA:9,17
DA:10,8
DA:11,3
DA:12,5
DA:13,5
DA:38,17
DA:39,1
DA:40,1
DA:41,0
DA:42,0
DA:46,17
DA:47,35
DA:64,17
DA:349,1
LF:17
LH:15
BRDA:10,0,0,3
BRDA:10,0,1,5
BRDA:12,1,0,5
BRDA:12,1,1,0
BRDA:40,2,0,0
BRDA:40,2,1,1
BRDA:40,3,0,1
BRDA:40,3,1,0
BRF:8
BRH:5
end_of_record
TN:
SF:/Users/aronprice/Dev/pay-theory/pay-theory-ui/src/admin/RoleInfoTab/children/AccessSubPage.jsx
FN:6,(anonymous_0)
FN:13,(anonymous_1)
FNF:2
FNH:2
FNDA:35,(anonymous_0)
FNDA:1,(anonymous_1)
DA:6,1
DA:7,35
DA:13,1
DA:29,1
LF:4
LH:4
BRF:0
BRH:0
end_of_record
TN:
SF:/Users/aronprice/Dev/pay-theory/pay-theory-ui/src/admin/RoleInfoTab/children/index.jsx
FNF:0
FNH:0
LF:0
LH:0
BRF:0
BRH:0
end_of_record
TN:
SF:/Users/aronprice/Dev/pay-theory/pay-theory-ui/src/admin/RolesOverview/index.jsx
FN:30,(anonymous_0)
FN:37,(anonymous_1)
FN:44,(anonymous_2)
FN:45,(anonymous_3)
FN:54,(anonymous_4)
FN:55,(anonymous_5)
FN:78,(anonymous_6)
FN:84,(anonymous_7)
FN:90,(anonymous_8)
FN:94,(anonymous_9)
FN:95,(anonymous_10)
FN:105,(anonymous_11)
FN:106,(anonymous_12)
FN:131,(anonymous_13)
FN:156,(anonymous_14)
FN:181,(anonymous_15)
FNF:16
FNH:16
FNDA:6,(anonymous_0)
FNDA:3,(anonymous_1)
FNDA:3,(anonymous_2)
FNDA:6,(anonymous_3)
FNDA:2,(anonymous_4)
FNDA:3,(anonymous_5)
FNDA:1,(anonymous_6)
FNDA:1,(anonymous_7)
FNDA:1,(anonymous_8)
FNDA:6,(anonymous_9)
FNDA:6,(anonymous_10)
FNDA:1,(anonymous_11)
FNDA:1,(anonymous_12)
FNDA:1,(anonymous_13)
FNDA:1,(anonymous_14)
FNDA:1,(anonymous_15)
DA:9,1
DA:30,1
DA:31,6
DA:37,1
DA:38,3
DA:39,3
DA:40,3
DA:41,3
DA:42,3
DA:44,1
DA:45,3
DA:46,6
DA:47,6
DA:48,6
DA:49,6
DA:50,6
DA:54,1
DA:55,2
DA:70,3
DA:73,2
DA:78,1
DA:84,1
DA:90,1
DA:94,2
DA:95,6
DA:96,6
DA:105,1
DA:106,1
DA:111,2
DA:132,1
DA:157,1
DA:182,1
DA:219,1
LF:33
LH:33
BRF:0
BRH:0
end_of_record
TN:
SF:/Users/aronprice/Dev/pay-theory/pay-theory-ui/src/admin/RolesTab/index.jsx
FN:7,(anonymous_0)
FNF:1
FNH:1
FNDA:6,(anonymous_0)
DA:7,1
DA:8,6
DA:35,1
LF:3
LH:3
BRF:0
BRH:0
end_of_record
TN:
SF:/Users/aronprice/Dev/pay-theory/pay-theory-ui/src/admin/SalesTab/index.jsx
FN:7,(anonymous_0)
FNF:1
FNH:1
FNDA:8,(anonymous_0)
DA:7,1
DA:8,8
DA:35,1
LF:3
LH:3
BRF:0
BRH:0
end_of_record
TN:
SF:/Users/aronprice/Dev/pay-theory/pay-theory-ui/src/admin/TransactionItems/index.jsx
FN:7,(anonymous_0)
FNF:1
FNH:1
FNDA:2,(anonymous_0)
DA:7,1
DA:8,2
DA:278,1
LF:3
LH:3
BRF:0
BRH:0
end_of_record
TN:
SF:/Users/aronprice/Dev/pay-theory/pay-theory-ui/src/admin/TransactionItems/children/LineItems.jsx
FN:8,(anonymous_0)
FN:16,(anonymous_1)
FN:19,(anonymous_2)
FN:25,(anonymous_3)
FN:45,(anonymous_4)
FN:48,(anonymous_5)
FN:49,(anonymous_6)
FN:56,(anonymous_7)
FN:85,(anonymous_8)
FN:112,(anonymous_9)
FN:123,(anonymous_10)
FN:187,(anonymous_11)
FNF:12
FNH:12
FNDA:12,(anonymous_0)
FNDA:6,(anonymous_1)
FNDA:2,(anonymous_2)
FNDA:2,(anonymous_3)
FNDA:12,(anonymous_4)
FNDA:12,(anonymous_5)
FNDA:12,(anonymous_6)
FNDA:12,(anonymous_7)
FNDA:2,(anonymous_8)
FNDA:12,(anonymous_9)
FNDA:2,(anonymous_10)
FNDA:2,(anonymous_11)
DA:8,1
DA:9,12
DA:10,12
DA:11,12
DA:12,12
DA:14,12
DA:15,12
DA:16,12
DA:17,6
DA:19,2
DA:25,12
DA:26,2
DA:27,2
DA:28,1
DA:30,1
DA:32,1
DA:34,2
DA:38,12
DA:43,12
DA:46,12
DA:49,12
DA:50,12
DA:51,12
DA:53,12
DA:55,12
DA:56,12
DA:57,12
DA:59,12
DA:63,12
DA:86,2
DA:87,1
DA:93,1
DA:113,12
DA:126,2
DA:188,2
DA:402,1
LF:36
LH:36
BRDA:27,0,0,1
BRDA:27,0,1,1
BRDA:38,1,0,4
BRDA:38,1,1,8
BRDA:74,2,0,12
BRDA:74,2,1,8
BRDA:80,3,0,12
BRDA:80,3,1,4
BRDA:86,4,0,1
BRDA:86,4,1,1
BRF:10
BRH:10
end_of_record
TN:
SF:/Users/aronprice/Dev/pay-theory/pay-theory-ui/src/admin/TransactionItems/children/index.js
FNF:0
FNH:0
LF:0
LH:0
BRF:0
BRH:0
end_of_record
TN:
SF:/Users/aronprice/Dev/pay-theory/pay-theory-ui/src/admin/TransactionOverview/index.jsx
FN:6,(anonymous_0)
FNF:1
FNH:1
FNDA:2,(anonymous_0)
DA:6,1
DA:7,2
LF:2
LH:2
BRF:0
BRH:0
end_of_record
TN:
SF:/Users/aronprice/Dev/pay-theory/pay-theory-ui/src/admin/TransactionOverview/children/Meta.jsx
FN:6,(anonymous_0)
FN:9,(anonymous_1)
FN:10,(anonymous_2)
FN:20,(anonymous_3)
FNF:4
FNH:4
FNDA:2,(anonymous_0)
FNDA:2,(anonymous_1)
FNDA:2,(anonymous_2)
FNDA:1,(anonymous_3)
DA:6,1
DA:7,2
DA:10,2
DA:11,2
DA:12,2
DA:16,2
DA:20,2
DA:21,1
DA:37,2
LF:9
LH:9
BRDA:52,0,0,1
BRDA:52,0,1,1
BRDA:72,1,0,1
BRDA:72,1,1,1
BRDA:78,2,0,1
BRDA:78,2,1,1
BRDA:86,3,0,1
BRDA:86,3,1,1
BRF:8
BRH:8
end_of_record
TN:
SF:/Users/aronprice/Dev/pay-theory/pay-theory-ui/src/admin/TransactionOverview/children/index.js
FNF:0
FNH:0
LF:0
LH:0
BRF:0
BRH:0
end_of_record
TN:
SF:/Users/aronprice/Dev/pay-theory/pay-theory-ui/src/common/accountCodeUtils.js
FN:1,(anonymous_0)
FN:32,(anonymous_1)
FNF:2
FNH:2
FNDA:10,(anonymous_0)
FNDA:10,(anonymous_1)
DA:1,3
DA:2,10
DA:4,10
DA:7,10
DA:14,10
DA:21,10
DA:27,10
DA:29,10
DA:32,3
DA:33,10
DA:35,10
DA:40,10
DA:47,10
DA:54,10
DA:61,10
DA:66,10
LF:16
LH:16
BRDA:4,0,0,9
BRDA:4,0,1,1
BRDA:7,1,0,5
BRDA:7,1,1,5
BRDA:9,2,0,1
BRDA:9,2,1,4
BRDA:14,3,0,4
BRDA:21,4,0,3
BRDA:21,4,1,7
BRDA:23,5,0,1
BRDA:23,5,1,6
BRDA:27,6,0,2
BRDA:27,6,1,8
BRDA:35,7,0,9
BRDA:35,7,1,1
BRDA:40,8,0,6
BRDA:40,8,1,4
BRDA:42,9,0,1
BRDA:42,9,1,3
BRDA:47,10,0,5
BRDA:54,11,0,4
BRDA:54,11,1,6
BRDA:56,12,0,1
BRDA:56,12,1,5
BRDA:61,13,0,3
BRDA:61,13,1,7
BRF:26
BRH:26
end_of_record
TN:
SF:/Users/aronprice/Dev/pay-theory/pay-theory-ui/src/common/accountUtils.js
FN:1,(anonymous_0)
FN:8,(anonymous_1)
FN:9,(anonymous_2)
FN:23,(anonymous_3)
FN:24,(anonymous_4)
FN:29,(anonymous_5)
FN:36,(anonymous_6)
FN:52,(anonymous_7)
FNF:8
FNH:8
FNDA:2,(anonymous_0)
FNDA:2,(anonymous_1)
FNDA:6,(anonymous_2)
FNDA:2,(anonymous_3)
FNDA:2,(anonymous_4)
FNDA:20,(anonymous_5)
FNDA:3,(anonymous_6)
FNDA:13,(anonymous_7)
DA:1,22
DA:2,2
DA:8,22
DA:9,2
DA:10,6
DA:23,2
DA:24,2
DA:29,22
DA:30,20
DA:31,20
DA:36,22
DA:37,3
DA:38,3
DA:39,3
DA:40,3
DA:41,3
DA:42,3
DA:49,3
DA:52,22
DA:53,13
DA:54,13
DA:56,13
DA:57,7
DA:60,13
DA:67,6
DA:71,7
LF:26
LH:26
BRDA:30,0,0,20
BRDA:30,0,1,9
BRDA:31,1,0,8
BRDA:31,1,1,12
BRDA:42,2,0,2
BRDA:53,3,0,13
BRDA:53,3,1,3
BRDA:56,4,0,7
BRDA:56,4,1,6
BRDA:60,5,0,6
BRDA:60,5,1,7
BRF:11
BRH:11
end_of_record
TN:
SF:/Users/aronprice/Dev/pay-theory/pay-theory-ui/src/common/dateUtils.js
FN:18,(anonymous_0)
FN:51,(anonymous_1)
FN:66,(anonymous_2)
FNF:3
FNH:2
FNDA:1,(anonymous_0)
FNDA:0,(anonymous_1)
FNDA:1,(anonymous_2)
DA:2,21
DA:3,21
DA:18,21
DA:19,1
DA:21,1
DA:22,1
DA:23,1
DA:24,1
DA:26,1
DA:27,1
DA:30,1
DA:36,1
DA:37,0
DA:38,1
DA:39,0
DA:40,1
DA:41,0
DA:42,1
DA:43,0
DA:44,1
DA:45,0
DA:47,1
DA:51,21
DA:52,0
DA:53,0
DA:54,0
DA:55,0
DA:56,0
DA:57,0
DA:59,0
DA:60,0
DA:62,0
DA:66,21
DA:67,1
DA:69,1
DA:70,1
DA:71,1
DA:72,1
DA:73,1
DA:76,1
DA:77,0
DA:78,1
DA:79,1
DA:83,0
DA:88,1
LF:45
LH:29
BRDA:21,0,0,0
BRDA:21,0,1,1
BRDA:23,1,0,0
BRDA:23,1,1,1
BRDA:23,2,0,1
BRDA:23,2,1,0
BRDA:24,3,0,0
BRDA:24,3,1,1
BRDA:24,4,0,1
BRDA:24,4,1,0
BRDA:26,5,0,1
BRDA:26,5,1,1
BRDA:26,6,0,0
BRDA:26,6,1,1
BRDA:26,7,0,1
BRDA:26,7,1,0
BRDA:27,8,0,0
BRDA:27,8,1,1
BRDA:27,9,0,1
BRDA:27,9,1,0
BRDA:30,10,0,0
BRDA:30,10,1,1
BRDA:32,11,0,0
BRDA:32,11,1,1
BRDA:32,12,0,1
BRDA:32,12,1,0
BRDA:36,13,0,0
BRDA:36,13,1,1
BRDA:38,14,0,0
BRDA:38,14,1,1
BRDA:40,15,0,0
BRDA:40,15,1,1
BRDA:42,16,0,0
BRDA:42,16,1,1
BRDA:44,17,0,0
BRDA:44,17,1,1
BRDA:52,18,0,0
BRDA:52,18,1,0
BRDA:53,19,0,0
BRDA:53,19,1,0
BRDA:55,20,0,0
BRDA:55,20,1,0
BRDA:56,21,0,0
BRDA:56,21,1,0
BRDA:57,22,0,0
BRDA:57,22,1,0
BRDA:59,23,0,0
BRDA:59,23,1,0
BRDA:59,24,0,0
BRDA:59,24,1,0
BRDA:59,24,2,0
BRDA:76,25,0,0
BRDA:76,25,1,1
BRDA:76,26,0,1
BRDA:76,26,1,1
BRDA:78,27,0,1
BRDA:78,27,1,0
BRF:57
BRH:23
end_of_record
TN:
SF:/Users/aronprice/Dev/pay-theory/pay-theory-ui/src/common/index.js
FNF:0
FNH:0
LF:0
LH:0
BRF:0
BRH:0
end_of_record
TN:
SF:/Users/aronprice/Dev/pay-theory/pay-theory-ui/src/common/BodyHead/index.jsx
FN:5,(anonymous_0)
FNF:1
FNH:1
FNDA:1,(anonymous_0)
DA:5,20
DA:6,1
LF:2
LH:2
BRF:0
BRH:0
end_of_record
TN:
SF:/Users/aronprice/Dev/pay-theory/pay-theory-ui/src/common/BodyHead/children/BodySubtitle.jsx
FN:5,(anonymous_0)
FN:8,(anonymous_1)
FNF:2
FNH:2
FNDA:2,(anonymous_0)
FNDA:2,(anonymous_1)
DA:5,20
DA:6,2
DA:9,2
LF:3
LH:3
BRF:0
BRH:0
end_of_record
TN:
SF:/Users/aronprice/Dev/pay-theory/pay-theory-ui/src/common/BodyHead/children/BodyTitle.jsx
FN:5,(anonymous_0)
FN:8,(anonymous_1)
FNF:2
FNH:2
FNDA:2,(anonymous_0)
FNDA:2,(anonymous_1)
DA:5,20
DA:6,2
DA:9,2
LF:3
LH:3
BRF:0
BRH:0
end_of_record
TN:
SF:/Users/aronprice/Dev/pay-theory/pay-theory-ui/src/common/BodyHead/children/index.js
FNF:0
FNH:0
LF:0
LH:0
BRF:0
BRH:0
end_of_record
TN:
SF:/Users/aronprice/Dev/pay-theory/pay-theory-ui/src/common/CardRow/index.jsx
FN:3,(anonymous_0)
FNF:1
FNH:1
FNDA:15,(anonymous_0)
DA:3,20
DA:4,15
LF:2
LH:2
BRF:0
BRH:0
end_of_record
TN:
SF:/Users/aronprice/Dev/pay-theory/pay-theory-ui/src/common/CardTable/index.jsx
FN:3,(anonymous_0)
FNF:1
FNH:1
FNDA:17,(anonymous_0)
DA:3,22
DA:4,17
LF:2
LH:2
BRF:0
BRH:0
end_of_record
TN:
SF:/Users/aronprice/Dev/pay-theory/pay-theory-ui/src/common/Checkbox/index.jsx
FN:4,(anonymous_0)
FN:7,(anonymous_1)
FNF:2
FNH:2
FNDA:80,(anonymous_0)
FNDA:28,(anonymous_1)
DA:4,20
DA:5,80
DA:7,80
DA:8,28
DA:11,80
DA:144,20
LF:6
LH:6
BRF:0
BRH:0
end_of_record
TN:
SF:/Users/aronprice/Dev/pay-theory/pay-theory-ui/src/common/ClickToCopyText/index.jsx
FN:6,(anonymous_0)
FN:16,(anonymous_1)
FN:29,(anonymous_2)
FN:32,(anonymous_3)
FN:54,(anonymous_4)
FN:59,(anonymous_5)
FNF:6
FNH:6
FNDA:6,(anonymous_0)
FNDA:6,(anonymous_1)
FNDA:6,(anonymous_2)
FNDA:2,(anonymous_3)
FNDA:4,(anonymous_4)
FNDA:2,(anonymous_5)
DA:6,20
DA:7,6
DA:9,6
DA:10,6
DA:11,1
DA:13,6
DA:16,20
DA:17,6
DA:18,6
DA:19,2
DA:26,6
DA:29,20
DA:30,6
DA:32,6
DA:33,2
DA:35,2
DA:39,2
DA:42,6
DA:44,6
DA:46,6
DA:47,6
DA:55,4
DA:56,2
DA:59,2
DA:67,20
LF:25
LH:25
BRDA:7,0,0,6
BRDA:7,0,1,2
BRDA:10,1,0,1
BRDA:10,1,1,5
BRDA:18,2,0,2
BRDA:18,2,1,4
BRDA:35,3,0,2
BRDA:42,4,0,6
BRDA:42,4,1,2
BRDA:44,5,0,6
BRDA:44,5,1,2
BRDA:51,6,0,2
BRDA:51,6,1,4
BRDA:55,7,0,2
BRDA:55,7,1,2
BRDA:61,8,0,6
BRDA:61,8,1,2
BRF:17
BRH:17
end_of_record
TN:
SF:/Users/aronprice/Dev/pay-theory/pay-theory-ui/src/common/DynamicList/index.jsx
FN:4,(anonymous_0)
FN:8,(anonymous_1)
FN:18,(anonymous_2)
FNF:3
FNH:3
FNDA:1,(anonymous_0)
FNDA:2,(anonymous_1)
FNDA:1,(anonymous_2)
DA:4,20
DA:5,1
DA:6,1
DA:9,2
DA:18,1
DA:50,20
LF:6
LH:6
BRDA:5,0,0,1
BRDA:5,0,1,0
BRF:2
BRH:1
end_of_record
TN:
SF:/Users/aronprice/Dev/pay-theory/pay-theory-ui/src/common/Font/index.js
FN:5,(anonymous_0)
FN:12,(anonymous_1)
FN:13,(anonymous_2)
FNF:3
FNH:0
FNDA:0,(anonymous_0)
FNDA:0,(anonymous_1)
FNDA:0,(anonymous_2)
DA:5,19
DA:6,0
DA:11,0
DA:12,0
DA:13,0
DA:14,0
DA:15,0
DA:19,0
DA:22,19
LF:9
LH:2
BRF:0
BRH:0
end_of_record
TN:
SF:/Users/aronprice/Dev/pay-theory/pay-theory-ui/src/common/FormHead/index.jsx
FN:4,(anonymous_0)
FNF:1
FNH:1
FNDA:62,(anonymous_0)
DA:4,20
DA:5,62
DA:6,62
DA:42,20
LF:4
LH:4
BRDA:5,0,0,1
BRDA:5,0,1,61
BRF:2
BRH:2
end_of_record
TN:
SF:/Users/aronprice/Dev/pay-theory/pay-theory-ui/src/common/InnerTable/index.jsx
FN:7,(anonymous_0)
FN:15,(anonymous_1)
FNF:2
FNH:2
FNDA:36,(anonymous_0)
FNDA:49,(anonymous_1)
DA:7,23
DA:8,36
DA:16,49
DA:156,23
LF:4
LH:4
BRDA:24,0,0,44
BRDA:24,0,1,5
BRDA:25,1,0,20
BRDA:25,1,1,29
BRDA:27,2,0,2
BRDA:27,2,1,47
BRF:6
BRH:6
end_of_record
TN:
SF:/Users/aronprice/Dev/pay-theory/pay-theory-ui/src/common/InnerTable/children/Column.jsx
FN:4,(anonymous_0)
FNF:1
FNH:1
FNDA:162,(anonymous_0)
DA:4,23
DA:5,162
DA:7,162
DA:9,162
DA:10,44
DA:21,118
DA:34,23
LF:7
LH:7
BRDA:7,0,0,6
BRDA:7,0,1,156
BRDA:9,1,0,44
BRDA:9,1,1,118
BRF:4
BRH:4
end_of_record
TN:
SF:/Users/aronprice/Dev/pay-theory/pay-theory-ui/src/common/InnerTable/children/CopyAction.jsx
FN:4,(anonymous_0)
FN:5,(anonymous_1)
FN:23,(anonymous_2)
FNF:3
FNH:3
FNDA:2,(anonymous_0)
FNDA:1,(anonymous_1)
FNDA:1,(anonymous_2)
DA:4,23
DA:5,2
DA:6,1
DA:7,1
DA:8,1
DA:10,1
DA:14,1
DA:15,1
DA:18,2
DA:24,1
DA:49,23
LF:11
LH:11
BRDA:10,0,0,1
BRF:1
BRH:1
end_of_record
TN:
SF:/Users/aronprice/Dev/pay-theory/pay-theory-ui/src/common/InnerTable/children/Header.jsx
FN:4,(anonymous_0)
FNF:1
FNH:1
FNDA:162,(anonymous_0)
DA:4,23
DA:5,162
DA:6,162
DA:22,23
LF:4
LH:4
BRF:0
BRH:0
end_of_record
TN:
SF:/Users/aronprice/Dev/pay-theory/pay-theory-ui/src/common/InnerTable/children/HeaderRow.jsx
FN:6,(anonymous_0)
FN:7,(anonymous_1)
FNF:2
FNH:2
FNDA:36,(anonymous_0)
FNDA:128,(anonymous_1)
DA:6,23
DA:7,36
DA:8,128
DA:17,36
DA:18,34
DA:27,36
DA:30,23
LF:7
LH:7
BRDA:17,0,0,34
BRDA:17,0,1,2
BRF:2
BRH:2
end_of_record
TN:
SF:/Users/aronprice/Dev/pay-theory/pay-theory-ui/src/common/InnerTable/children/Row.jsx
FN:9,(anonymous_0)
FN:10,(anonymous_1)
FNF:2
FNH:2
FNDA:49,(anonymous_0)
FNDA:162,(anonymous_1)
DA:9,23
DA:10,49
DA:12,162
DA:13,162
DA:14,44
DA:27,118
DA:39,49
DA:40,46
DA:41,20
DA:50,26
DA:51,2
DA:61,24
DA:70,49
DA:81,23
LF:14
LH:14
BRDA:13,0,0,44
BRDA:13,0,1,118
BRDA:13,1,0,162
BRDA:13,1,1,49
BRDA:39,2,0,46
BRDA:39,2,1,3
BRDA:40,3,0,20
BRDA:40,3,1,26
BRDA:50,4,0,2
BRDA:50,4,1,24
BRF:10
BRH:10
end_of_record
TN:
SF:/Users/aronprice/Dev/pay-theory/pay-theory-ui/src/common/InnerTable/children/ViewAction.jsx
FN:4,(anonymous_0)
FNF:1
FNH:1
FNDA:24,(anonymous_0)
DA:4,23
DA:5,24
DA:21,23
LF:3
LH:3
BRF:0
BRH:0
end_of_record
TN:
SF:/Users/aronprice/Dev/pay-theory/pay-theory-ui/src/common/InnerTable/children/ViewDeleteAction.jsx
FN:4,(anonymous_0)
FN:25,(anonymous_1)
FNF:2
FNH:2
FNDA:20,(anonymous_0)
FNDA:1,(anonymous_1)
DA:4,23
DA:5,20
DA:8,20
DA:9,20
DA:37,23
LF:5
LH:5
BRDA:5,0,0,3
BRDA:5,0,1,17
BRDA:8,1,0,3
BRDA:8,1,1,17
BRDA:25,2,0,3
BRDA:25,2,1,17
BRF:6
BRH:6
end_of_record
TN:
SF:/Users/aronprice/Dev/pay-theory/pay-theory-ui/src/common/InnerTable/children/index.js
FNF:0
FNH:0
LF:0
LH:0
BRF:0
BRH:0
end_of_record
TN:
SF:/Users/aronprice/Dev/pay-theory/pay-theory-ui/src/common/ModalContent/index.jsx
FN:4,(anonymous_0)
FN:17,(anonymous_1)
FN:32,(anonymous_2)
FNF:3
FNH:3
FNDA:8,(anonymous_0)
FNDA:9,(anonymous_1)
FNDA:23,(anonymous_2)
DA:4,20
DA:5,8
DA:6,8
DA:8,8
DA:9,8
DA:10,8
DA:12,8
DA:13,8
DA:14,8
DA:17,20
DA:18,9
DA:19,9
DA:21,9
DA:22,9
DA:23,9
DA:25,9
DA:26,9
DA:27,9
DA:32,20
DA:33,23
DA:170,20
LF:21
LH:21
BRF:0
BRH:0
end_of_record
TN:
SF:/Users/aronprice/Dev/pay-theory/pay-theory-ui/src/common/ModalSpinner/index.jsx
FN:4,(anonymous_0)
FN:20,(anonymous_1)
FN:38,(anonymous_2)
FNF:3
FNH:3
FNDA:6,(anonymous_0)
FNDA:6,(anonymous_1)
FNDA:16,(anonymous_2)
DA:4,22
DA:5,6
DA:7,6
DA:8,6
DA:10,6
DA:11,6
DA:12,6
DA:14,6
DA:15,6
DA:16,6
DA:20,22
DA:21,6
DA:23,6
DA:24,6
DA:26,6
DA:27,6
DA:28,6
DA:30,6
DA:31,6
DA:32,6
DA:38,22
DA:39,16
DA:180,22
LF:23
LH:23
BRDA:7,0,0,6
BRDA:23,1,0,6
BRDA:43,2,0,1
BRDA:43,2,1,15
BRDA:48,3,0,1
BRDA:48,3,1,15
BRF:6
BRH:6
end_of_record
TN:
SF:/Users/aronprice/Dev/pay-theory/pay-theory-ui/src/common/Model/PaymentItem.js
FNF:0
FNH:0
LF:0
LH:0
BRF:0
BRH:0
end_of_record
TN:
SF:/Users/aronprice/Dev/pay-theory/pay-theory-ui/src/common/Model/index.js
FNF:0
FNH:0
LF:0
LH:0
BRF:0
BRH:0
end_of_record
TN:
SF:/Users/aronprice/Dev/pay-theory/pay-theory-ui/src/common/NavigationDrawer/index.jsx
FN:7,(anonymous_0)
FN:8,(anonymous_1)
FN:11,(anonymous_2)
FN:28,(anonymous_3)
FN:42,(anonymous_4)
FNF:5
FNH:5
FNDA:1,(anonymous_0)
FNDA:2,(anonymous_1)
FNDA:1,(anonymous_2)
FNDA:1,(anonymous_3)
FNDA:2,(anonymous_4)
DA:7,20
DA:8,1
DA:9,2
DA:11,1
DA:12,1
DA:13,1
DA:14,0
DA:17,1
DA:26,1
DA:29,1
DA:30,1
DA:43,2
DA:44,1
DA:46,1
DA:236,20
DA:246,20
LF:16
LH:15
BRDA:13,0,0,0
BRDA:13,0,1,1
BRDA:38,1,0,0
BRDA:38,1,1,1
BRDA:41,2,0,1
BRDA:41,2,1,0
BRDA:43,3,0,1
BRDA:43,3,1,1
BRF:8
BRH:5
end_of_record
TN:
SF:/Users/aronprice/Dev/pay-theory/pay-theory-ui/src/common/NavigationDrawer/children/NavigationCategory.jsx
FN:4,(anonymous_0)
FN:26,(anonymous_1)
FNF:2
FNH:2
FNDA:2,(anonymous_0)
FNDA:2,(anonymous_1)
DA:4,20
DA:5,2
DA:27,2
DA:35,20
LF:4
LH:4
BRF:0
BRH:0
end_of_record
TN:
SF:/Users/aronprice/Dev/pay-theory/pay-theory-ui/src/common/NavigationDrawer/children/NavigationItem.jsx
FN:5,(anonymous_0)
FN:8,(anonymous_1)
FNF:2
FNH:2
FNDA:3,(anonymous_0)
FNDA:3,(anonymous_1)
DA:5,20
DA:6,3
DA:8,3
DA:9,3
DA:10,0
DA:12,3
DA:16,3
DA:17,3
DA:34,20
LF:9
LH:8
BRDA:9,0,0,0
BRDA:9,0,1,3
BRF:2
BRH:1
end_of_record
TN:
SF:/Users/aronprice/Dev/pay-theory/pay-theory-ui/src/common/NavigationDrawer/children/index.js
FNF:0
FNH:0
LF:0
LH:0
BRF:0
BRH:0
end_of_record
TN:
SF:/Users/aronprice/Dev/pay-theory/pay-theory-ui/src/common/NotFound/index.js
FN:3,(anonymous_0)
FNF:1
FNH:1
FNDA:1,(anonymous_0)
DA:3,20
DA:4,1
DA:5,1
LF:3
LH:3
BRF:0
BRH:0
end_of_record
TN:
SF:/Users/aronprice/Dev/pay-theory/pay-theory-ui/src/common/PortalHead/index.jsx
FN:13,(anonymous_0)
FNF:1
FNH:1
FNDA:1,(anonymous_0)
DA:13,20
DA:14,1
DA:44,20
LF:3
LH:3
BRDA:20,0,0,1
BRDA:20,0,1,0
BRF:2
BRH:1
end_of_record
TN:
SF:/Users/aronprice/Dev/pay-theory/pay-theory-ui/src/common/PortalHead/children/AccountMenu.jsx
FN:2,(anonymous_0)
FNF:1
FNH:1
FNDA:1,(anonymous_0)
DA:2,20
DA:3,1
LF:2
LH:2
BRF:0
BRH:0
end_of_record
TN:
SF:/Users/aronprice/Dev/pay-theory/pay-theory-ui/src/common/PortalHead/children/AccountMenuButton.jsx
FN:4,(anonymous_0)
FN:7,(anonymous_1)
FNF:2
FNH:2
FNDA:2,(anonymous_0)
FNDA:2,(anonymous_1)
DA:4,20
DA:5,2
DA:8,2
LF:3
LH:3
BRF:0
BRH:0
end_of_record
TN:
SF:/Users/aronprice/Dev/pay-theory/pay-theory-ui/src/common/PortalHead/children/AccountMenuItems.jsx
FN:4,(anonymous_0)
FN:5,(anonymous_1)
FN:10,(anonymous_2)
FNF:3
FNH:3
FNDA:2,(anonymous_0)
FNDA:1,(anonymous_1)
FNDA:2,(anonymous_2)
DA:4,20
DA:5,2
DA:6,1
DA:8,2
DA:11,2
DA:65,20
LF:6
LH:6
BRF:0
BRH:0
end_of_record
TN:
SF:/Users/aronprice/Dev/pay-theory/pay-theory-ui/src/common/PortalHead/children/PortalLabel.jsx
FN:4,(anonymous_0)
FN:7,(anonymous_1)
FNF:2
FNH:2
FNDA:2,(anonymous_0)
FNDA:2,(anonymous_1)
DA:4,20
DA:5,2
DA:8,2
LF:3
LH:3
BRF:0
BRH:0
end_of_record
TN:
SF:/Users/aronprice/Dev/pay-theory/pay-theory-ui/src/common/PortalHead/children/PortalLogo.jsx
FN:2,(anonymous_0)
FNF:1
FNH:1
FNDA:1,(anonymous_0)
DA:2,20
DA:3,1
LF:2
LH:2
BRF:0
BRH:0
end_of_record
TN:
SF:/Users/aronprice/Dev/pay-theory/pay-theory-ui/src/common/PortalHead/children/PortalTitle.jsx
FN:2,(anonymous_0)
FNF:1
FNH:1
FNDA:1,(anonymous_0)
DA:2,20
DA:3,1
LF:2
LH:2
BRF:0
BRH:0
end_of_record
TN:
SF:/Users/aronprice/Dev/pay-theory/pay-theory-ui/src/common/PortalHead/children/index.js
FNF:0
FNH:0
LF:0
LH:0
BRF:0
BRH:0
end_of_record
TN:
SF:/Users/aronprice/Dev/pay-theory/pay-theory-ui/src/common/StatusMessage/index.js
FN:6,(anonymous_0)
FN:7,(anonymous_1)
FN:53,(anonymous_2)
FN:56,(anonymous_3)
FN:57,(anonymous_4)
FN:100,(anonymous_5)
FN:103,(anonymous_6)
FN:104,(anonymous_7)
FN:148,(anonymous_8)
FN:151,(anonymous_9)
FN:164,success
FN:165,(anonymous_11)
FN:178,warn
FN:179,(anonymous_13)
FN:192,error
FN:193,(anonymous_15)
FNF:16
FNH:7
FNDA:1,(anonymous_0)
FNDA:0,(anonymous_1)
FNDA:0,(anonymous_2)
FNDA:1,(anonymous_3)
FNDA:0,(anonymous_4)
FNDA:0,(anonymous_5)
FNDA:8,(anonymous_6)
FNDA:0,(anonymous_7)
FNDA:0,(anonymous_8)
FNDA:17,(anonymous_9)
FNDA:8,success
FNDA:0,(anonymous_11)
FNDA:1,warn
FNDA:0,(anonymous_13)
FNDA:8,error
FNDA:0,(anonymous_15)
DA:6,24
DA:7,1
DA:8,0
DA:11,1
DA:48,24
DA:52,24
DA:56,24
DA:57,1
DA:58,0
DA:60,1
DA:95,24
DA:99,24
DA:103,24
DA:104,8
DA:105,0
DA:107,8
DA:142,24
DA:147,24
DA:151,24
DA:152,17
DA:153,17
DA:154,3
DA:160,17
DA:163,24
DA:165,8
DA:166,0
DA:167,0
DA:168,0
DA:171,8
DA:179,1
DA:180,0
DA:181,0
DA:182,0
DA:185,1
DA:193,8
DA:194,0
DA:195,0
DA:196,0
DA:199,8
LF:39
LH:27
BRDA:152,0,0,17
BRDA:152,0,1,1
BRDA:153,1,0,20
BRDA:153,1,1,3
BRDA:154,2,0,1
BRDA:154,2,1,2
BRDA:156,3,0,1
BRDA:156,3,1,1
BRDA:167,4,0,0
BRDA:167,4,1,0
BRDA:174,5,0,8
BRDA:174,5,1,0
BRDA:181,6,0,0
BRDA:181,6,1,0
BRDA:188,7,0,1
BRDA:188,7,1,0
BRDA:195,8,0,0
BRDA:195,8,1,0
BRDA:202,9,0,8
BRDA:202,9,1,0
BRF:20
BRH:11
end_of_record
TN:
SF:/Users/aronprice/Dev/pay-theory/pay-theory-ui/src/common/SubsectionHead/index.jsx
FN:5,(anonymous_0)
FNF:1
FNH:1
FNDA:1,(anonymous_0)
DA:5,20
DA:6,1
LF:2
LH:2
BRF:0
BRH:0
end_of_record
TN:
SF:/Users/aronprice/Dev/pay-theory/pay-theory-ui/src/common/SubsectionHead/children/SubsectionParent.jsx
FN:6,(anonymous_0)
FN:9,(anonymous_1)
FNF:2
FNH:2
FNDA:1,(anonymous_0)
FNDA:1,(anonymous_1)
DA:6,20
DA:7,1
DA:59,1
LF:3
LH:3
BRF:0
BRH:0
end_of_record
TN:
SF:/Users/aronprice/Dev/pay-theory/pay-theory-ui/src/common/SubsectionHead/children/SubsectionSubtitle.jsx
FN:5,(anonymous_0)
FN:8,(anonymous_1)
FNF:2
FNH:2
FNDA:1,(anonymous_0)
FNDA:1,(anonymous_1)
DA:5,20
DA:6,1
DA:9,1
LF:3
LH:3
BRF:0
BRH:0
end_of_record
TN:
SF:/Users/aronprice/Dev/pay-theory/pay-theory-ui/src/common/SubsectionHead/children/index.js
FNF:0
FNH:0
LF:0
LH:0
BRF:0
BRH:0
end_of_record
TN:
SF:/Users/aronprice/Dev/pay-theory/pay-theory-ui/src/common/TabMenu/index.js
FN:4,(anonymous_0)
FN:5,(anonymous_1)
FNF:2
FNH:2
FNDA:5,(anonymous_0)
FNDA:15,(anonymous_1)
DA:4,20
DA:5,5
DA:6,15
DA:18,5
DA:46,20
LF:5
LH:5
BRF:0
BRH:0
end_of_record
TN:
SF:/Users/aronprice/Dev/pay-theory/pay-theory-ui/src/common/TabPage/index.jsx
FN:4,(anonymous_0)
FNF:1
FNH:1
FNDA:32,(anonymous_0)
DA:4,20
DA:5,32
DA:67,20
LF:3
LH:3
BRF:0
BRH:0
end_of_record
TN:
SF:/Users/aronprice/Dev/pay-theory/pay-theory-ui/src/common/TextEntry/index.jsx
FN:5,(anonymous_0)
FN:22,(anonymous_1)
FN:23,(anonymous_2)
FNF:3
FNH:2
FNDA:180,(anonymous_0)
FNDA:0,(anonymous_1)
FNDA:2,(anonymous_2)
DA:5,28
DA:6,180
DA:7,180
DA:9,180
DA:10,180
DA:11,180
DA:12,180
DA:13,180
DA:14,180
DA:16,180
DA:22,0
DA:23,2
DA:343,28
LF:13
LH:12
BRDA:24,0,0,0
BRDA:24,0,1,180
BRDA:25,1,0,180
BRDA:25,1,1,171
BRDA:26,2,0,180
BRDA:26,2,1,118
BRDA:27,3,0,180
BRDA:27,3,1,179
BRDA:28,4,0,180
BRDA:28,4,1,180
BRDA:35,5,0,6
BRDA:35,5,1,174
BRF:12
BRH:11
end_of_record
TN:
SF:/Users/aronprice/Dev/pay-theory/pay-theory-ui/src/common/TextEntry/children/HelperText.jsx
FN:3,(anonymous_0)
FNF:1
FNH:1
FNDA:6,(anonymous_0)
DA:4,6
LF:1
LH:1
BRDA:9,0,0,0
BRDA:9,0,1,6
BRF:2
BRH:1
end_of_record
TN:
SF:/Users/aronprice/Dev/pay-theory/pay-theory-ui/src/common/TextEntryCurrency/index.jsx
FN:6,(anonymous_0)
FNF:1
FNH:1
FNDA:21,(anonymous_0)
DA:6,20
DA:7,21
DA:53,20
LF:3
LH:3
BRDA:22,0,0,5
BRDA:22,0,1,16
BRDA:26,1,0,21
BRDA:26,1,1,21
BRDA:27,2,0,21
BRDA:27,2,1,21
BRF:6
BRH:6
end_of_record
TN:
SF:/Users/aronprice/Dev/pay-theory/pay-theory-ui/src/common/TextEntryDate/index.jsx
FN:8,(anonymous_0)
FN:14,(anonymous_1)
FN:15,(anonymous_2)
FNF:3
FNH:2
FNDA:1,(anonymous_0)
FNDA:0,(anonymous_1)
FNDA:1,(anonymous_2)
DA:8,20
DA:9,1
DA:14,0
DA:16,1
DA:17,1
DA:23,20
LF:6
LH:5
BRF:0
BRH:0
end_of_record
TN:
SF:/Users/aronprice/Dev/pay-theory/pay-theory-ui/src/common/TextEntryPercentage/index.jsx
FN:6,(anonymous_0)
FNF:1
FNH:1
FNDA:2,(anonymous_0)
DA:6,20
DA:7,2
DA:55,20
LF:3
LH:3
BRDA:22,0,0,1
BRDA:22,0,1,1
BRDA:26,1,0,2
BRDA:26,1,1,2
BRDA:27,2,0,2
BRDA:27,2,1,2
BRF:6
BRH:6
end_of_record
TN:
SF:/Users/aronprice/Dev/pay-theory/pay-theory-ui/src/common/TextEntryPhone/index.jsx
FN:8,(anonymous_0)
FN:14,(anonymous_1)
FN:15,(anonymous_2)
FNF:3
FNH:2
FNDA:1,(anonymous_0)
FNDA:0,(anonymous_1)
FNDA:1,(anonymous_2)
DA:8,20
DA:9,1
DA:14,0
DA:16,1
DA:17,1
DA:23,20
LF:6
LH:5
BRF:0
BRH:0
end_of_record
TN:
SF:/Users/aronprice/Dev/pay-theory/pay-theory-ui/src/common/Unauthorized/index.js
FN:3,(anonymous_0)
FNF:1
FNH:1
FNDA:1,(anonymous_0)
DA:3,20
DA:4,1
DA:5,1
LF:3
LH:3
BRF:0
BRH:0
end_of_record
TN:
SF:/Users/aronprice/Dev/pay-theory/pay-theory-ui/src/common/UtilityBar/index.jsx
FN:5,(anonymous_0)
FNF:1
FNH:1
FNDA:2,(anonymous_0)
DA:5,20
DA:6,2
DA:38,20
LF:3
LH:3
BRDA:9,0,0,1
BRDA:9,0,1,1
BRF:2
BRH:2
end_of_record
TN:
SF:/Users/aronprice/Dev/pay-theory/pay-theory-ui/src/common/auth/index.js
FNF:0
FNH:0
LF:0
LH:0
BRF:0
BRH:0
end_of_record
TN:
SF:/Users/aronprice/Dev/pay-theory/pay-theory-ui/src/common/auth/AuthBG/index.jsx
FN:6,AuthBG
FN:7,(anonymous_1)
FN:12,cleanup
FNF:3
FNH:3
FNDA:2,AuthBG
FNDA:2,(anonymous_1)
FNDA:2,cleanup
DA:7,2
DA:8,2
DA:9,2
DA:11,2
DA:12,2
DA:14,2
DA:15,2
DA:19,2
LF:8
LH:8
BRF:0
BRH:0
end_of_record
TN:
SF:/Users/aronprice/Dev/pay-theory/pay-theory-ui/src/common/auth/AuthBox/index.jsx
FN:10,(anonymous_0)
FNF:1
FNH:1
FNDA:1,(anonymous_0)
DA:10,20
DA:11,1
DA:26,20
LF:3
LH:3
BRF:0
BRH:0
end_of_record
TN:
SF:/Users/aronprice/Dev/pay-theory/pay-theory-ui/src/common/auth/Bouncer/index.jsx
FN:5,(anonymous_0)
FN:11,(anonymous_1)
FNF:2
FNH:0
FNDA:0,(anonymous_0)
FNDA:0,(anonymous_1)
DA:5,19
DA:6,0
DA:9,0
DA:11,0
DA:12,0
DA:13,0
DA:20,0
DA:21,0
DA:22,0
DA:24,0
DA:35,0
DA:38,19
DA:45,19
LF:13
LH:3
BRDA:12,0,0,0
BRDA:12,0,1,0
BRDA:12,1,0,0
BRDA:12,1,1,0
BRDA:12,1,2,0
BRDA:21,2,0,0
BRDA:21,2,1,0
BRF:7
BRH:0
end_of_record
TN:
SF:/Users/aronprice/Dev/pay-theory/pay-theory-ui/src/common/auth/FormChangePassword/index.jsx
FN:7,(anonymous_0)
FN:22,(anonymous_1)
FN:82,(anonymous_2)
FN:87,(anonymous_3)
FN:118,(anonymous_4)
FN:125,(anonymous_5)
FN:135,(anonymous_6)
FN:145,(anonymous_7)
FNF:8
FNH:5
FNDA:2,(anonymous_0)
FNDA:1,(anonymous_1)
FNDA:1,(anonymous_2)
FNDA:1,(anonymous_3)
FNDA:1,(anonymous_4)
FNDA:0,(anonymous_5)
FNDA:0,(anonymous_6)
FNDA:0,(anonymous_7)
DA:7,20
DA:8,2
DA:10,2
DA:12,2
DA:14,2
DA:16,2
DA:18,2
DA:22,2
DA:23,1
DA:25,1
DA:29,1
DA:33,1
DA:37,1
DA:41,1
DA:44,1
DA:47,1
DA:48,6
DA:49,0
DA:51,6
DA:54,1
DA:56,0
DA:57,0
DA:60,0
DA:61,0
DA:64,0
DA:65,0
DA:68,0
DA:69,0
DA:72,0
DA:73,0
DA:76,1
DA:77,1
DA:82,2
DA:83,1
DA:84,1
DA:87,2
DA:88,1
DA:91,2
DA:100,2
DA:114,2
DA:118,1
DA:125,0
DA:136,0
DA:146,0
DA:172,20
LF:45
LH:31
BRDA:19,0,0,0
BRDA:19,0,1,2
BRDA:25,1,0,0
BRDA:25,1,1,1
BRDA:29,2,0,0
BRDA:29,2,1,1
BRDA:33,3,0,0
BRDA:33,3,1,1
BRDA:37,4,0,0
BRDA:37,4,1,1
BRDA:42,5,0,0
BRDA:42,5,1,1
BRDA:45,6,0,0
BRDA:45,6,1,1
BRDA:48,7,0,0
BRDA:48,7,1,6
BRDA:54,8,0,0
BRDA:54,8,1,0
BRDA:54,8,2,0
BRDA:54,8,3,0
BRDA:54,8,4,0
BRDA:54,8,5,1
BRF:22
BRH:9
end_of_record
TN:
SF:/Users/aronprice/Dev/pay-theory/pay-theory-ui/src/common/auth/FormHeader/index.jsx
FN:3,(anonymous_0)
FNF:1
FNH:1
FNDA:2,(anonymous_0)
DA:3,21
DA:4,2
LF:2
LH:2
BRF:0
BRH:0
end_of_record
TN:
SF:/Users/aronprice/Dev/pay-theory/pay-theory-ui/src/common/auth/FormLoginAlternative/index.jsx
FN:6,(anonymous_0)
FN:16,(anonymous_1)
FN:26,(anonymous_2)
FN:31,(anonymous_3)
FNF:4
FNH:3
FNDA:1,(anonymous_0)
FNDA:1,(anonymous_1)
FNDA:0,(anonymous_2)
FNDA:1,(anonymous_3)
DA:6,20
DA:7,1
DA:10,1
DA:12,1
DA:17,1
DA:18,1
DA:26,0
DA:31,1
LF:8
LH:7
BRDA:8,0,0,0
BRDA:8,0,1,1
BRF:2
BRH:1
end_of_record
TN:
SF:/Users/aronprice/Dev/pay-theory/pay-theory-ui/src/common/auth/FormLoginCode/index.jsx
FN:6,(anonymous_0)
FN:12,(anonymous_1)
FN:20,(anonymous_2)
FN:30,(anonymous_3)
FNF:4
FNH:3
FNDA:1,(anonymous_0)
FNDA:1,(anonymous_1)
FNDA:2,(anonymous_2)
FNDA:0,(anonymous_3)
DA:6,20
DA:7,1
DA:10,1
DA:12,1
DA:13,1
DA:16,1
DA:21,2
DA:22,2
DA:30,0
LF:9
LH:8
BRDA:8,0,0,0
BRDA:8,0,1,1
BRF:2
BRH:1
end_of_record
TN:
SF:/Users/aronprice/Dev/pay-theory/pay-theory-ui/src/common/auth/FormLoginEmail/index.jsx
FN:6,(anonymous_0)
FN:13,(anonymous_1)
FN:17,(anonymous_2)
FN:25,(anonymous_3)
FN:36,(anonymous_4)
FN:59,(anonymous_5)
FNF:6
FNH:5
FNDA:3,(anonymous_0)
FNDA:2,(anonymous_1)
FNDA:3,(anonymous_2)
FNDA:2,(anonymous_3)
FNDA:0,(anonymous_4)
FNDA:1,(anonymous_5)
DA:6,20
DA:7,3
DA:10,3
DA:11,3
DA:13,3
DA:14,2
DA:17,3
DA:18,3
DA:21,3
DA:26,2
DA:27,2
DA:36,0
DA:60,1
LF:13
LH:12
BRDA:8,0,0,0
BRDA:8,0,1,3
BRF:2
BRH:1
end_of_record
TN:
SF:/Users/aronprice/Dev/pay-theory/pay-theory-ui/src/common/auth/LogoHeader/index.jsx
FN:3,(anonymous_0)
FNF:1
FNH:1
FNDA:2,(anonymous_0)
DA:3,21
DA:4,2
LF:2
LH:2
BRF:0
BRH:0
end_of_record
TN:
SF:/Users/aronprice/Dev/pay-theory/pay-theory-ui/src/constants/payment-item-types.js
FNF:0
FNH:0
DA:1,0
DA:2,0
DA:3,0
DA:4,0
LF:4
LH:0
BRF:0
BRH:0
end_of_record
TN:
SF:/Users/aronprice/Dev/pay-theory/pay-theory-ui/src/constants/routes.js
FNF:0
FNH:0
DA:2,0
DA:3,0
DA:4,0
DA:5,0
DA:6,0
DA:7,0
DA:8,0
DA:11,0
DA:12,0
DA:13,0
DA:14,0
DA:15,0
DA:16,0
DA:17,0
DA:18,0
DA:19,0
DA:20,0
DA:21,0
DA:22,0
DA:23,0
DA:26,0
DA:27,0
DA:29,0
DA:30,0
DA:31,0
DA:33,0
DA:35,0
DA:36,0
DA:38,0
DA:41,0
DA:42,0
LF:31
LH:0
BRF:0
BRH:0
end_of_record
TN:
SF:/Users/aronprice/Dev/pay-theory/pay-theory-ui/src/documentation/index.js
FNF:0
FNH:0
LF:0
LH:0
BRF:0
BRH:0
end_of_record
TN:
SF:/Users/aronprice/Dev/pay-theory/pay-theory-ui/src/documentation/DocumentationPortal/index.js
FN:10,(anonymous_0)
FN:25,(anonymous_1)
FN:26,(anonymous_2)
FN:31,(anonymous_3)
FNF:4
FNH:0
FNDA:0,(anonymous_0)
FNDA:0,(anonymous_1)
FNDA:0,(anonymous_2)
FNDA:0,(anonymous_3)
DA:10,0
DA:11,0
DA:18,0
DA:20,0
DA:21,0
DA:23,0
DA:25,0
DA:26,0
DA:27,0
DA:31,0
DA:32,0
DA:33,0
DA:37,0
DA:59,0
LF:14
LH:0
BRDA:32,0,0,0
BRDA:32,0,1,0
BRF:2
BRH:0
end_of_record
TN:
SF:/Users/aronprice/Dev/pay-theory/pay-theory-ui/src/hooks/index.js
FNF:0
FNH:0
LF:0
LH:0
BRF:0
BRH:0
end_of_record
TN:
SF:/Users/aronprice/Dev/pay-theory/pay-theory-ui/src/hooks/context/account.js
FNF:0
FNH:0
DA:3,31
DA:5,31
DA:6,31
LF:3
LH:3
BRF:0
BRH:0
end_of_record
TN:
SF:/Users/aronprice/Dev/pay-theory/pay-theory-ui/src/hooks/context/accounts.js
FNF:0
FNH:0
DA:3,31
DA:5,31
DA:6,31
LF:3
LH:3
BRF:0
BRH:0
end_of_record
TN:
SF:/Users/aronprice/Dev/pay-theory/pay-theory-ui/src/hooks/context/checkout.js
FNF:0
FNH:0
DA:3,31
DA:5,31
DA:6,31
LF:3
LH:3
BRF:0
BRH:0
end_of_record
TN:
SF:/Users/aronprice/Dev/pay-theory/pay-theory-ui/src/hooks/context/district.js
FNF:0
FNH:0
DA:3,31
DA:5,31
DA:6,31
LF:3
LH:3
BRF:0
BRH:0
end_of_record
TN:
SF:/Users/aronprice/Dev/pay-theory/pay-theory-ui/src/hooks/context/districts.js
FNF:0
FNH:0
DA:3,31
DA:5,31
DA:6,31
LF:3
LH:3
BRF:0
BRH:0
end_of_record
TN:
SF:/Users/aronprice/Dev/pay-theory/pay-theory-ui/src/hooks/context/index.js
FNF:0
FNH:0
LF:0
LH:0
BRF:0
BRH:0
end_of_record
TN:
SF:/Users/aronprice/Dev/pay-theory/pay-theory-ui/src/hooks/context/member.js
FNF:0
FNH:0
DA:3,31
DA:5,31
DA:6,31
LF:3
LH:3
BRF:0
BRH:0
end_of_record
TN:
SF:/Users/aronprice/Dev/pay-theory/pay-theory-ui/src/hooks/context/menu.js
FNF:0
FNH:0
DA:3,31
DA:5,31
DA:6,31
LF:3
LH:3
BRF:0
BRH:0
end_of_record
TN:
SF:/Users/aronprice/Dev/pay-theory/pay-theory-ui/src/hooks/context/page.js
FNF:0
FNH:0
DA:3,31
DA:5,31
DA:6,31
LF:3
LH:3
BRF:0
BRH:0
end_of_record
TN:
SF:/Users/aronprice/Dev/pay-theory/pay-theory-ui/src/hooks/context/parent.js
FNF:0
FNH:0
DA:3,31
DA:5,31
DA:6,31
LF:3
LH:3
BRF:0
BRH:0
end_of_record
TN:
SF:/Users/aronprice/Dev/pay-theory/pay-theory-ui/src/hooks/context/partner.js
FNF:0
FNH:0
DA:3,31
DA:5,31
DA:6,31
LF:3
LH:3
BRF:0
BRH:0
end_of_record
TN:
SF:/Users/aronprice/Dev/pay-theory/pay-theory-ui/src/hooks/context/partners.js
FNF:0
FNH:0
DA:3,31
DA:5,31
DA:6,31
LF:3
LH:3
BRF:0
BRH:0
end_of_record
TN:
SF:/Users/aronprice/Dev/pay-theory/pay-theory-ui/src/hooks/context/payment-item.js
FNF:0
FNH:0
DA:3,31
DA:5,31
DA:6,31
LF:3
LH:3
BRF:0
BRH:0
end_of_record
TN:
SF:/Users/aronprice/Dev/pay-theory/pay-theory-ui/src/hooks/context/payment-items.js
FNF:0
FNH:0
DA:3,31
DA:5,31
DA:6,31
LF:3
LH:3
BRF:0
BRH:0
end_of_record
TN:
SF:/Users/aronprice/Dev/pay-theory/pay-theory-ui/src/hooks/context/payment.js
FNF:0
FNH:0
DA:3,31
DA:5,31
DA:6,31
LF:3
LH:3
BRF:0
BRH:0
end_of_record
TN:
SF:/Users/aronprice/Dev/pay-theory/pay-theory-ui/src/hooks/context/receipt-review.js
FNF:0
FNH:0
DA:3,31
DA:5,31
DA:6,31
LF:3
LH:3
BRF:0
BRH:0
end_of_record
TN:
SF:/Users/aronprice/Dev/pay-theory/pay-theory-ui/src/hooks/context/receipts.js
FNF:0
FNH:0
DA:3,31
DA:5,31
DA:6,31
LF:3
LH:3
BRF:0
BRH:0
end_of_record
TN:
SF:/Users/aronprice/Dev/pay-theory/pay-theory-ui/src/hooks/context/role.js
FNF:0
FNH:0
DA:3,31
DA:5,31
DA:6,31
LF:3
LH:3
BRF:0
BRH:0
end_of_record
TN:
SF:/Users/aronprice/Dev/pay-theory/pay-theory-ui/src/hooks/context/roles.js
FNF:0
FNH:0
DA:3,31
DA:5,31
DA:6,31
LF:3
LH:3
BRF:0
BRH:0
end_of_record
TN:
SF:/Users/aronprice/Dev/pay-theory/pay-theory-ui/src/hooks/external/auth0.js
FN:6,(anonymous_0)
FN:10,(anonymous_1)
FN:14,(anonymous_2)
FN:17,(anonymous_3)
FN:21,(anonymous_4)
FN:29,(anonymous_5)
FN:40,(anonymous_6)
FN:51,(anonymous_7)
FN:52,(anonymous_8)
FN:81,(anonymous_9)
FN:95,(anonymous_10)
FN:112,(anonymous_11)
FN:113,(anonymous_12)
FN:115,(anonymous_13)
FN:116,(anonymous_14)
FN:118,(anonymous_15)
FNF:16
FNH:0
FNDA:0,(anonymous_0)
FNDA:0,(anonymous_1)
FNDA:0,(anonymous_2)
FNDA:0,(anonymous_3)
FNDA:0,(anonymous_4)
FNDA:0,(anonymous_5)
FNDA:0,(anonymous_6)
FNDA:0,(anonymous_7)
FNDA:0,(anonymous_8)
FNDA:0,(anonymous_9)
FNDA:0,(anonymous_10)
FNDA:0,(anonymous_11)
FNDA:0,(anonymous_12)
FNDA:0,(anonymous_13)
FNDA:0,(anonymous_14)
FNDA:0,(anonymous_15)
DA:6,0
DA:7,0
DA:9,0
DA:10,0
DA:14,0
DA:15,0
DA:17,0
DA:18,0
DA:19,0
DA:21,0
DA:22,0
DA:26,0
DA:29,0
DA:30,0
DA:32,0
DA:35,0
DA:40,0
DA:45,0
DA:46,0
DA:47,0
DA:48,0
DA:49,0
DA:51,0
DA:52,0
DA:53,0
DA:54,0
DA:56,0
DA:62,0
DA:63,0
DA:66,0
DA:68,0
DA:70,0
DA:71,0
DA:72,0
DA:75,0
DA:77,0
DA:81,0
DA:82,0
DA:83,0
DA:84,0
DA:86,0
DA:88,0
DA:90,0
DA:91,0
DA:92,0
DA:95,0
DA:96,0
DA:97,0
DA:98,0
DA:99,0
DA:100,0
DA:101,0
DA:103,0
DA:112,0
DA:114,0
DA:115,0
DA:117,0
DA:118,0
DA:126,0
LF:59
LH:0
BRDA:18,0,0,0
BRDA:18,0,1,0
BRDA:18,1,0,0
BRDA:18,1,1,0
BRDA:30,2,0,0
BRDA:30,2,1,0
BRDA:42,3,0,0
BRDA:56,4,0,0
BRDA:56,4,1,0
BRDA:57,5,0,0
BRDA:57,5,1,0
BRDA:70,6,0,0
BRDA:70,6,1,0
BRDA:81,7,0,0
BRF:14
BRH:0
end_of_record
TN:
SF:/Users/aronprice/Dev/pay-theory/pay-theory-ui/src/test-data/index.js
FNF:0
FNH:0
DA:2,28
DA:26,28
DA:50,28
DA:151,28
DA:156,28
DA:191,28
DA:198,28
DA:206,28
DA:215,28
DA:243,28
DA:297,28
DA:310,28
DA:1335,28
DA:1462,28
DA:1492,28
DA:1521,28
DA:1531,28
DA:1557,28
DA:1559,28
DA:1561,28
DA:1604,28
DA:1608,28
DA:1612,28
DA:1674,28
DA:1737,28
DA:1739,28
DA:1747,28
DA:1755,28
DA:1763,28
DA:1771,28
DA:1779,28
DA:1788,28
DA:1789,28
DA:1790,28
DA:1792,28
LF:35
LH:35
BRF:0
BRH:0
end_of_record
